TN:
SF:/home/runner/work/raccoon/raccoon/src/auxkernels/ConditionalBoundsAux.C
FN:6,_ZN20ConditionalBoundsAux11validParamsEv
FN:21,_ZN20ConditionalBoundsAuxC2ERK15InputParameters
FN:29,_ZN20ConditionalBoundsAux8getBoundEv
FNDA:148,_ZN20ConditionalBoundsAux11validParamsEv
FNDA:6,_ZN20ConditionalBoundsAuxC2ERK15InputParameters
FNDA:278159,_ZN20ConditionalBoundsAux8getBoundEv
FNF:3
FNH:3
DA:6,148
DA:8,148
DA:9,148
DA:13,296
DA:14,296
DA:16,296
DA:17,148
DA:18,148
DA:19,0
DA:21,6
DA:23,6
DA:24,18
DA:26,6
DA:29,278159
DA:32,278159
DA:33,278159
DA:35,0
DA:36,278159
DA:39,272747
LF:19
LH:17
end_of_record
TN:
SF:/home/runner/work/raccoon/raccoon/src/base/raccoonApp.C
FN:14,_ZN10raccoonApp11validParamsEv
FN:23,_ZN10raccoonAppC2ERK15InputParameters
FN:28,_ZN10raccoonAppD2Ev
FN:28,_ZN10raccoonAppD0Ev
FN:31,_ZN10raccoonApp11registerAllER7FactoryR13ActionFactoryR6Syntax
FN:39,_ZN10raccoonApp12registerAppsEv
FN:45,_ZNK10raccoonApp20getInstallableInputsB5cxx11Ev
FN:54,raccoonApp__registerAll
FN:59,raccoonApp__registerApps
FNDA:0,_ZN10raccoonAppD2Ev
FNDA:0,_ZN10raccoonAppC2ERK15InputParameters
FNDA:78,_ZN10raccoonApp11validParamsEv
FNDA:78,_ZN10raccoonApp11registerAllER7FactoryR13ActionFactoryR6Syntax
FNDA:0,raccoonApp__registerAll
FNDA:0,_ZN10raccoonAppD0Ev
FNDA:0,_ZNK10raccoonApp20getInstallableInputsB5cxx11Ev
FNDA:0,raccoonApp__registerApps
FNDA:50,_ZN10raccoonApp12registerAppsEv
FNF:9
FNH:3
DA:14,78
DA:16,78
DA:17,78
DA:18,78
DA:19,78
DA:20,78
DA:21,0
DA:23,0
DA:25,0
DA:26,0
DA:28,0
DA:31,78
DA:33,78
DA:34,78
DA:35,78
DA:36,78
DA:39,50
DA:41,50
DA:42,50
DA:45,0
DA:47,0
DA:54,0
DA:56,0
DA:57,0
DA:59,0
DA:61,0
DA:62,0
LF:27
LH:14
end_of_record
TN:
SF:/home/runner/work/raccoon/raccoon/src/bcs/LoadingUnloadingDirichletBC.C
FN:11,_ZN27LoadingUnloadingDirichletBC11validParamsEv
FN:36,_ZN27LoadingUnloadingDirichletBCC2ERK15InputParameters
FN:49,_ZN27LoadingUnloadingDirichletBC13timestepSetupEv
FN:90,_ZN27LoadingUnloadingDirichletBC14computeQpValueEv
FNDA:136,_ZN27LoadingUnloadingDirichletBC11validParamsEv
FNDA:0,_ZN27LoadingUnloadingDirichletBC14computeQpValueEv
FNDA:0,_ZN27LoadingUnloadingDirichletBC13timestepSetupEv
FNDA:0,_ZN27LoadingUnloadingDirichletBCC2ERK15InputParameters
FNF:4
FNH:1
DA:11,136
DA:13,136
DA:14,136
DA:20,272
DA:24,272
DA:26,272
DA:27,272
DA:29,272
DA:33,136
DA:34,0
DA:36,0
DA:38,0
DA:39,0
DA:40,0
DA:41,0
DA:42,0
DA:43,0
DA:44,0
DA:46,0
DA:49,0
DA:51,0
DA:52,0
DA:53,0
DA:55,0
DA:56,0
DA:57,0
DA:60,0
DA:62,0
DA:63,0
DA:65,0
DA:66,0
DA:67,0
DA:68,0
DA:69,0
DA:70,0
DA:71,0
DA:76,0
DA:79,0
DA:80,0
DA:81,0
DA:83,0
DA:84,0
DA:86,0
DA:87,0
DA:90,0
DA:92,0
LF:46
LH:9
end_of_record
TN:
SF:/home/runner/work/raccoon/raccoon/src/bcs/ModeISurfingDirichletBC.C
FN:10,_ZN23ModeISurfingDirichletBC11validParamsEv
FN:30,_ZN23ModeISurfingDirichletBCC2ERK15InputParameters
FN:42,_ZN23ModeISurfingDirichletBC17computeQpResidualEv
FNDA:0,_ZN23ModeISurfingDirichletBCC2ERK15InputParameters
FNDA:0,_ZN23ModeISurfingDirichletBC17computeQpResidualEv
FNDA:136,_ZN23ModeISurfingDirichletBC11validParamsEv
FNF:3
FNH:1
DA:10,136
DA:12,136
DA:13,136
DA:18,136
DA:19,136
DA:20,136
DA:21,136
DA:23,272
DA:24,272
DA:25,272
DA:26,272
DA:27,136
DA:28,0
DA:30,0
DA:32,0
DA:33,0
DA:34,0
DA:35,0
DA:36,0
DA:37,0
DA:39,0
DA:42,0
DA:44,0
DA:45,0
DA:46,0
DA:48,0
DA:49,0
DA:50,0
DA:51,0
DA:52,0
DA:53,0
DA:54,0
DA:55,0
DA:56,0
DA:58,0
DA:59,0
DA:60,0
DA:61,0
DA:62,0
DA:63,0
LF:40
LH:12
end_of_record
TN:
SF:/home/runner/work/raccoon/raccoon/src/ics/BrittleDamageIC.C
FN:10,_ZN15BrittleDamageIC11validParamsEv
FN:22,_ZN15BrittleDamageICC2ERK15InputParameters
FN:28,_ZN15BrittleDamageIC5valueERKN7libMesh5PointE
FNDA:0,_ZN15BrittleDamageIC5valueERKN7libMesh5PointE
FNDA:136,_ZN15BrittleDamageIC11validParamsEv
FNDA:0,_ZN15BrittleDamageICC2ERK15InputParameters
FNF:3
FNH:1
DA:10,136
DA:12,136
DA:13,136
DA:17,272
DA:18,272
DA:19,136
DA:20,0
DA:22,0
DA:23,0
DA:25,0
DA:28,0
DA:30,0
DA:32,0
DA:33,0
DA:34,0
DA:38,0
LF:16
LH:6
end_of_record
TN:
SF:/home/runner/work/raccoon/raccoon/src/ics/CohesiveDamageIC.C
FN:10,_ZN16CohesiveDamageIC11validParamsEv
FN:20,_ZN16CohesiveDamageICC2ERK15InputParameters
FN:23,_ZN16CohesiveDamageIC5valueERKN7libMesh5PointE
FNDA:136,_ZN16CohesiveDamageIC11validParamsEv
FNDA:0,_ZN16CohesiveDamageICC2ERK15InputParameters
FNDA:0,_ZN16CohesiveDamageIC5valueERKN7libMesh5PointE
FNF:3
FNH:1
DA:10,136
DA:12,136
DA:13,136
DA:17,136
DA:18,0
DA:20,0
DA:23,0
DA:25,0
DA:27,0
DA:28,0
DA:29,0
DA:33,0
LF:12
LH:4
end_of_record
TN:
SF:/home/runner/work/raccoon/raccoon/src/ics/DamageICBase.C
FN:8,_ZN12DamageICBase11validParamsEv
FN:22,_ZN12DamageICBaseC2ERK15InputParameters
FN:41,_ZN12DamageICBase4distERKN7libMesh5PointE
FNDA:0,_ZN12DamageICBase4distERKN7libMesh5PointE
FNDA:272,_ZN12DamageICBase11validParamsEv
FNDA:0,_ZN12DamageICBaseC2ERK15InputParameters
FNF:3
FNH:1
DA:8,272
DA:10,272
DA:11,544
DA:12,544
DA:13,544
DA:14,544
DA:15,544
DA:16,544
DA:17,544
DA:18,544
DA:19,272
DA:20,0
DA:22,0
DA:24,0
DA:25,0
DA:26,0
DA:27,0
DA:28,0
DA:29,0
DA:30,0
DA:31,0
DA:38,0
DA:41,0
DA:44,0
DA:49,0
DA:54,0
DA:55,0
DA:56,0
DA:63,0
DA:64,0
DA:65,0
DA:67,0
DA:68,0
DA:72,0
DA:73,0
DA:79,0
DA:83,0
LF:37
LH:11
end_of_record
TN:
SF:/home/runner/work/raccoon/raccoon/src/interfaces/BaseNameInterface.C
FN:8,_ZN17BaseNameInterface11validParamsEv
FN:18,_ZN17BaseNameInterfaceC2ERK15InputParameters
FN:25,_ZNK17BaseNameInterface15prependBaseNameE20MaterialPropertyNameb
FN:33,_ZNK17BaseNameInterface15prependBaseNameERKSt6vectorI20MaterialPropertyNameSaIS1_EE
FNDA:518,_ZN17BaseNameInterfaceC2ERK15InputParameters
FNDA:2028,_ZNK17BaseNameInterface15prependBaseNameE20MaterialPropertyNameb
FNDA:57,_ZNK17BaseNameInterface15prependBaseNameERKSt6vectorI20MaterialPropertyNameSaIS1_EE
FNDA:4934,_ZN17BaseNameInterface11validParamsEv
FNF:4
FNH:4
DA:8,4934
DA:10,4934
DA:11,9868
DA:15,4934
DA:16,0
DA:18,518
DA:19,518
DA:20,518
DA:22,518
DA:25,2028
DA:27,2028
DA:28,2304
DA:29,1752
DA:33,57
DA:36,60
DA:37,6
DA:38,57
DA:39,0
LF:18
LH:16
end_of_record
TN:
SF:/home/runner/work/raccoon/raccoon/src/kernels/ADCoefMatDiffusion.C
FN:10,_ZN18ADCoefMatDiffusion11validParamsEv
FN:22,_ZN18ADCoefMatDiffusionC2ERK15InputParameters
FN:34,_ZN18ADCoefMatDiffusion17computeQpResidualEv
FNDA:136,_ZN18ADCoefMatDiffusion11validParamsEv
FNDA:0,_ZN18ADCoefMatDiffusion17computeQpResidualEv
FNDA:0,_ZN18ADCoefMatDiffusionC2ERK15InputParameters
FNF:3
FNH:1
DA:10,136
DA:12,136
DA:13,136
DA:16,272
DA:17,272
DA:19,136
DA:20,0
DA:22,0
DA:24,0
DA:25,0
DA:26,0
DA:28,0
DA:29,0
DA:30,0
DA:31,0
DA:34,0
DA:36,0
DA:37,0
DA:38,0
DA:40,0
DA:42,0
LF:21
LH:6
end_of_record
TN:
SF:/home/runner/work/raccoon/raccoon/src/kernels/ADCoefMatReaction.C
FN:10,_ZN17ADCoefMatReaction11validParamsEv
FN:22,_ZN17ADCoefMatReactionC2ERK15InputParameters
FN:34,_ZN17ADCoefMatReaction20precomputeQpResidualEv
FNDA:2,_ZN17ADCoefMatReactionC2ERK15InputParameters
FNDA:5600000,_ZN17ADCoefMatReaction20precomputeQpResidualEv
FNDA:140,_ZN17ADCoefMatReaction11validParamsEv
FNF:3
FNH:3
DA:10,140
DA:12,140
DA:13,140
DA:16,280
DA:17,280
DA:19,140
DA:20,0
DA:22,2
DA:24,2
DA:25,4
DA:26,4
DA:28,2
DA:29,4
DA:30,2
DA:31,2
DA:34,5600000
DA:36,5600000
DA:37,11200000
DA:38,5600000
DA:39,11200000
LF:20
LH:19
end_of_record
TN:
SF:/home/runner/work/raccoon/raccoon/src/kernels/ADCoefMatSource.C
FN:10,_ZN15ADCoefMatSource11validParamsEv
FN:21,_ZN15ADCoefMatSourceC2ERK15InputParameters
FN:33,_ZN15ADCoefMatSource20precomputeQpResidualEv
FNDA:8,_ZN15ADCoefMatSourceC2ERK15InputParameters
FNDA:152,_ZN15ADCoefMatSource11validParamsEv
FNDA:1059144,_ZN15ADCoefMatSource20precomputeQpResidualEv
FNF:3
FNH:3
DA:10,152
DA:12,152
DA:13,152
DA:15,304
DA:16,304
DA:18,152
DA:19,0
DA:21,8
DA:23,8
DA:24,16
DA:25,16
DA:27,8
DA:28,16
DA:29,8
DA:30,8
DA:33,1059144
DA:35,1059144
DA:36,2118288
DA:37,1059144
DA:39,1059144
LF:20
LH:19
end_of_record
TN:
SF:/home/runner/work/raccoon/raccoon/src/kernels/ADPFFDiffusion.C
FN:10,_ZN14ADPFFDiffusion11validParamsEv
FN:26,_ZN14ADPFFDiffusionC2ERK15InputParameters
FN:36,_ZN14ADPFFDiffusion17computeQpResidualEv
FNDA:26570296,_ZN14ADPFFDiffusion17computeQpResidualEv
FNDA:29,_ZN14ADPFFDiffusionC2ERK15InputParameters
FNDA:194,_ZN14ADPFFDiffusion11validParamsEv
FNF:3
FNH:3
DA:10,194
DA:12,194
DA:13,194
DA:14,194
DA:17,388
DA:19,388
DA:21,388
DA:23,194
DA:24,0
DA:26,29
DA:29,87
DA:30,87
DA:31,87
DA:33,29
DA:36,26570296
DA:38,26570296
DA:40,53140592
LF:17
LH:16
end_of_record
TN:
SF:/home/runner/work/raccoon/raccoon/src/kernels/ADPFFPressure.C
FN:10,_ZN13ADPFFPressure11validParamsEv
FN:28,_ZN13ADPFFPressureC2ERK15InputParameters
FN:47,_ZN13ADPFFPressure20precomputeQpResidualEv
FNDA:140,_ZN13ADPFFPressure11validParamsEv
FNDA:51200,_ZN13ADPFFPressure20precomputeQpResidualEv
FNDA:2,_ZN13ADPFFPressureC2ERK15InputParameters
FNF:3
FNH:3
DA:10,140
DA:12,140
DA:13,140
DA:14,140
DA:18,280
DA:19,280
DA:22,280
DA:25,140
DA:26,0
DA:28,2
DA:32,4
DA:33,2
DA:34,2
DA:35,4
DA:36,4
DA:39,6
DA:40,4
DA:42,4
DA:43,2
DA:44,2
DA:47,51200
DA:49,51200
DA:50,102400
LF:23
LH:22
end_of_record
TN:
SF:/home/runner/work/raccoon/raccoon/src/kernels/ADPFFSource.C
FN:10,_ZN11ADPFFSource11validParamsEv
FN:21,_ZN11ADPFFSourceC2ERK15InputParameters
FN:30,_ZN11ADPFFSource20precomputeQpResidualEv
FNDA:29,_ZN11ADPFFSourceC2ERK15InputParameters
FNDA:6657020,_ZN11ADPFFSource20precomputeQpResidualEv
FNDA:194,_ZN11ADPFFSource11validParamsEv
FNF:3
FNH:3
DA:10,194
DA:12,194
DA:13,194
DA:15,388
DA:18,194
DA:19,0
DA:21,29
DA:24,58
DA:25,87
DA:27,29
DA:30,6657020
DA:32,6657020
LF:12
LH:11
end_of_record
TN:
SF:/home/runner/work/raccoon/raccoon/src/kernels/ADPressurizedCrack.C
FN:10,_ZN18ADPressurizedCrack11validParamsEv
FN:29,_ZN18ADPressurizedCrackC2ERK15InputParameters
FN:42,_ZN18ADPressurizedCrack20precomputeQpResidualEv
FNDA:144,_ZN18ADPressurizedCrack11validParamsEv
FNDA:337600,_ZN18ADPressurizedCrack20precomputeQpResidualEv
FNDA:4,_ZN18ADPressurizedCrackC2ERK15InputParameters
FNF:3
FNH:3
DA:10,144
DA:12,144
DA:13,144
DA:14,144
DA:17,288
DA:18,288
DA:19,288
DA:23,288
DA:26,144
DA:27,0
DA:29,4
DA:33,4
DA:34,8
DA:35,4
DA:36,8
DA:37,12
DA:39,4
DA:42,337600
DA:44,337600
LF:19
LH:18
end_of_record
TN:
SF:/home/runner/work/raccoon/raccoon/src/kernels/PFFSource.C
FN:10,_ZN9PFFSource11validParamsEv
FN:21,_ZN9PFFSourceC2ERK15InputParameters
FN:30,_ZN9PFFSource20precomputeQpResidualEv
FN:36,_ZN9PFFSource20precomputeQpJacobianEv
FNDA:0,_ZN9PFFSource20precomputeQpResidualEv
FNDA:136,_ZN9PFFSource11validParamsEv
FNDA:0,_ZN9PFFSourceC2ERK15InputParameters
FNDA:0,_ZN9PFFSource20precomputeQpJacobianEv
FNF:4
FNH:1
DA:10,136
DA:12,136
DA:13,136
DA:15,272
DA:18,136
DA:19,0
DA:21,0
DA:23,0
DA:24,0
DA:25,0
DA:27,0
DA:30,0
DA:32,0
DA:36,0
DA:38,0
LF:15
LH:5
end_of_record
TN:
SF:/home/runner/work/raccoon/raccoon/src/main.C
FN:10,main
FNDA:50,main
FNF:1
FNH:1
DA:10,50
DA:12,50
LF:2
LH:2
end_of_record
TN:
SF:/home/runner/work/raccoon/raccoon/src/materials/ArrheniusLaw.C
FN:10,_ZN12ArrheniusLaw11validParamsEv
FN:27,_ZN12ArrheniusLawC2ERK15InputParameters
FN:42,_ZN12ArrheniusLaw19computeQpPropertiesEv
FNDA:152,_ZN12ArrheniusLaw11validParamsEv
FNDA:12,_ZN12ArrheniusLawC2ERK15InputParameters
FNDA:29960,_ZN12ArrheniusLaw19computeQpPropertiesEv
FNF:3
FNH:3
DA:10,152
DA:12,152
DA:13,152
DA:14,152
DA:18,304
DA:20,304
DA:21,304
DA:22,304
DA:24,152
DA:25,0
DA:27,12
DA:31,12
DA:32,12
DA:33,12
DA:34,72
DA:35,24
DA:36,24
DA:37,24
DA:39,24
DA:42,29960
DA:45,59920
DA:46,59920
DA:47,29960
LF:23
LH:22
end_of_record
TN:
SF:/home/runner/work/raccoon/raccoon/src/materials/ComputeEigenstrainFromFunctionInitialStress.C
FN:10,_ZN43ComputeEigenstrainFromFunctionInitialStress11validParamsEv
FN:32,_ZN43ComputeEigenstrainFromFunctionInitialStressC2ERK15InputParameters
FN:58,_ZN43ComputeEigenstrainFromFunctionInitialStress24initQpStatefulPropertiesEv
FN:64,_ZN43ComputeEigenstrainFromFunctionInitialStress19computeQpPropertiesEv
FNDA:5960000,_ZN43ComputeEigenstrainFromFunctionInitialStress19computeQpPropertiesEv
FNDA:3,_ZN43ComputeEigenstrainFromFunctionInitialStressC2ERK15InputParameters
FNDA:140,_ZN43ComputeEigenstrainFromFunctionInitialStress11validParamsEv
FNDA:0,_ZN43ComputeEigenstrainFromFunctionInitialStress24initQpStatefulPropertiesEv
FNF:4
FNH:3
DA:10,140
DA:12,140
DA:13,140
DA:14,140
DA:20,280
DA:21,280
DA:22,280
DA:27,280
DA:29,140
DA:30,0
DA:32,3
DA:33,3
DA:36,9
DA:37,6
DA:38,3
DA:39,6
DA:42,6
DA:45,3
DA:46,0
DA:48,0
DA:49,0
DA:50,0
DA:52,3
DA:53,12
DA:54,9
DA:55,3
DA:58,0
DA:60,0
DA:61,0
DA:64,5960000
DA:67,5960000
DA:68,23840000
DA:69,17880000
DA:70,5960000
DA:71,5960000
DA:73,5960000
DA:74,5960000
DA:75,17880000
DA:76,5960000
LF:39
LH:31
end_of_record
TN:
SF:/home/runner/work/raccoon/raccoon/src/materials/ComputeThermalExpansionEigenDeformationGradient.C
FN:10,_ZN47ComputeThermalExpansionEigenDeformationGradient11validParamsEv
FN:32,_ZN47ComputeThermalExpansionEigenDeformationGradientC2ERK15InputParameters
FN:44,_ZN47ComputeThermalExpansionEigenDeformationGradient24initQpStatefulPropertiesEv
FN:50,_ZN47ComputeThermalExpansionEigenDeformationGradient19computeQpPropertiesEv
FNDA:140,_ZN47ComputeThermalExpansionEigenDeformationGradient11validParamsEv
FNDA:0,_ZN47ComputeThermalExpansionEigenDeformationGradient24initQpStatefulPropertiesEv
FNDA:3,_ZN47ComputeThermalExpansionEigenDeformationGradientC2ERK15InputParameters
FNDA:424,_ZN47ComputeThermalExpansionEigenDeformationGradient19computeQpPropertiesEv
FNF:4
FNH:3
DA:10,140
DA:12,140
DA:13,140
DA:14,140
DA:19,280
DA:21,280
DA:24,280
DA:25,280
DA:28,140
DA:29,140
DA:30,0
DA:32,3
DA:33,3
DA:36,3
DA:37,3
DA:38,3
DA:39,6
DA:41,3
DA:44,0
DA:46,0
DA:47,0
DA:50,424
DA:53,424
DA:55,424
DA:56,1272
DA:57,424
LF:26
LH:22
end_of_record
TN:
SF:/home/runner/work/raccoon/raccoon/src/materials/CrackSurfaceDensity.C
FN:10,_ZN19CrackSurfaceDensity11validParamsEv
FN:32,_ZN19CrackSurfaceDensityC2ERK15InputParameters
FN:44,_ZN19CrackSurfaceDensity19computeQpPropertiesEv
FNDA:136,_ZN19CrackSurfaceDensity11validParamsEv
FNDA:0,_ZN19CrackSurfaceDensityC2ERK15InputParameters
FNDA:0,_ZN19CrackSurfaceDensity19computeQpPropertiesEv
FNF:3
FNH:1
DA:10,136
DA:12,136
DA:13,136
DA:14,136
DA:19,272
DA:20,272
DA:22,272
DA:24,272
DA:26,272
DA:29,136
DA:30,0
DA:32,0
DA:35,0
DA:36,0
DA:37,0
DA:38,0
DA:39,0
DA:41,0
DA:44,0
DA:46,0
DA:47,0
DA:48,0
LF:22
LH:10
end_of_record
TN:
SF:/home/runner/work/raccoon/raccoon/src/materials/PressureDensity.C
FN:10,_ZN15PressureDensity11validParamsEv
FN:29,_ZN15PressureDensityC2ERK15InputParameters
FN:42,_ZN15PressureDensity19computeQpPropertiesEv
FNDA:238400,_ZN15PressureDensity19computeQpPropertiesEv
FNDA:144,_ZN15PressureDensity11validParamsEv
FNDA:6,_ZN15PressureDensityC2ERK15InputParameters
FNF:3
FNH:3
DA:10,144
DA:12,144
DA:13,144
DA:14,144
DA:17,288
DA:20,288
DA:21,288
DA:22,288
DA:26,144
DA:27,0
DA:29,6
DA:33,6
DA:34,6
DA:35,12
DA:36,12
DA:37,18
DA:39,6
DA:42,238400
DA:44,476800
DA:45,238400
LF:20
LH:19
end_of_record
TN:
SF:/home/runner/work/raccoon/raccoon/src/materials/ThinFilmInterfaceEnergyDensity.C
FN:10,_ZN30ThinFilmInterfaceEnergyDensity11validParamsEv
FN:33,_ZN30ThinFilmInterfaceEnergyDensityC2ERK15InputParameters
FN:63,_ZN30ThinFilmInterfaceEnergyDensity19computeQpPropertiesEv
FNDA:3,_ZN30ThinFilmInterfaceEnergyDensityC2ERK15InputParameters
FNDA:5960000,_ZN30ThinFilmInterfaceEnergyDensity19computeQpPropertiesEv
FNDA:140,_ZN30ThinFilmInterfaceEnergyDensity11validParamsEv
FNF:3
FNH:3
DA:10,140
DA:12,140
DA:13,140
DA:14,140
DA:18,280
DA:21,280
DA:25,280
DA:26,280
DA:28,280
DA:30,140
DA:31,0
DA:33,3
DA:37,6
DA:38,3
DA:39,3
DA:41,6
DA:44,3
DA:45,3
DA:46,3
DA:47,6
DA:50,3
DA:51,3
DA:52,12
DA:54,9
DA:55,6
DA:58,6
DA:59,3
DA:60,9
DA:63,5960000
DA:65,5960000
DA:66,11920000
DA:67,11920000
DA:68,11920000
DA:69,5960000
LF:34
LH:33
end_of_record
TN:
SF:/home/runner/work/raccoon/raccoon/src/materials/hardening_models/ArrheniusLawHardening.C
FN:10,_ZN21ArrheniusLawHardening11validParamsEv
FN:41,_ZN21ArrheniusLawHardeningC2ERK15InputParameters
FN:73,_ZN21ArrheniusLawHardening13plasticEnergyERKN11MetaPhysicL10DualNumberIdNS0_35SemiDynamicSparseNumberArrayGenericIdmNS0_8NWrapperILm64EEENS0_19DynamicArrayWrapperISt5arraydLm64EEEEELb1EEEj
FN:95,_ZN21ArrheniusLawHardening18plasticDissipationERKN11MetaPhysicL10DualNumberIdNS0_35SemiDynamicSparseNumberArrayGenericIdmNS0_8NWrapperILm64EEENS0_19DynamicArrayWrapperISt5arraydLm64EEEEELb1EEESB_j
FN:115,_ZN21ArrheniusLawHardening16thermalConjugateERKN11MetaPhysicL10DualNumberIdNS0_35SemiDynamicSparseNumberArrayGenericIdmNS0_8NWrapperILm64EEENS0_19DynamicArrayWrapperISt5arraydLm64EEEEELb1EEE
FNDA:152,_ZN21ArrheniusLawHardening11validParamsEv
FNDA:29912,_ZN21ArrheniusLawHardening16thermalConjugateERKN11MetaPhysicL10DualNumberIdNS0_35SemiDynamicSparseNumberArrayGenericIdmNS0_8NWrapperILm64EEENS0_19DynamicArrayWrapperISt5arraydLm64EEEEELb1EEE
FNDA:188846,_ZN21ArrheniusLawHardening18plasticDissipationERKN11MetaPhysicL10DualNumberIdNS0_35SemiDynamicSparseNumberArrayGenericIdmNS0_8NWrapperILm64EEENS0_19DynamicArrayWrapperISt5arraydLm64EEEEELb1EEESB_j
FNDA:12,_ZN21ArrheniusLawHardeningC2ERK15InputParameters
FNDA:158934,_ZN21ArrheniusLawHardening13plasticEnergyERKN11MetaPhysicL10DualNumberIdNS0_35SemiDynamicSparseNumberArrayGenericIdmNS0_8NWrapperILm64EEENS0_19DynamicArrayWrapperISt5arraydLm64EEEEELb1EEEj
FNF:5
FNH:5
DA:10,152
DA:12,152
DA:13,152
DA:15,304
DA:17,304
DA:19,304
DA:22,304
DA:23,304
DA:27,304
DA:28,304
DA:34,304
DA:38,152
DA:39,0
DA:41,12
DA:44,24
DA:45,24
DA:46,12
DA:47,12
DA:48,60
DA:49,24
DA:51,24
DA:54,12
DA:55,12
DA:56,12
DA:57,24
DA:60,12
DA:61,12
DA:62,36
DA:65,24
DA:68,24
DA:70,48
DA:73,158934
DA:75,158934
DA:77,29960
DA:78,89880
DA:79,59920
DA:80,59920
DA:81,29960
DA:84,128974
DA:85,328716
DA:87,46795
DA:88,93590
DA:90,0
DA:95,188846
DA:99,188846
DA:101,119840
DA:104,158886
DA:105,448364
DA:107,46795
DA:108,93590
DA:110,0
DA:115,29912
DA:117,29912
DA:118,59824
LF:54
LH:51
end_of_record
TN:
SF:/home/runner/work/raccoon/raccoon/src/materials/hardening_models/ExponentialHardening.C
FN:10,_ZN20ExponentialHardening11validParamsEv
FN:32,_ZN20ExponentialHardeningC2ERK15InputParameters
FN:56,_ZN20ExponentialHardening13plasticEnergyERKN11MetaPhysicL10DualNumberIdNS0_35SemiDynamicSparseNumberArrayGenericIdmNS0_8NWrapperILm64EEENS0_19DynamicArrayWrapperISt5arraydLm64EEEEELb1EEEj
FNDA:3,_ZN20ExponentialHardeningC2ERK15InputParameters
FNDA:140,_ZN20ExponentialHardening11validParamsEv
FNDA:88510,_ZN20ExponentialHardening13plasticEnergyERKN11MetaPhysicL10DualNumberIdNS0_35SemiDynamicSparseNumberArrayGenericIdmNS0_8NWrapperILm64EEENS0_19DynamicArrayWrapperISt5arraydLm64EEEEELb1EEEj
FNF:3
FNH:3
DA:10,140
DA:12,140
DA:13,140
DA:15,280
DA:16,280
DA:18,280
DA:20,280
DA:22,280
DA:23,280
DA:27,280
DA:29,140
DA:30,0
DA:32,3
DA:35,9
DA:36,9
DA:37,9
DA:38,6
DA:40,6
DA:43,3
DA:44,3
DA:45,3
DA:46,6
DA:49,3
DA:50,3
DA:51,12
DA:53,9
DA:56,88510
DA:59,88510
DA:62,27856
DA:63,55712
DA:64,27856
DA:65,27856
DA:66,27856
DA:67,13928
DA:70,74582
DA:71,177020
DA:72,88510
DA:74,30327
DA:75,30327
DA:76,90981
DA:78,0
LF:41
LH:39
end_of_record
TN:
SF:/home/runner/work/raccoon/raccoon/src/materials/hardening_models/JohnsonCookHardening.C
FN:10,_ZN20JohnsonCookHardening11validParamsEv
FN:44,_ZN20JohnsonCookHardeningC2ERK15InputParameters
FN:75,_ZN20JohnsonCookHardening21temperatureDependenceEv
FN:81,_ZN20JohnsonCookHardening12initialGuessERKN11MetaPhysicL10DualNumberIdNS0_35SemiDynamicSparseNumberArrayGenericIdmNS0_8NWrapperILm64EEENS0_19DynamicArrayWrapperISt5arraydLm64EEEEELb1EEE
FN:93,_ZN20JohnsonCookHardening13plasticEnergyERKN11MetaPhysicL10DualNumberIdNS0_35SemiDynamicSparseNumberArrayGenericIdmNS0_8NWrapperILm64EEENS0_19DynamicArrayWrapperISt5arraydLm64EEEEELb1EEEj
FN:122,_ZN20JohnsonCookHardening18plasticDissipationERKN11MetaPhysicL10DualNumberIdNS0_35SemiDynamicSparseNumberArrayGenericIdmNS0_8NWrapperILm64EEENS0_19DynamicArrayWrapperISt5arraydLm64EEEEELb1EEESB_j
FN:166,_ZN20JohnsonCookHardening16thermalConjugateERKN11MetaPhysicL10DualNumberIdNS0_35SemiDynamicSparseNumberArrayGenericIdmNS0_8NWrapperILm64EEENS0_19DynamicArrayWrapperISt5arraydLm64EEEEELb1EEE
FNDA:230952,_ZN20JohnsonCookHardening18plasticDissipationERKN11MetaPhysicL10DualNumberIdNS0_35SemiDynamicSparseNumberArrayGenericIdmNS0_8NWrapperILm64EEENS0_19DynamicArrayWrapperISt5arraydLm64EEEEELb1EEESB_j
FNDA:220864,_ZN20JohnsonCookHardening13plasticEnergyERKN11MetaPhysicL10DualNumberIdNS0_35SemiDynamicSparseNumberArrayGenericIdmNS0_8NWrapperILm64EEENS0_19DynamicArrayWrapperISt5arraydLm64EEEEELb1EEEj
FNDA:458272,_ZN20JohnsonCookHardening21temperatureDependenceEv
FNDA:10088,_ZN20JohnsonCookHardening16thermalConjugateERKN11MetaPhysicL10DualNumberIdNS0_35SemiDynamicSparseNumberArrayGenericIdmNS0_8NWrapperILm64EEENS0_19DynamicArrayWrapperISt5arraydLm64EEEEELb1EEE
FNDA:3,_ZN20JohnsonCookHardeningC2ERK15InputParameters
FNDA:6456,_ZN20JohnsonCookHardening12initialGuessERKN11MetaPhysicL10DualNumberIdNS0_35SemiDynamicSparseNumberArrayGenericIdmNS0_8NWrapperILm64EEENS0_19DynamicArrayWrapperISt5arraydLm64EEEEELb1EEE
FNDA:140,_ZN20JohnsonCookHardening11validParamsEv
FNF:7
FNH:7
DA:10,140
DA:12,140
DA:13,140
DA:15,280
DA:17,280
DA:18,280
DA:19,280
DA:21,280
DA:23,280
DA:24,280
DA:25,280
DA:30,280
DA:31,280
DA:32,280
DA:33,280
DA:35,280
DA:36,280
DA:40,280
DA:41,140
DA:42,0
DA:44,3
DA:47,6
DA:48,6
DA:49,6
DA:50,6
DA:51,6
DA:52,6
DA:53,3
DA:54,6
DA:55,6
DA:56,6
DA:57,6
DA:58,6
DA:59,6
DA:62,3
DA:63,3
DA:64,3
DA:65,6
DA:68,3
DA:69,3
DA:70,12
DA:72,9
DA:75,458272
DA:77,458272
DA:81,6456
DA:86,12912
DA:87,6456
DA:88,0
DA:89,19368
DA:93,220864
DA:95,220864
DA:98,20208
DA:99,30312
DA:100,20208
DA:101,20208
DA:102,20208
DA:103,10104
DA:106,210760
DA:109,441728
DA:110,220864
DA:112,100328
DA:115,200656
DA:116,200656
DA:118,0
DA:122,230952
DA:129,230952
DA:131,230952
DA:135,40416
DA:136,10104
DA:137,32280
DA:138,6456
DA:141,230952
DA:145,482080
DA:146,120520
DA:147,533920
DA:150,230952
DA:154,300984
DA:155,100328
DA:156,200656
DA:157,401312
DA:160,461904
DA:166,10088
DA:170,40352
DA:171,20176
LF:84
LH:81
end_of_record
TN:
SF:/home/runner/work/raccoon/raccoon/src/materials/hardening_models/LinearHardening.C
FN:11,_ZN15LinearHardening11validParamsEv
FN:30,_ZN15LinearHardeningC2ERK15InputParameters
FN:52,_ZN15LinearHardening13plasticEnergyERKN11MetaPhysicL10DualNumberIdNS0_35SemiDynamicSparseNumberArrayGenericIdmNS0_8NWrapperILm64EEENS0_19DynamicArrayWrapperISt5arraydLm64EEEEELb1EEEj
FNDA:148,_ZN15LinearHardening11validParamsEv
FNDA:9,_ZN15LinearHardeningC2ERK15InputParameters
FNDA:140280,_ZN15LinearHardening13plasticEnergyERKN11MetaPhysicL10DualNumberIdNS0_35SemiDynamicSparseNumberArrayGenericIdmNS0_8NWrapperILm64EEENS0_19DynamicArrayWrapperISt5arraydLm64EEEEELb1EEEj
FNF:3
FNH:3
DA:11,148
DA:13,148
DA:14,148
DA:16,296
DA:18,296
DA:20,296
DA:21,296
DA:25,296
DA:27,148
DA:28,0
DA:30,9
DA:33,27
DA:34,18
DA:36,18
DA:39,9
DA:40,9
DA:41,9
DA:42,18
DA:45,9
DA:46,9
DA:47,36
DA:49,27
DA:52,140280
DA:54,140280
DA:56,85944
DA:57,57296
DA:58,57296
DA:59,28648
DA:62,111632
DA:63,280560
DA:65,41492
DA:66,41492
DA:68,0
LF:33
LH:31
end_of_record
TN:
SF:/home/runner/work/raccoon/raccoon/src/materials/hardening_models/PlasticHardeningModel.C
FN:8,_ZN21PlasticHardeningModel11validParamsEv
FN:19,_ZN21PlasticHardeningModelC2ERK15InputParameters
FNDA:752,_ZN21PlasticHardeningModel11validParamsEv
FNDA:54,_ZN21PlasticHardeningModelC2ERK15InputParameters
FNF:2
FNH:2
DA:8,752
DA:10,752
DA:11,752
DA:13,752
DA:14,752
DA:16,752
DA:17,0
DA:19,54
DA:20,54
DA:22,54
LF:10
LH:9
end_of_record
TN:
SF:/home/runner/work/raccoon/raccoon/src/materials/hardening_models/PowerLawHardening.C
FN:10,_ZN17PowerLawHardening11validParamsEv
FN:31,_ZN17PowerLawHardeningC2ERK15InputParameters
FN:54,_ZN17PowerLawHardening13plasticEnergyERKN11MetaPhysicL10DualNumberIdNS0_35SemiDynamicSparseNumberArrayGenericIdmNS0_8NWrapperILm64EEENS0_19DynamicArrayWrapperISt5arraydLm64EEEEELb1EEEj
FNDA:27,_ZN17PowerLawHardeningC2ERK15InputParameters
FNDA:699022,_ZN17PowerLawHardening13plasticEnergyERKN11MetaPhysicL10DualNumberIdNS0_35SemiDynamicSparseNumberArrayGenericIdmNS0_8NWrapperILm64EEENS0_19DynamicArrayWrapperISt5arraydLm64EEEEELb1EEEj
FNDA:172,_ZN17PowerLawHardening11validParamsEv
FNF:3
FNH:3
DA:10,172
DA:12,172
DA:13,172
DA:15,344
DA:16,344
DA:18,344
DA:21,344
DA:22,344
DA:26,344
DA:28,172
DA:29,0
DA:31,27
DA:34,81
DA:35,81
DA:36,54
DA:38,54
DA:41,27
DA:42,27
DA:43,27
DA:44,54
DA:47,27
DA:48,27
DA:49,108
DA:51,81
DA:54,699022
DA:57,699022
DA:60,513776
DA:61,1284440
DA:62,513776
DA:63,513776
DA:64,256888
DA:67,442134
DA:68,1747555
DA:70,92623
DA:71,463115
DA:72,92623
DA:74,0
LF:37
LH:35
end_of_record
TN:
SF:/home/runner/work/raccoon/raccoon/src/materials/large_deformation_models/CNHIsotropicElasticity.C
FN:11,_ZN22CNHIsotropicElasticity11validParamsEv
FN:31,_ZN22CNHIsotropicElasticityC2ERK15InputParameters
FN:55,_ZN22CNHIsotropicElasticity19computeMandelStressERK18RankTwoTensorTemplIN11MetaPhysicL10DualNumberIdNS1_35SemiDynamicSparseNumberArrayGenericIdmNS1_8NWrapperILm64EEENS1_19DynamicArrayWrapperISt5arraydLm64EEEEELb1EEEEb
FN:71,_ZN22CNHIsotropicElasticity34computeMandelStressNoDecompositionERK18RankTwoTensorTemplIN11MetaPhysicL10DualNumberIdNS1_35SemiDynamicSparseNumberArrayGenericIdmNS1_8NWrapperILm64EEENS1_19DynamicArrayWrapperISt5arraydLm64EEEEELb1EEEEb
FN:111,_ZN22CNHIsotropicElasticity38computeMandelStressVolDevDecompositionERK18RankTwoTensorTemplIN11MetaPhysicL10DualNumberIdNS1_35SemiDynamicSparseNumberArrayGenericIdmNS1_8NWrapperILm64EEENS1_19DynamicArrayWrapperISt5arraydLm64EEEEELb1EEEEb
FNDA:12,_ZN22CNHIsotropicElasticityC2ERK15InputParameters
FNDA:79416,_ZN22CNHIsotropicElasticity34computeMandelStressNoDecompositionERK18RankTwoTensorTemplIN11MetaPhysicL10DualNumberIdNS1_35SemiDynamicSparseNumberArrayGenericIdmNS1_8NWrapperILm64EEENS1_19DynamicArrayWrapperISt5arraydLm64EEEEELb1EEEEb
FNDA:79416,_ZN22CNHIsotropicElasticity19computeMandelStressERK18RankTwoTensorTemplIN11MetaPhysicL10DualNumberIdNS1_35SemiDynamicSparseNumberArrayGenericIdmNS1_8NWrapperILm64EEENS1_19DynamicArrayWrapperISt5arraydLm64EEEEELb1EEEEb
FNDA:0,_ZN22CNHIsotropicElasticity38computeMandelStressVolDevDecompositionERK18RankTwoTensorTemplIN11MetaPhysicL10DualNumberIdNS1_35SemiDynamicSparseNumberArrayGenericIdmNS1_8NWrapperILm64EEENS1_19DynamicArrayWrapperISt5arraydLm64EEEEELb1EEEEb
FNDA:152,_ZN22CNHIsotropicElasticity11validParamsEv
FNF:5
FNH:4
DA:11,152
DA:13,152
DA:14,152
DA:16,304
DA:17,304
DA:19,304
DA:20,304
DA:24,304
DA:25,304
DA:26,456
DA:28,152
DA:29,0
DA:31,12
DA:34,36
DA:35,24
DA:37,24
DA:40,12
DA:41,12
DA:42,12
DA:43,24
DA:46,12
DA:47,12
DA:48,36
DA:50,36
DA:52,36
DA:55,79416
DA:58,79416
DA:60,79416
DA:61,158832
DA:62,0
DA:63,0
DA:65,0
DA:67,79416
DA:71,79416
DA:76,79416
DA:77,79416
DA:79,76264
DA:80,152528
DA:83,6304
DA:85,79416
DA:87,79416
DA:90,317664
DA:91,79416
DA:95,79416
DA:99,3152
DA:100,9456
DA:101,9456
DA:102,3152
DA:103,6304
DA:104,6304
DA:107,79416
DA:111,0
DA:116,0
DA:117,0
DA:119,0
DA:120,0
DA:123,0
DA:125,0
DA:127,0
DA:130,0
DA:131,0
DA:133,0
DA:137,0
DA:141,0
DA:142,0
DA:143,0
DA:144,0
DA:145,0
DA:146,0
DA:149,0
LF:70
LH:47
end_of_record
TN:
SF:/home/runner/work/raccoon/raccoon/src/materials/large_deformation_models/ComputeDeformationGradient.C
FN:10,_ZN26ComputeDeformationGradient11validParamsEv
FN:31,_ZN26ComputeDeformationGradientC2ERK15InputParameters
FN:55,_ZN26ComputeDeformationGradient12initialSetupEv
FN:68,_ZN26ComputeDeformationGradient26displacementIntegrityCheckEv
FN:88,_ZN26ComputeDeformationGradient24initQpStatefulPropertiesEv
FN:95,_ZN26ComputeDeformationGradient27computeQpOutOfPlaneGradDispEv
FN:104,_ZN26ComputeDeformationGradient17computePropertiesEv
FNDA:7472,_ZN26ComputeDeformationGradient24initQpStatefulPropertiesEv
FNDA:212,_ZN26ComputeDeformationGradient11validParamsEv
FNDA:57,_ZN26ComputeDeformationGradientC2ERK15InputParameters
FNDA:50536,_ZN26ComputeDeformationGradient17computePropertiesEv
FNDA:57,_ZN26ComputeDeformationGradient26displacementIntegrityCheckEv
FNDA:57,_ZN26ComputeDeformationGradient12initialSetupEv
FNDA:0,_ZN26ComputeDeformationGradient27computeQpOutOfPlaneGradDispEv
FNF:7
FNH:6
DA:10,212
DA:12,212
DA:13,212
DA:14,212
DA:19,424
DA:22,424
DA:23,424
DA:24,424
DA:27,212
DA:28,212
DA:29,0
DA:31,57
DA:34,57
DA:35,57
DA:36,57
DA:37,57
DA:38,154
DA:40,57
DA:41,114
DA:42,57
DA:43,57
DA:44,57
DA:45,114
DA:47,60
DA:48,3
DA:50,114
DA:51,0
DA:52,57
DA:55,57
DA:57,57
DA:60,66
DA:62,9
DA:63,9
DA:65,57
DA:68,57
DA:71,57
DA:72,0
DA:77,57
DA:78,0
DA:81,57
DA:82,0
DA:85,57
DA:88,7472
DA:90,7472
DA:91,7472
DA:92,7472
DA:95,0
DA:97,0
DA:98,0
DA:100,0
DA:104,50536
DA:106,50536
DA:108,314104
DA:111,263568
DA:112,263568
DA:113,0
DA:114,263568
DA:115,263568
DA:117,263568
DA:118,432320
DA:121,50536
DA:122,39885
DA:124,314104
DA:127,263568
DA:128,432320
DA:131,263568
DA:132,263992
DA:133,424
DA:134,263568
DA:136,50536
LF:70
LH:60
end_of_record
TN:
SF:/home/runner/work/raccoon/raccoon/src/materials/large_deformation_models/ComputeLargeDeformationStress.C
FN:13,_ZN29ComputeLargeDeformationStress11validParamsEv
FN:29,_ZN29ComputeLargeDeformationStressC2ERK15InputParameters
FN:44,_ZN29ComputeLargeDeformationStress12initialSetupEv
FN:67,_ZN29ComputeLargeDeformationStress24initQpStatefulPropertiesEv
FN:73,_ZN29ComputeLargeDeformationStress19computeQpPropertiesEv
FNDA:263568,_ZN29ComputeLargeDeformationStress19computeQpPropertiesEv
FNDA:212,_ZN29ComputeLargeDeformationStress11validParamsEv
FNDA:57,_ZN29ComputeLargeDeformationStressC2ERK15InputParameters
FNDA:0,_ZN29ComputeLargeDeformationStress24initQpStatefulPropertiesEv
FNDA:57,_ZN29ComputeLargeDeformationStress12initialSetupEv
FNF:5
FNH:4
DA:13,212
DA:15,212
DA:16,212
DA:17,212
DA:20,424
DA:22,424
DA:23,424
DA:25,212
DA:26,212
DA:27,0
DA:29,57
DA:32,114
DA:33,114
DA:34,57
DA:35,63
DA:37,114
DA:39,114
DA:40,0
DA:41,57
DA:44,57
DA:46,57
DA:47,57
DA:48,57
DA:49,0
DA:50,0
DA:53,57
DA:54,57
DA:55,114
DA:57,57
DA:58,48
DA:60,114
DA:61,60
DA:62,60
DA:64,57
DA:67,0
DA:69,0
DA:70,0
DA:73,263568
DA:75,263568
DA:76,263568
DA:78,263568
DA:80,57920
DA:81,57920
DA:83,263568
LF:44
LH:37
end_of_record
TN:
SF:/home/runner/work/raccoon/raccoon/src/materials/large_deformation_models/HenckyIsotropicElasticity.C
FN:11,_ZN25HenckyIsotropicElasticity11validParamsEv
FN:32,_ZN25HenckyIsotropicElasticityC2ERK15InputParameters
FN:56,_ZN25HenckyIsotropicElasticity19computeMandelStressERK18RankTwoTensorTemplIN11MetaPhysicL10DualNumberIdNS1_35SemiDynamicSparseNumberArrayGenericIdmNS1_8NWrapperILm64EEENS1_19DynamicArrayWrapperISt5arraydLm64EEEEELb1EEEEb
FN:74,_ZN25HenckyIsotropicElasticity34computeMandelStressNoDecompositionERK18RankTwoTensorTemplIN11MetaPhysicL10DualNumberIdNS1_35SemiDynamicSparseNumberArrayGenericIdmNS1_8NWrapperILm64EEENS1_19DynamicArrayWrapperISt5arraydLm64EEEEELb1EEEEb
FN:104,_ZN25HenckyIsotropicElasticity38computeMandelStressVolDevDecompositionERK18RankTwoTensorTemplIN11MetaPhysicL10DualNumberIdNS1_35SemiDynamicSparseNumberArrayGenericIdmNS1_8NWrapperILm64EEENS1_19DynamicArrayWrapperISt5arraydLm64EEEEELb1EEEEb
FN:143,_ZN25HenckyIsotropicElasticity40computeMandelStressSpectralDecompositionERK18RankTwoTensorTemplIN11MetaPhysicL10DualNumberIdNS1_35SemiDynamicSparseNumberArrayGenericIdmNS1_8NWrapperILm64EEENS1_19DynamicArrayWrapperISt5arraydLm64EEEEELb1EEEEb
FNDA:0,_ZN25HenckyIsotropicElasticity38computeMandelStressVolDevDecompositionERK18RankTwoTensorTemplIN11MetaPhysicL10DualNumberIdNS1_35SemiDynamicSparseNumberArrayGenericIdmNS1_8NWrapperILm64EEENS1_19DynamicArrayWrapperISt5arraydLm64EEEEELb1EEEEb
FNDA:45,_ZN25HenckyIsotropicElasticityC2ERK15InputParameters
FNDA:196,_ZN25HenckyIsotropicElasticity11validParamsEv
FNDA:1542597,_ZN25HenckyIsotropicElasticity34computeMandelStressNoDecompositionERK18RankTwoTensorTemplIN11MetaPhysicL10DualNumberIdNS1_35SemiDynamicSparseNumberArrayGenericIdmNS1_8NWrapperILm64EEENS1_19DynamicArrayWrapperISt5arraydLm64EEEEELb1EEEEb
FNDA:0,_ZN25HenckyIsotropicElasticity40computeMandelStressSpectralDecompositionERK18RankTwoTensorTemplIN11MetaPhysicL10DualNumberIdNS1_35SemiDynamicSparseNumberArrayGenericIdmNS1_8NWrapperILm64EEENS1_19DynamicArrayWrapperISt5arraydLm64EEEEELb1EEEEb
FNDA:1542597,_ZN25HenckyIsotropicElasticity19computeMandelStressERK18RankTwoTensorTemplIN11MetaPhysicL10DualNumberIdNS1_35SemiDynamicSparseNumberArrayGenericIdmNS1_8NWrapperILm64EEENS1_19DynamicArrayWrapperISt5arraydLm64EEEEELb1EEEEb
FNF:6
FNH:4
DA:11,196
DA:13,196
DA:14,196
DA:17,392
DA:18,392
DA:20,392
DA:21,392
DA:25,392
DA:26,392
DA:27,588
DA:29,196
DA:30,0
DA:32,45
DA:35,135
DA:36,90
DA:38,90
DA:41,45
DA:42,45
DA:43,45
DA:44,90
DA:47,45
DA:48,45
DA:49,135
DA:51,135
DA:53,135
DA:56,1542597
DA:59,1542597
DA:61,1542597
DA:62,3085194
DA:63,0
DA:64,0
DA:65,0
DA:66,0
DA:68,0
DA:70,1542597
DA:74,1542597
DA:81,1542597
DA:82,947600
DA:84,1542597
DA:87,7712985
DA:88,1542597
DA:92,1542597
DA:95,947600
DA:96,947600
DA:97,947600
DA:100,1542597
DA:104,0
DA:111,0
DA:112,0
DA:114,0
DA:117,0
DA:118,0
DA:120,0
DA:122,0
DA:123,0
DA:124,0
DA:125,0
DA:129,0
DA:132,0
DA:133,0
DA:134,0
DA:135,0
DA:136,0
DA:139,0
DA:143,0
DA:150,0
DA:151,0
DA:153,0
DA:154,0
DA:155,0
DA:156,0
DA:159,0
DA:162,0
DA:163,0
DA:164,0
DA:165,0
DA:168,0
DA:171,0
DA:172,0
DA:173,0
DA:175,0
DA:176,0
DA:178,0
LF:83
LH:40
end_of_record
TN:
SF:/home/runner/work/raccoon/raccoon/src/materials/large_deformation_models/LargeDeformationElasticityModel.C
FN:9,_ZN31LargeDeformationElasticityModel11validParamsEv
FN:20,_ZN31LargeDeformationElasticityModelC2ERK15InputParameters
FN:29,_ZN31LargeDeformationElasticityModel5setQpEj
FN:37,_ZN31LargeDeformationElasticityModel18setPlasticityModelEP31LargeDeformationPlasticityModel
FN:45,_ZN31LargeDeformationElasticityModel24initQpStatefulPropertiesEv
FN:51,_ZN31LargeDeformationElasticityModel11updateStateERK18RankTwoTensorTemplIN11MetaPhysicL10DualNumberIdNS1_35SemiDynamicSparseNumberArrayGenericIdmNS1_8NWrapperILm64EEENS1_19DynamicArrayWrapperISt5arraydLm64EEEEELb1EEEERSB_
FN:62,_ZN31LargeDeformationElasticityModel19computeCauchyStressERK18RankTwoTensorTemplIN11MetaPhysicL10DualNumberIdNS1_35SemiDynamicSparseNumberArrayGenericIdmNS1_8NWrapperILm64EEENS1_19DynamicArrayWrapperISt5arraydLm64EEEEELb1EEEE
FNDA:0,_ZN31LargeDeformationElasticityModel24initQpStatefulPropertiesEv
FNDA:348,_ZN31LargeDeformationElasticityModel11validParamsEv
FNDA:48,_ZN31LargeDeformationElasticityModel18setPlasticityModelEP31LargeDeformationPlasticityModel
FNDA:263568,_ZN31LargeDeformationElasticityModel5setQpEj
FNDA:57,_ZN31LargeDeformationElasticityModelC2ERK15InputParameters
FNDA:263568,_ZN31LargeDeformationElasticityModel11updateStateERK18RankTwoTensorTemplIN11MetaPhysicL10DualNumberIdNS1_35SemiDynamicSparseNumberArrayGenericIdmNS1_8NWrapperILm64EEENS1_19DynamicArrayWrapperISt5arraydLm64EEEEELb1EEEERSB_
FNDA:262392,_ZN31LargeDeformationElasticityModel19computeCauchyStressERK18RankTwoTensorTemplIN11MetaPhysicL10DualNumberIdNS1_35SemiDynamicSparseNumberArrayGenericIdmNS1_8NWrapperILm64EEENS1_19DynamicArrayWrapperISt5arraydLm64EEEEELb1EEEE
FNF:7
FNH:6
DA:9,348
DA:11,348
DA:12,348
DA:14,348
DA:15,348
DA:17,348
DA:18,0
DA:20,57
DA:23,57
DA:24,57
DA:26,57
DA:29,263568
DA:31,263568
DA:32,263568
DA:33,215736
DA:34,263568
DA:37,48
DA:40,48
DA:41,48
DA:42,48
DA:45,0
DA:47,0
DA:48,0
DA:51,263568
DA:53,263568
DA:55,263568
DA:56,215736
DA:58,95664
DA:59,263568
DA:62,262392
DA:64,262392
LF:31
LH:27
end_of_record
TN:
SF:/home/runner/work/raccoon/raccoon/src/materials/large_deformation_models/LargeDeformationJ2Plasticity.C
FN:11,_ZN28LargeDeformationJ2Plasticity11validParamsEv
FN:19,_ZN28LargeDeformationJ2PlasticityC2ERK15InputParameters
FN:26,_ZN28LargeDeformationJ2Plasticity11updateStateER18RankTwoTensorTemplIN11MetaPhysicL10DualNumberIdNS1_35SemiDynamicSparseNumberArrayGenericIdmNS1_8NWrapperILm64EEENS1_19DynamicArrayWrapperISt5arraydLm64EEEEELb1EEEESC_
FN:74,_ZN28LargeDeformationJ2Plasticity24computeReferenceResidualERKN11MetaPhysicL10DualNumberIdNS0_35SemiDynamicSparseNumberArrayGenericIdmNS0_8NWrapperILm64EEENS0_19DynamicArrayWrapperISt5arraydLm64EEEEELb1EEESB_
FN:84,_ZN28LargeDeformationJ2Plasticity15computeResidualERKN11MetaPhysicL10DualNumberIdNS0_35SemiDynamicSparseNumberArrayGenericIdmNS0_8NWrapperILm64EEENS0_19DynamicArrayWrapperISt5arraydLm64EEEEELb1EEESB_
FN:102,_ZN28LargeDeformationJ2Plasticity17computeDerivativeERKN11MetaPhysicL10DualNumberIdNS0_35SemiDynamicSparseNumberArrayGenericIdmNS0_8NWrapperILm64EEENS0_19DynamicArrayWrapperISt5arraydLm64EEEEELb1EEESB_
FNDA:214560,_ZN28LargeDeformationJ2Plasticity11updateStateER18RankTwoTensorTemplIN11MetaPhysicL10DualNumberIdNS1_35SemiDynamicSparseNumberArrayGenericIdmNS1_8NWrapperILm64EEENS1_19DynamicArrayWrapperISt5arraydLm64EEEEELb1EEEESC_
FNDA:308359,_ZN28LargeDeformationJ2Plasticity24computeReferenceResidualERKN11MetaPhysicL10DualNumberIdNS0_35SemiDynamicSparseNumberArrayGenericIdmNS0_8NWrapperILm64EEENS0_19DynamicArrayWrapperISt5arraydLm64EEEEELb1EEESB_
FNDA:328,_ZN28LargeDeformationJ2Plasticity11validParamsEv
FNDA:515887,_ZN28LargeDeformationJ2Plasticity15computeResidualERKN11MetaPhysicL10DualNumberIdNS0_35SemiDynamicSparseNumberArrayGenericIdmNS0_8NWrapperILm64EEENS0_19DynamicArrayWrapperISt5arraydLm64EEEEELb1EEESB_
FNDA:42,_ZN28LargeDeformationJ2PlasticityC2ERK15InputParameters
FNDA:302935,_ZN28LargeDeformationJ2Plasticity17computeDerivativeERKN11MetaPhysicL10DualNumberIdNS0_35SemiDynamicSparseNumberArrayGenericIdmNS0_8NWrapperILm64EEENS0_19DynamicArrayWrapperISt5arraydLm64EEEEELb1EEESB_
FNF:6
FNH:6
DA:11,328
DA:13,328
DA:14,328
DA:16,328
DA:17,0
DA:19,42
DA:20,42
DA:22,42
DA:23,42
DA:26,214560
DA:30,214560
DA:31,214560
DA:32,214560
DA:36,214560
DA:37,214560
DA:38,214560
DA:39,26592
DA:40,429120
DA:41,429120
DA:43,214560
DA:44,214560
DA:45,90989
DA:47,429120
DA:50,214560
DA:52,429120
DA:53,214560
DA:56,214560
DA:57,214560
DA:59,214560
DA:60,214560
DA:63,214560
DA:65,412768
DA:67,412768
DA:70,8176
DA:71,214560
DA:74,308359
DA:77,616718
DA:78,616718
DA:80,616718
DA:84,515887
DA:87,515887
DA:90,515887
DA:92,515887
DA:93,515887
DA:94,1031774
DA:96,515887
DA:97,515887
DA:98,1031774
DA:102,302935
DA:105,302935
DA:106,302935
DA:108,1034
DA:110,302935
DA:111,302935
DA:112,302935
DA:113,605870
LF:56
LH:55
end_of_record
TN:
SF:/home/runner/work/raccoon/raccoon/src/materials/large_deformation_models/LargeDeformationJ2PlasticityBeBar.C
FN:13,_ZN33LargeDeformationJ2PlasticityBeBar11validParamsEv
FN:33,_ZN33LargeDeformationJ2PlasticityBeBarC2ERK15InputParameters
FN:54,_ZN33LargeDeformationJ2PlasticityBeBar18setElasticityModelEP31LargeDeformationElasticityModel
FN:71,_ZN33LargeDeformationJ2PlasticityBeBar24initQpStatefulPropertiesEv
FN:79,_ZN33LargeDeformationJ2PlasticityBeBar11updateStateER18RankTwoTensorTemplIN11MetaPhysicL10DualNumberIdNS1_35SemiDynamicSparseNumberArrayGenericIdmNS1_8NWrapperILm64EEENS1_19DynamicArrayWrapperISt5arraydLm64EEEEELb1EEEESC_
FN:148,_ZN33LargeDeformationJ2PlasticityBeBar24computeReferenceResidualERKN11MetaPhysicL10DualNumberIdNS0_35SemiDynamicSparseNumberArrayGenericIdmNS0_8NWrapperILm64EEENS0_19DynamicArrayWrapperISt5arraydLm64EEEEELb1EEESB_
FN:157,_ZN33LargeDeformationJ2PlasticityBeBar15computeResidualERKN11MetaPhysicL10DualNumberIdNS0_35SemiDynamicSparseNumberArrayGenericIdmNS0_8NWrapperILm64EEENS0_19DynamicArrayWrapperISt5arraydLm64EEEEELb1EEESB_
FN:168,_ZN33LargeDeformationJ2PlasticityBeBar17computeDerivativeERKN11MetaPhysicL10DualNumberIdNS0_35SemiDynamicSparseNumberArrayGenericIdmNS0_8NWrapperILm64EEENS0_19DynamicArrayWrapperISt5arraydLm64EEEEELb1EEESB_
FN:178,_ZN33LargeDeformationJ2PlasticityBeBar21computeCorrectionTermERK18RankTwoTensorTemplIN11MetaPhysicL10DualNumberIdNS1_35SemiDynamicSparseNumberArrayGenericIdmNS1_8NWrapperILm64EEENS1_19DynamicArrayWrapperISt5arraydLm64EEEEELb1EEEE
FN:207,_ZN33LargeDeformationJ2PlasticityBeBar26computeStrainEnergyDensityEv
FNDA:2808,_ZN33LargeDeformationJ2PlasticityBeBar24computeReferenceResidualERKN11MetaPhysicL10DualNumberIdNS0_35SemiDynamicSparseNumberArrayGenericIdmNS0_8NWrapperILm64EEENS0_19DynamicArrayWrapperISt5arraydLm64EEEEELb1EEESB_
FNDA:1176,_ZN33LargeDeformationJ2PlasticityBeBar11updateStateER18RankTwoTensorTemplIN11MetaPhysicL10DualNumberIdNS1_35SemiDynamicSparseNumberArrayGenericIdmNS1_8NWrapperILm64EEENS1_19DynamicArrayWrapperISt5arraydLm64EEEEELb1EEEESC_
FNDA:1176,_ZN33LargeDeformationJ2PlasticityBeBar26computeStrainEnergyDensityEv
FNDA:32,_ZN33LargeDeformationJ2PlasticityBeBar24initQpStatefulPropertiesEv
FNDA:1064,_ZN33LargeDeformationJ2PlasticityBeBar21computeCorrectionTermERK18RankTwoTensorTemplIN11MetaPhysicL10DualNumberIdNS1_35SemiDynamicSparseNumberArrayGenericIdmNS1_8NWrapperILm64EEENS1_19DynamicArrayWrapperISt5arraydLm64EEEEELb1EEEE
FNDA:2808,_ZN33LargeDeformationJ2PlasticityBeBar17computeDerivativeERKN11MetaPhysicL10DualNumberIdNS0_35SemiDynamicSparseNumberArrayGenericIdmNS0_8NWrapperILm64EEENS0_19DynamicArrayWrapperISt5arraydLm64EEEEELb1EEESB_
FNDA:3984,_ZN33LargeDeformationJ2PlasticityBeBar15computeResidualERKN11MetaPhysicL10DualNumberIdNS0_35SemiDynamicSparseNumberArrayGenericIdmNS0_8NWrapperILm64EEENS0_19DynamicArrayWrapperISt5arraydLm64EEEEELb1EEESB_
FNDA:6,_ZN33LargeDeformationJ2PlasticityBeBar18setElasticityModelEP31LargeDeformationElasticityModel
FNDA:6,_ZN33LargeDeformationJ2PlasticityBeBarC2ERK15InputParameters
FNDA:144,_ZN33LargeDeformationJ2PlasticityBeBar11validParamsEv
FNF:10
FNH:10
DA:13,144
DA:15,144
DA:16,144
DA:19,288
DA:20,288
DA:24,288
DA:25,288
DA:30,144
DA:31,0
DA:33,6
DA:34,6
DA:37,6
DA:38,18
DA:39,6
DA:40,18
DA:41,12
DA:42,12
DA:43,6
DA:44,6
DA:45,6
DA:46,12
DA:47,6
DA:48,24
DA:50,6
DA:51,12
DA:54,6
DA:57,6
DA:58,6
DA:59,0
DA:60,6
DA:61,6
DA:62,6
DA:63,6
DA:64,6
DA:65,6
DA:66,6
DA:67,6
DA:68,6
DA:71,32
DA:73,32
DA:74,32
DA:75,32
DA:76,32
DA:79,1176
DA:84,1176
DA:85,1176
DA:87,1176
DA:90,1176
DA:91,1176
DA:94,1176
DA:97,2352
DA:98,1176
DA:99,1176
DA:100,8
DA:101,1176
DA:103,2352
DA:106,1176
DA:107,1176
DA:109,1064
DA:111,2128
DA:112,1064
DA:113,2128
DA:115,1064
DA:116,2128
DA:117,4256
DA:118,1064
DA:120,1064
DA:124,112
DA:126,112
DA:127,224
DA:128,448
DA:129,224
DA:132,1176
DA:133,1176
DA:134,1176
DA:136,1176
DA:138,2336
DA:139,2336
DA:142,8
DA:144,1176
DA:145,1176
DA:148,2808
DA:151,2808
DA:152,2808
DA:153,5616
DA:157,3984
DA:160,3984
DA:161,3984
DA:162,7968
DA:163,3984
DA:164,7968
DA:168,2808
DA:171,2808
DA:172,5616
DA:173,2808
DA:174,5616
DA:178,1064
DA:183,1064
DA:185,1064
DA:186,1064
DA:187,1064
DA:188,1064
DA:189,1064
DA:190,1064
DA:192,1064
DA:193,1064
DA:194,1064
DA:197,1064
DA:198,1064
DA:199,5320
DA:200,3192
DA:202,6384
DA:203,1064
DA:204,1064
DA:207,1176
DA:210,1176
DA:211,3528
DA:212,3528
DA:214,1176
DA:216,1176
DA:217,1176
DA:219,1176
DA:220,2352
DA:221,2352
DA:225,1176
DA:226,1176
DA:227,1176
DA:228,1176
LF:128
LH:126
end_of_record
TN:
SF:/home/runner/work/raccoon/raccoon/src/materials/large_deformation_models/LargeDeformationJ2PowerLawCreep.C
FN:11,_ZN31LargeDeformationJ2PowerLawCreep11validParamsEv
FN:24,_ZN31LargeDeformationJ2PowerLawCreepC2ERK15InputParameters
FN:32,_ZN31LargeDeformationJ2PowerLawCreep15computeResidualERKN11MetaPhysicL10DualNumberIdNS0_35SemiDynamicSparseNumberArrayGenericIdmNS0_8NWrapperILm64EEENS0_19DynamicArrayWrapperISt5arraydLm64EEEEELb1EEESB_
FN:48,_ZN31LargeDeformationJ2PowerLawCreep17computeDerivativeERKN11MetaPhysicL10DualNumberIdNS0_35SemiDynamicSparseNumberArrayGenericIdmNS0_8NWrapperILm64EEENS0_19DynamicArrayWrapperISt5arraydLm64EEEEELb1EEESB_
FNDA:5424,_ZN31LargeDeformationJ2PowerLawCreep17computeDerivativeERKN11MetaPhysicL10DualNumberIdNS0_35SemiDynamicSparseNumberArrayGenericIdmNS0_8NWrapperILm64EEENS0_19DynamicArrayWrapperISt5arraydLm64EEEEELb1EEESB_
FNDA:6,_ZN31LargeDeformationJ2PowerLawCreepC2ERK15InputParameters
FNDA:7032,_ZN31LargeDeformationJ2PowerLawCreep15computeResidualERKN11MetaPhysicL10DualNumberIdNS0_35SemiDynamicSparseNumberArrayGenericIdmNS0_8NWrapperILm64EEENS0_19DynamicArrayWrapperISt5arraydLm64EEEEELb1EEESB_
FNDA:144,_ZN31LargeDeformationJ2PowerLawCreep11validParamsEv
FNF:4
FNH:4
DA:11,144
DA:13,144
DA:14,144
DA:17,288
DA:19,288
DA:21,144
DA:22,0
DA:24,6
DA:26,6
DA:27,18
DA:29,6
DA:32,7032
DA:38,14064
DA:39,7032
DA:41,14064
DA:42,14064
DA:43,14064
DA:44,14064
DA:48,5424
DA:54,10848
DA:55,5424
DA:57,5424
DA:58,5424
DA:60,10848
DA:61,10848
DA:63,10848
DA:64,10848
DA:66,16272
DA:67,5424
DA:68,5424
DA:69,5424
DA:70,5424
LF:32
LH:31
end_of_record
TN:
SF:/home/runner/work/raccoon/raccoon/src/materials/large_deformation_models/LargeDeformationNewtonianViscosity.C
FN:10,_ZN34LargeDeformationNewtonianViscosity11validParamsEv
FN:20,_ZN34LargeDeformationNewtonianViscosityC2ERK15InputParameters
FN:29,_ZN34LargeDeformationNewtonianViscosity19computeCauchyStressERK18RankTwoTensorTemplIN11MetaPhysicL10DualNumberIdNS1_35SemiDynamicSparseNumberArrayGenericIdmNS1_8NWrapperILm64EEENS1_19DynamicArrayWrapperISt5arraydLm64EEEEELb1EEEERKS0_IdE
FNDA:3,_ZN34LargeDeformationNewtonianViscosityC2ERK15InputParameters
FNDA:57920,_ZN34LargeDeformationNewtonianViscosity19computeCauchyStressERK18RankTwoTensorTemplIN11MetaPhysicL10DualNumberIdNS1_35SemiDynamicSparseNumberArrayGenericIdmNS1_8NWrapperILm64EEENS1_19DynamicArrayWrapperISt5arraydLm64EEEEELb1EEEERKS0_IdE
FNDA:140,_ZN34LargeDeformationNewtonianViscosity11validParamsEv
FNF:3
FNH:3
DA:10,140
DA:12,140
DA:13,140
DA:14,280
DA:15,280
DA:17,140
DA:18,0
DA:20,3
DA:21,3
DA:23,9
DA:24,9
DA:26,3
DA:29,57920
DA:32,57920
DA:33,57920
DA:34,57920
DA:35,115840
LF:17
LH:16
end_of_record
TN:
SF:/home/runner/work/raccoon/raccoon/src/materials/large_deformation_models/LargeDeformationPlasticityModel.C
FN:9,_ZN31LargeDeformationPlasticityModel11validParamsEv
FN:22,_ZN31LargeDeformationPlasticityModelC2ERK15InputParameters
FN:37,_ZN31LargeDeformationPlasticityModel12initialSetupEv
FN:47,_ZN31LargeDeformationPlasticityModel5setQpEj
FN:54,_ZN31LargeDeformationPlasticityModel18setElasticityModelEP31LargeDeformationElasticityModel
FN:61,_ZN31LargeDeformationPlasticityModel24initQpStatefulPropertiesEv
FNDA:215736,_ZN31LargeDeformationPlasticityModel5setQpEj
FNDA:48,_ZN31LargeDeformationPlasticityModel18setElasticityModelEP31LargeDeformationElasticityModel
FNDA:48,_ZN31LargeDeformationPlasticityModelC2ERK15InputParameters
FNDA:11232,_ZN31LargeDeformationPlasticityModel24initQpStatefulPropertiesEv
FNDA:48,_ZN31LargeDeformationPlasticityModel12initialSetupEv
FNDA:472,_ZN31LargeDeformationPlasticityModel11validParamsEv
FNF:6
FNH:6
DA:9,472
DA:11,472
DA:12,472
DA:13,472
DA:15,944
DA:17,472
DA:18,472
DA:19,472
DA:20,0
DA:22,48
DA:26,96
DA:27,48
DA:28,96
DA:29,96
DA:30,144
DA:31,96
DA:32,96
DA:34,48
DA:37,48
DA:39,48
DA:40,48
DA:41,0
DA:42,0
DA:43,0
DA:44,48
DA:47,215736
DA:49,215736
DA:50,215736
DA:51,215736
DA:54,48
DA:57,48
DA:58,48
DA:61,11232
DA:63,11232
DA:64,11232
DA:65,11232
LF:36
LH:32
end_of_record
TN:
SF:/home/runner/work/raccoon/raccoon/src/materials/large_deformation_models/LargeDeformationViscoelasticityModel.C
FN:8,_ZN36LargeDeformationViscoelasticityModel11validParamsEv
FN:19,_ZN36LargeDeformationViscoelasticityModelC2ERK15InputParameters
FN:26,_ZN36LargeDeformationViscoelasticityModel5setQpEj
FNDA:140,_ZN36LargeDeformationViscoelasticityModel11validParamsEv
FNDA:57920,_ZN36LargeDeformationViscoelasticityModel5setQpEj
FNDA:3,_ZN36LargeDeformationViscoelasticityModelC2ERK15InputParameters
FNF:3
FNH:3
DA:8,140
DA:10,140
DA:11,140
DA:13,140
DA:14,140
DA:16,140
DA:17,0
DA:19,3
DA:20,3
DA:21,3
DA:23,3
DA:26,57920
DA:28,57920
DA:29,57920
LF:14
LH:13
end_of_record
TN:
SF:/home/runner/work/raccoon/raccoon/src/materials/nucleation_models/KLBFNucleationMicroForce.C
FN:13,_ZN24KLBFNucleationMicroForce11validParamsEv
FN:28,_ZN24KLBFNucleationMicroForceC2ERK15InputParameters
FN:37,_ZN24KLBFNucleationMicroForce19computeQpPropertiesEv
FNDA:140,_ZN24KLBFNucleationMicroForce11validParamsEv
FNDA:3,_ZN24KLBFNucleationMicroForceC2ERK15InputParameters
FNDA:22320,_ZN24KLBFNucleationMicroForce19computeQpPropertiesEv
FNF:3
FNH:3
DA:13,140
DA:15,140
DA:17,140
DA:19,280
DA:21,280
DA:24,280
DA:25,140
DA:26,0
DA:28,3
DA:30,9
DA:31,9
DA:32,9
DA:34,3
DA:37,22320
DA:42,44640
DA:45,22320
DA:48,22320
DA:49,22320
DA:50,44640
DA:57,22320
DA:58,1200
DA:62,44640
DA:63,44640
DA:64,66960
DA:65,22320
DA:66,44640
DA:67,22320
DA:68,89280
DA:69,22320
DA:70,44640
DA:73,66960
DA:75,66960
DA:76,22320
LF:33
LH:32
end_of_record
TN:
SF:/home/runner/work/raccoon/raccoon/src/materials/nucleation_models/KLRNucleationMicroForce.C
FN:13,_ZN23KLRNucleationMicroForce11validParamsEv
FN:29,_ZN23KLRNucleationMicroForceC2ERK15InputParameters
FN:39,_ZN23KLRNucleationMicroForce19computeQpPropertiesEv
FNDA:3,_ZN23KLRNucleationMicroForceC2ERK15InputParameters
FNDA:335280,_ZN23KLRNucleationMicroForce19computeQpPropertiesEv
FNDA:140,_ZN23KLRNucleationMicroForce11validParamsEv
FNF:3
FNH:3
DA:13,140
DA:15,140
DA:17,140
DA:20,280
DA:22,280
DA:25,280
DA:26,140
DA:27,0
DA:29,3
DA:31,9
DA:32,9
DA:33,6
DA:34,6
DA:36,3
DA:39,335280
DA:44,670560
DA:47,335280
DA:50,335280
DA:51,335280
DA:52,670560
DA:59,335280
DA:60,1200
DA:62,335280
DA:63,1200
DA:66,1005840
DA:67,335280
DA:68,670560
DA:69,335280
DA:70,670560
DA:71,1341120
DA:72,335280
DA:75,335280
DA:76,335280
DA:77,1005840
DA:78,1676400
DA:80,1005840
DA:82,335280
DA:83,335280
DA:84,670560
DA:85,1005840
DA:86,335280
LF:41
LH:40
end_of_record
TN:
SF:/home/runner/work/raccoon/raccoon/src/materials/nucleation_models/LDLNucleationMicroForce.C
FN:10,_ZN23LDLNucleationMicroForce11validParamsEv
FN:27,_ZN23LDLNucleationMicroForceC2ERK15InputParameters
FN:37,_ZN23LDLNucleationMicroForce19computeQpPropertiesEv
FNDA:12,_ZN23LDLNucleationMicroForceC2ERK15InputParameters
FNDA:889920,_ZN23LDLNucleationMicroForce19computeQpPropertiesEv
FNDA:152,_ZN23LDLNucleationMicroForce11validParamsEv
FNF:3
FNH:3
DA:10,152
DA:12,152
DA:14,152
DA:17,304
DA:19,304
DA:22,304
DA:23,304
DA:24,152
DA:25,0
DA:27,12
DA:29,36
DA:30,24
DA:31,12
DA:32,36
DA:34,12
DA:37,889920
DA:42,1779840
DA:45,2669760
DA:48,889920
DA:50,889920
DA:51,1779840
DA:52,33841
DA:56,889920
DA:57,889920
DA:58,1779840
DA:62,889920
DA:63,0
DA:66,889920
DA:67,4800
DA:70,889920
DA:71,889920
DA:74,889920
DA:77,0
DA:78,0
DA:79,0
DA:85,889920
DA:87,3492000
DA:88,856083
DA:94,3559680
DA:95,1779840
DA:96,1779840
DA:97,3559680
DA:102,1779840
DA:104,1779840
DA:105,889920
DA:106,2669760
DA:109,889920
DA:110,889920
DA:111,894720
DA:112,4449600
DA:114,3559680
DA:115,889920
LF:52
LH:47
end_of_record
TN:
SF:/home/runner/work/raccoon/raccoon/src/materials/nucleation_models/NucleationMicroForceBase.C
FN:9,_ZN24NucleationMicroForceBase11validParamsEv
FN:35,_ZN24NucleationMicroForceBaseC2ERK15InputParameters
FNDA:432,_ZN24NucleationMicroForceBase11validParamsEv
FNDA:18,_ZN24NucleationMicroForceBaseC2ERK15InputParameters
FNF:2
FNH:2
DA:9,432
DA:11,432
DA:12,432
DA:15,864
DA:17,864
DA:19,864
DA:21,864
DA:22,864
DA:23,864
DA:25,864
DA:26,864
DA:30,864
DA:31,864
DA:32,432
DA:33,0
DA:35,18
DA:38,54
DA:39,54
DA:40,54
DA:41,54
DA:42,54
DA:43,54
DA:44,36
DA:45,18
DA:46,36
DA:47,18
DA:48,18
DA:49,72
DA:51,36
LF:29
LH:28
end_of_record
TN:
SF:/home/runner/work/raccoon/raccoon/src/materials/pff_constitutive_functions/CrackGeometricFunction.C
FN:10,_ZN22CrackGeometricFunction11validParamsEv
FN:43,_ZN22CrackGeometricFunctionC2ERK15InputParameters
FN:58,_ZN22CrackGeometricFunction28computeNormalizationConstantEv
FN:97,_ZN22CrackGeometricFunction22normalizationIntegrandERKN11MetaPhysicL10DualNumberIdNS0_35SemiDynamicSparseNumberArrayGenericIdmNS0_8NWrapperILm64EEENS0_19DynamicArrayWrapperISt5arraydLm64EEEEELb1EEE
FN:104,_ZN22CrackGeometricFunction19computeQpPropertiesEv
FNDA:153,_ZN22CrackGeometricFunction28computeNormalizationConstantEv
FNDA:12284625,_ZN22CrackGeometricFunction22normalizationIntegrandERKN11MetaPhysicL10DualNumberIdNS0_35SemiDynamicSparseNumberArrayGenericIdmNS0_8NWrapperILm64EEENS0_19DynamicArrayWrapperISt5arraydLm64EEEEELb1EEE
FNDA:153,_ZN22CrackGeometricFunctionC2ERK15InputParameters
FNDA:340,_ZN22CrackGeometricFunction11validParamsEv
FNDA:15416073,_ZN22CrackGeometricFunction19computeQpPropertiesEv
FNF:5
FNH:5
DA:10,340
DA:12,340
DA:13,340
DA:18,340
DA:19,680
DA:21,340
DA:22,340
DA:24,680
DA:29,680
DA:34,680
DA:35,680
DA:36,680
DA:37,680
DA:40,340
DA:41,0
DA:43,153
DA:45,306
DA:46,306
DA:47,306
DA:48,306
DA:49,459
DA:52,153
DA:53,153
DA:54,153
DA:55,153
DA:58,153
DA:62,153
DA:63,153
DA:64,153
DA:66,2457078
DA:68,2456925
DA:71,2456925
DA:72,2456925
DA:73,2456925
DA:75,2456925
DA:77,2456925
DA:78,2456925
DA:80,2456925
DA:86,1228386
DA:89,2456925
DA:90,0
DA:93,153
DA:97,12284625
DA:99,12284625
DA:100,12284625
DA:104,15416073
DA:106,15416073
DA:107,15416073
DA:109,15416073
DA:110,15416073
LF:50
LH:48
end_of_record
TN:
SF:/home/runner/work/raccoon/raccoon/src/materials/pff_constitutive_functions/CustomParsedFunctionBase.C
FN:8,_ZN24CustomParsedFunctionBase11validParamsEv
FN:24,_ZN24CustomParsedFunctionBaseC2ERK15InputParameters
FNDA:1016,_ZN24CustomParsedFunctionBase11validParamsEv
FNDA:354,_ZN24CustomParsedFunctionBaseC2ERK15InputParameters
FNF:2
FNH:2
DA:8,1016
DA:10,1016
DA:11,2032
DA:12,1016
DA:13,1016
DA:15,1016
DA:16,1016
DA:17,1016
DA:19,1016
DA:21,1016
DA:22,0
DA:24,354
DA:26,354
DA:27,708
DA:28,708
DA:29,1416
DA:32,354
DA:36,354
DA:37,354
DA:38,354
LF:20
LH:19
end_of_record
TN:
SF:/home/runner/work/raccoon/raccoon/src/materials/pff_constitutive_functions/DegradationFunctionBase.C
FN:8,_ZN23DegradationFunctionBase11validParamsEv
FN:20,_ZN23DegradationFunctionBaseC2ERK15InputParameters
FNDA:676,_ZN23DegradationFunctionBase11validParamsEv
FNDA:201,_ZN23DegradationFunctionBaseC2ERK15InputParameters
FNF:2
FNH:2
DA:8,676
DA:10,676
DA:12,676
DA:13,1352
DA:15,676
DA:16,676
DA:17,676
DA:18,0
DA:20,201
DA:21,201
DA:23,201
LF:11
LH:10
end_of_record
TN:
SF:/home/runner/work/raccoon/raccoon/src/materials/pff_constitutive_functions/NoDegradation.C
FN:10,_ZN13NoDegradation11validParamsEv
FN:20,_ZN13NoDegradationC2ERK15InputParameters
FNDA:30,_ZN13NoDegradationC2ERK15InputParameters
FNDA:176,_ZN13NoDegradation11validParamsEv
FNF:2
FNH:2
DA:10,176
DA:12,176
DA:13,176
DA:15,176
DA:17,176
DA:18,0
DA:20,30
DA:21,30
DA:23,30
LF:9
LH:8
end_of_record
TN:
SF:/home/runner/work/raccoon/raccoon/src/materials/pff_constitutive_functions/PowerDegradationFunction.C
FN:10,_ZN24PowerDegradationFunction11validParamsEv
FN:21,_ZN24PowerDegradationFunctionC2ERK15InputParameters
FNDA:54,_ZN24PowerDegradationFunctionC2ERK15InputParameters
FNDA:208,_ZN24PowerDegradationFunction11validParamsEv
FNF:2
FNH:2
DA:10,208
DA:12,208
DA:13,208
DA:16,208
DA:17,832
DA:18,208
DA:19,208
DA:21,54
DA:22,54
DA:24,54
LF:10
LH:10
end_of_record
TN:
SF:/home/runner/work/raccoon/raccoon/src/materials/pff_constitutive_functions/RationalDegradationFunction.C
FN:10,_ZN27RationalDegradationFunction11validParamsEv
FN:27,_ZN27RationalDegradationFunctionC2ERK15InputParameters
FNDA:117,_ZN27RationalDegradationFunctionC2ERK15InputParameters
FNDA:292,_ZN27RationalDegradationFunction11validParamsEv
FNF:2
FNH:2
DA:10,292
DA:12,292
DA:13,292
DA:20,292
DA:22,1752
DA:23,2044
DA:24,292
DA:25,584
DA:27,117
DA:28,117
DA:30,117
LF:11
LH:11
end_of_record
TN:
SF:/home/runner/work/raccoon/raccoon/src/materials/small_deformation_models/ComputeSmallDeformationStress.C
FN:12,_ZN29ComputeSmallDeformationStress11validParamsEv
FN:27,_ZN29ComputeSmallDeformationStressC2ERK15InputParameters
FN:38,_ZN29ComputeSmallDeformationStress12initialSetupEv
FN:56,_ZN29ComputeSmallDeformationStress24initQpStatefulPropertiesEv
FN:62,_ZN29ComputeSmallDeformationStress19computeQpPropertiesEv
FNDA:75,_ZN29ComputeSmallDeformationStress12initialSetupEv
FNDA:75,_ZN29ComputeSmallDeformationStressC2ERK15InputParameters
FNDA:0,_ZN29ComputeSmallDeformationStress24initQpStatefulPropertiesEv
FNDA:236,_ZN29ComputeSmallDeformationStress11validParamsEv
FNDA:10835148,_ZN29ComputeSmallDeformationStress19computeQpPropertiesEv
FNF:5
FNH:4
DA:12,236
DA:14,236
DA:15,236
DA:16,236
DA:19,472
DA:21,472
DA:23,236
DA:24,236
DA:25,0
DA:27,75
DA:30,150
DA:31,150
DA:33,150
DA:34,0
DA:35,75
DA:38,75
DA:40,75
DA:41,75
DA:42,75
DA:43,0
DA:44,0
DA:47,75
DA:48,75
DA:49,150
DA:51,75
DA:52,6
DA:53,75
DA:56,0
DA:58,0
DA:59,0
DA:62,10835148
DA:64,10835148
DA:65,10835148
DA:66,10835148
LF:34
LH:27
end_of_record
TN:
SF:/home/runner/work/raccoon/raccoon/src/materials/small_deformation_models/SmallDeformationElasticityModel.C
FN:9,_ZN31SmallDeformationElasticityModel11validParamsEv
FN:20,_ZN31SmallDeformationElasticityModelC2ERK15InputParameters
FN:29,_ZN31SmallDeformationElasticityModel5setQpEj
FN:37,_ZN31SmallDeformationElasticityModel18setPlasticityModelEP31SmallDeformationPlasticityModel
FN:45,_ZN31SmallDeformationElasticityModel24initQpStatefulPropertiesEv
FN:51,_ZN31SmallDeformationElasticityModel11updateStateERK18RankTwoTensorTemplIN11MetaPhysicL10DualNumberIdNS1_35SemiDynamicSparseNumberArrayGenericIdmNS1_8NWrapperILm64EEENS1_19DynamicArrayWrapperISt5arraydLm64EEEEELb1EEEERSB_
FNDA:236,_ZN31SmallDeformationElasticityModel11validParamsEv
FNDA:10835148,_ZN31SmallDeformationElasticityModel11updateStateERK18RankTwoTensorTemplIN11MetaPhysicL10DualNumberIdNS1_35SemiDynamicSparseNumberArrayGenericIdmNS1_8NWrapperILm64EEENS1_19DynamicArrayWrapperISt5arraydLm64EEEEELb1EEEERSB_
FNDA:0,_ZN31SmallDeformationElasticityModel24initQpStatefulPropertiesEv
FNDA:6,_ZN31SmallDeformationElasticityModel18setPlasticityModelEP31SmallDeformationPlasticityModel
FNDA:75,_ZN31SmallDeformationElasticityModelC2ERK15InputParameters
FNDA:10835148,_ZN31SmallDeformationElasticityModel5setQpEj
FNF:6
FNH:5
DA:9,236
DA:11,236
DA:12,236
DA:14,236
DA:15,236
DA:17,236
DA:18,0
DA:20,75
DA:23,75
DA:24,75
DA:26,75
DA:29,10835148
DA:31,10835148
DA:32,10835148
DA:33,123792
DA:34,10835148
DA:37,6
DA:40,6
DA:41,6
DA:42,6
DA:45,0
DA:47,0
DA:48,0
DA:51,10835148
DA:54,10835148
DA:56,10835148
DA:57,123792
DA:59,21422712
DA:60,10835148
LF:29
LH:25
end_of_record
TN:
SF:/home/runner/work/raccoon/raccoon/src/materials/small_deformation_models/SmallDeformationIsotropicElasticity.C
FN:11,_ZN35SmallDeformationIsotropicElasticity11validParamsEv
FN:31,_ZN35SmallDeformationIsotropicElasticityC2ERK15InputParameters
FN:56,_ZN35SmallDeformationIsotropicElasticity13computeStressERK18RankTwoTensorTemplIN11MetaPhysicL10DualNumberIdNS1_35SemiDynamicSparseNumberArrayGenericIdmNS1_8NWrapperILm64EEENS1_19DynamicArrayWrapperISt5arraydLm64EEEEELb1EEEE
FN:73,_ZN35SmallDeformationIsotropicElasticity28computeStressNoDecompositionERK18RankTwoTensorTemplIN11MetaPhysicL10DualNumberIdNS1_35SemiDynamicSparseNumberArrayGenericIdmNS1_8NWrapperILm64EEENS1_19DynamicArrayWrapperISt5arraydLm64EEEEELb1EEEE
FN:87,_ZN35SmallDeformationIsotropicElasticity34computeStressSpectralDecompositionERK18RankTwoTensorTemplIN11MetaPhysicL10DualNumberIdNS1_35SemiDynamicSparseNumberArrayGenericIdmNS1_8NWrapperILm64EEENS1_19DynamicArrayWrapperISt5arraydLm64EEEEELb1EEEE
FN:117,_ZN35SmallDeformationIsotropicElasticity32computeStressVolDevDecompositionERK18RankTwoTensorTemplIN11MetaPhysicL10DualNumberIdNS1_35SemiDynamicSparseNumberArrayGenericIdmNS1_8NWrapperILm64EEENS1_19DynamicArrayWrapperISt5arraydLm64EEEEELb1EEEE
FNDA:1582772,_ZN35SmallDeformationIsotropicElasticity34computeStressSpectralDecompositionERK18RankTwoTensorTemplIN11MetaPhysicL10DualNumberIdNS1_35SemiDynamicSparseNumberArrayGenericIdmNS1_8NWrapperILm64EEENS1_19DynamicArrayWrapperISt5arraydLm64EEEEELb1EEEE
FNDA:387312,_ZN35SmallDeformationIsotropicElasticity32computeStressVolDevDecompositionERK18RankTwoTensorTemplIN11MetaPhysicL10DualNumberIdNS1_35SemiDynamicSparseNumberArrayGenericIdmNS1_8NWrapperILm64EEENS1_19DynamicArrayWrapperISt5arraydLm64EEEEELb1EEEE
FNDA:11083926,_ZN35SmallDeformationIsotropicElasticity13computeStressERK18RankTwoTensorTemplIN11MetaPhysicL10DualNumberIdNS1_35SemiDynamicSparseNumberArrayGenericIdmNS1_8NWrapperILm64EEENS1_19DynamicArrayWrapperISt5arraydLm64EEEEELb1EEEE
FNDA:75,_ZN35SmallDeformationIsotropicElasticityC2ERK15InputParameters
FNDA:236,_ZN35SmallDeformationIsotropicElasticity11validParamsEv
FNDA:9113842,_ZN35SmallDeformationIsotropicElasticity28computeStressNoDecompositionERK18RankTwoTensorTemplIN11MetaPhysicL10DualNumberIdNS1_35SemiDynamicSparseNumberArrayGenericIdmNS1_8NWrapperILm64EEENS1_19DynamicArrayWrapperISt5arraydLm64EEEEELb1EEEE
FNF:6
FNH:6
DA:11,236
DA:13,236
DA:14,236
DA:16,472
DA:17,472
DA:19,472
DA:20,472
DA:24,472
DA:25,472
DA:26,708
DA:28,236
DA:29,0
DA:31,75
DA:32,75
DA:35,225
DA:36,150
DA:38,150
DA:41,75
DA:42,75
DA:43,75
DA:44,150
DA:47,75
DA:48,75
DA:49,225
DA:51,225
DA:53,225
DA:56,11083926
DA:58,11083926
DA:60,11083926
DA:61,18227684
DA:62,1970084
DA:63,3165544
DA:64,387312
DA:65,774624
DA:67,0
DA:69,11083926
DA:73,9113842
DA:75,9113842
DA:76,36455368
DA:77,9113842
DA:79,18227684
DA:80,18227684
DA:81,18227684
DA:83,9113842
DA:87,1582772
DA:90,3165544
DA:91,1582772
DA:92,1582772
DA:93,1582772
DA:96,1582772
DA:99,6331088
DA:100,3165544
DA:101,1582772
DA:102,1582772
DA:106,3165544
DA:107,3165544
DA:108,3165544
DA:110,3165544
DA:111,3165544
DA:113,1582772
DA:117,387312
DA:120,387312
DA:123,387312
DA:124,387312
DA:126,387312
DA:129,1549248
DA:130,387312
DA:131,387312
DA:132,387312
DA:136,774624
DA:137,774624
DA:138,387312
DA:139,774624
DA:140,774624
DA:142,387312
LF:75
LH:73
end_of_record
TN:
SF:/home/runner/work/raccoon/raccoon/src/materials/small_deformation_models/SmallDeformationJ2Plasticity.C
FN:10,_ZN28SmallDeformationJ2Plasticity11validParamsEv
FN:18,_ZN28SmallDeformationJ2PlasticityC2ERK15InputParameters
FN:24,_ZN28SmallDeformationJ2Plasticity11updateStateER18RankTwoTensorTemplIN11MetaPhysicL10DualNumberIdNS1_35SemiDynamicSparseNumberArrayGenericIdmNS1_8NWrapperILm64EEENS1_19DynamicArrayWrapperISt5arraydLm64EEEEELb1EEEESC_
FN:56,_ZN28SmallDeformationJ2Plasticity24computeReferenceResidualERKN11MetaPhysicL10DualNumberIdNS0_35SemiDynamicSparseNumberArrayGenericIdmNS0_8NWrapperILm64EEENS0_19DynamicArrayWrapperISt5arraydLm64EEEEELb1EEESB_
FN:65,_ZN28SmallDeformationJ2Plasticity15computeResidualERKN11MetaPhysicL10DualNumberIdNS0_35SemiDynamicSparseNumberArrayGenericIdmNS0_8NWrapperILm64EEENS0_19DynamicArrayWrapperISt5arraydLm64EEEEELb1EEESB_
FN:74,_ZN28SmallDeformationJ2Plasticity17computeDerivativeERKN11MetaPhysicL10DualNumberIdNS0_35SemiDynamicSparseNumberArrayGenericIdmNS0_8NWrapperILm64EEENS0_19DynamicArrayWrapperISt5arraydLm64EEEEELb1EEESB_
FNDA:398,_ZN28SmallDeformationJ2Plasticity17computeDerivativeERKN11MetaPhysicL10DualNumberIdNS0_35SemiDynamicSparseNumberArrayGenericIdmNS0_8NWrapperILm64EEENS0_19DynamicArrayWrapperISt5arraydLm64EEEEELb1EEESB_
FNDA:123792,_ZN28SmallDeformationJ2Plasticity11updateStateER18RankTwoTensorTemplIN11MetaPhysicL10DualNumberIdNS1_35SemiDynamicSparseNumberArrayGenericIdmNS1_8NWrapperILm64EEENS1_19DynamicArrayWrapperISt5arraydLm64EEEEELb1EEEESC_
FNDA:144,_ZN28SmallDeformationJ2Plasticity11validParamsEv
FNDA:6,_ZN28SmallDeformationJ2PlasticityC2ERK15InputParameters
FNDA:398,_ZN28SmallDeformationJ2Plasticity24computeReferenceResidualERKN11MetaPhysicL10DualNumberIdNS0_35SemiDynamicSparseNumberArrayGenericIdmNS0_8NWrapperILm64EEENS0_19DynamicArrayWrapperISt5arraydLm64EEEEELb1EEESB_
FNDA:124190,_ZN28SmallDeformationJ2Plasticity15computeResidualERKN11MetaPhysicL10DualNumberIdNS0_35SemiDynamicSparseNumberArrayGenericIdmNS0_8NWrapperILm64EEENS0_19DynamicArrayWrapperISt5arraydLm64EEEEELb1EEESB_
FNF:6
FNH:6
DA:10,144
DA:12,144
DA:13,144
DA:15,144
DA:16,0
DA:18,6
DA:19,6
DA:21,6
DA:24,123792
DA:29,123792
DA:30,123792
DA:31,123792
DA:35,123792
DA:36,123792
DA:37,123792
DA:38,41360
DA:39,247584
DA:40,247584
DA:43,123792
DA:44,123792
DA:45,134
DA:46,247584
DA:47,123792
DA:50,247584
DA:51,123792
DA:52,123792
DA:53,123792
DA:56,398
DA:60,398
DA:61,1194
DA:65,124190
DA:68,124190
DA:69,248380
DA:70,372570
DA:74,398
DA:77,398
DA:78,796
LF:37
LH:36
end_of_record
TN:
SF:/home/runner/work/raccoon/raccoon/src/materials/small_deformation_models/SmallDeformationPlasticityModel.C
FN:9,_ZN31SmallDeformationPlasticityModel11validParamsEv
FN:23,_ZN31SmallDeformationPlasticityModelC2ERK15InputParameters
FN:37,_ZN31SmallDeformationPlasticityModel12initialSetupEv
FN:47,_ZN31SmallDeformationPlasticityModel5setQpEj
FN:54,_ZN31SmallDeformationPlasticityModel18setElasticityModelEP31SmallDeformationElasticityModel
FN:61,_ZN31SmallDeformationPlasticityModel24initQpStatefulPropertiesEv
FNDA:144,_ZN31SmallDeformationPlasticityModel11validParamsEv
FNDA:6,_ZN31SmallDeformationPlasticityModel12initialSetupEv
FNDA:123792,_ZN31SmallDeformationPlasticityModel5setQpEj
FNDA:6,_ZN31SmallDeformationPlasticityModelC2ERK15InputParameters
FNDA:11508,_ZN31SmallDeformationPlasticityModel24initQpStatefulPropertiesEv
FNDA:6,_ZN31SmallDeformationPlasticityModel18setElasticityModelEP31SmallDeformationElasticityModel
FNF:6
FNH:6
DA:9,144
DA:11,144
DA:12,144
DA:13,144
DA:15,288
DA:17,144
DA:18,144
DA:20,144
DA:21,0
DA:23,6
DA:27,12
DA:28,6
DA:29,12
DA:30,12
DA:31,18
DA:32,12
DA:34,6
DA:37,6
DA:39,6
DA:40,6
DA:41,0
DA:42,0
DA:43,0
DA:44,6
DA:47,123792
DA:49,123792
DA:50,123792
DA:51,123792
DA:54,6
DA:57,6
DA:58,6
DA:61,11508
DA:63,11508
DA:64,11508
DA:65,11508
LF:35
LH:31
end_of_record
TN:
SF:/home/runner/work/raccoon/raccoon/src/postprocessors/ExternalWork.C
FN:10,_ZN12ExternalWork11validParamsEv
FN:25,_ZN12ExternalWorkC2ERK15InputParameters
FN:42,_ZN12ExternalWork10initializeEv
FN:48,_ZN12ExternalWork7executeEv
FN:54,_ZN12ExternalWork14computeQpValueEv
FN:63,_ZNK12ExternalWork8getValueEv
FN:69,_ZN12ExternalWork8finalizeEv
FN:75,_ZN12ExternalWork10threadJoinERK10UserObject
FNDA:1,_ZN12ExternalWorkC2ERK15InputParameters
FNDA:800,_ZN12ExternalWork7executeEv
FNDA:200,_ZN12ExternalWork10initializeEv
FNDA:200,_ZNK12ExternalWork8getValueEv
FNDA:0,_ZN12ExternalWork10threadJoinERK10UserObject
FNDA:138,_ZN12ExternalWork11validParamsEv
FNDA:200,_ZN12ExternalWork8finalizeEv
FNDA:800,_ZN12ExternalWork14computeQpValueEv
FNF:8
FNH:7
DA:10,138
DA:12,138
DA:13,138
DA:17,276
DA:19,276
DA:22,138
DA:23,0
DA:25,1
DA:27,1
DA:28,1
DA:29,1
DA:30,1
DA:31,1
DA:32,2
DA:34,1
DA:35,0
DA:37,1
DA:38,0
DA:39,1
DA:42,200
DA:44,200
DA:45,200
DA:48,800
DA:50,800
DA:51,800
DA:54,800
DA:56,800
DA:57,800
DA:59,800
DA:63,200
DA:65,200
DA:69,200
DA:71,200
DA:72,200
DA:75,0
DA:78,0
DA:79,0
LF:37
LH:31
end_of_record
TN:
SF:/home/runner/work/raccoon/raccoon/src/postprocessors/KineticEnergy.C
FN:10,_ZN13KineticEnergy11validParamsEv
FN:25,_ZN13KineticEnergyC2ERK15InputParameters
FN:37,_ZN13KineticEnergy17computeQpIntegralEv
FNDA:136,_ZN13KineticEnergy11validParamsEv
FNDA:0,_ZN13KineticEnergy17computeQpIntegralEv
FNDA:0,_ZN13KineticEnergyC2ERK15InputParameters
FNF:3
FNH:1
DA:10,136
DA:12,136
DA:13,136
DA:14,136
DA:18,272
DA:20,272
DA:22,136
DA:23,0
DA:25,0
DA:28,0
DA:29,0
DA:30,0
DA:32,0
DA:33,0
DA:34,0
DA:37,0
DA:39,0
DA:40,0
LF:18
LH:7
end_of_record
TN:
SF:/home/runner/work/raccoon/raccoon/src/postprocessors/LargeDeformationJIntegral.C
FN:10,_ZN25LargeDeformationJIntegral11validParamsEv
FN:23,_ZN25LargeDeformationJIntegralC2ERK15InputParameters
FN:35,_ZN25LargeDeformationJIntegral17computeQpIntegralEv
FNDA:136,_ZN25LargeDeformationJIntegral11validParamsEv
FNDA:0,_ZN25LargeDeformationJIntegral17computeQpIntegralEv
FNDA:0,_ZN25LargeDeformationJIntegralC2ERK15InputParameters
FNF:3
FNH:1
DA:10,136
DA:12,136
DA:13,136
DA:14,136
DA:17,272
DA:18,272
DA:20,136
DA:21,0
DA:23,0
DA:26,0
DA:27,0
DA:28,0
DA:29,0
DA:30,0
DA:32,0
DA:35,0
DA:37,0
DA:38,0
DA:39,0
DA:40,0
DA:41,0
LF:21
LH:7
end_of_record
TN:
SF:/home/runner/work/raccoon/raccoon/src/postprocessors/PhaseFieldJIntegral.C
FN:10,_ZN19PhaseFieldJIntegral11validParamsEv
FN:25,_ZN19PhaseFieldJIntegralC2ERK15InputParameters
FN:40,_ZN19PhaseFieldJIntegral17computeQpIntegralEv
FNDA:148,_ZN19PhaseFieldJIntegral11validParamsEv
FNDA:6,_ZN19PhaseFieldJIntegralC2ERK15InputParameters
FNDA:15624,_ZN19PhaseFieldJIntegral17computeQpIntegralEv
FNF:3
FNH:3
DA:10,148
DA:12,148
DA:13,148
DA:14,148
DA:15,296
DA:16,296
DA:19,296
DA:22,148
DA:23,0
DA:25,6
DA:28,18
DA:29,12
DA:30,6
DA:31,6
DA:32,18
DA:35,12
DA:36,6
DA:37,6
DA:40,15624
DA:43,15624
DA:44,15624
DA:45,31248
DA:46,15624
DA:47,15624
LF:24
LH:23
end_of_record
TN:
SF:/home/runner/work/raccoon/raccoon/src/postprocessors/SolutionChangeNorm.C
FN:11,_ZN18SolutionChangeNorm11validParamsEv
FN:21,_ZN18SolutionChangeNormC2ERK15InputParameters
FN:29,_ZNK18SolutionChangeNorm8getValueEv
FN:35,_ZN18SolutionChangeNorm17computeQpIntegralEv
FNDA:39,_ZNK18SolutionChangeNorm8getValueEv
FNDA:1,_ZN18SolutionChangeNormC2ERK15InputParameters
FNDA:138,_ZN18SolutionChangeNorm11validParamsEv
FNDA:1560000,_ZN18SolutionChangeNorm17computeQpIntegralEv
FNF:4
FNH:4
DA:11,138
DA:13,138
DA:14,138
DA:16,276
DA:18,138
DA:19,0
DA:21,1
DA:23,1
DA:24,2
DA:26,1
DA:29,39
DA:31,39
DA:35,1560000
DA:38,3120000
DA:39,1560000
DA:40,1560000
LF:16
LH:15
end_of_record
TN:
SF:/home/runner/work/raccoon/raccoon/src/postprocessors/SolutionChangeNormFixedPoint.C
FN:12,_ZN28SolutionChangeNormFixedPoint11validParamsEv
FN:26,_ZN28SolutionChangeNormFixedPointC2ERK15InputParameters
FN:38,_ZN28SolutionChangeNormFixedPoint10initializeEv
FN:53,_ZN28SolutionChangeNormFixedPoint17computeQpIntegralEv
FN:72,_ZNK28SolutionChangeNormFixedPoint8getValueEv
FN:78,_ZN28SolutionChangeNormFixedPoint8finalizeEv
FNDA:64,_ZN28SolutionChangeNormFixedPoint17computeQpIntegralEv
FNDA:4,_ZNK28SolutionChangeNormFixedPoint8getValueEv
FNDA:138,_ZN28SolutionChangeNormFixedPoint11validParamsEv
FNDA:4,_ZN28SolutionChangeNormFixedPoint8finalizeEv
FNDA:4,_ZN28SolutionChangeNormFixedPoint10initializeEv
FNDA:1,_ZN28SolutionChangeNormFixedPointC2ERK15InputParameters
FNF:6
FNH:6
DA:12,138
DA:14,138
DA:15,138
DA:19,276
DA:22,414
DA:23,138
DA:24,138
DA:26,1
DA:33,2
DA:35,1
DA:38,4
DA:40,4
DA:42,4
DA:45,4
DA:49,4
DA:50,4
DA:53,64
DA:57,64
DA:58,64
DA:61,320
DA:63,256
DA:64,256
DA:67,64
DA:68,64
DA:72,4
DA:74,4
DA:78,4
DA:80,4
DA:81,4
DA:82,4
DA:83,4
LF:31
LH:31
end_of_record
TN:
SF:/home/runner/work/raccoon/raccoon/src/utils/RaccoonUtils.C
FN:14,_ZN12RaccoonUtils8MacaulayEN11MetaPhysicL10DualNumberIdNS0_35SemiDynamicSparseNumberArrayGenericIdmNS0_8NWrapperILm64EEENS0_19DynamicArrayWrapperISt5arraydLm64EEEEELb1EEEb
FN:23,_ZN12RaccoonUtils8MacaulayERKSt6vectorIN11MetaPhysicL10DualNumberIdNS1_35SemiDynamicSparseNumberArrayGenericIdmNS1_8NWrapperILm64EEENS1_19DynamicArrayWrapperISt5arraydLm64EEEEELb1EEESaISA_EEb
FN:32,_ZN12RaccoonUtils21spectralDecompositionERK18RankTwoTensorTemplIN11MetaPhysicL10DualNumberIdNS1_35SemiDynamicSparseNumberArrayGenericIdmNS1_8NWrapperILm64EEENS1_19DynamicArrayWrapperISt5arraydLm64EEEEELb1EEEE
FN:44,_ZN12RaccoonUtils3logERK18RankTwoTensorTemplIN11MetaPhysicL10DualNumberIdNS1_35SemiDynamicSparseNumberArrayGenericIdmNS1_8NWrapperILm64EEENS1_19DynamicArrayWrapperISt5arraydLm64EEEEELb1EEEE
FN:57,_ZN12RaccoonUtils3expERK18RankTwoTensorTemplIN11MetaPhysicL10DualNumberIdNS1_35SemiDynamicSparseNumberArrayGenericIdmNS1_8NWrapperILm64EEENS1_19DynamicArrayWrapperISt5arraydLm64EEEEELb1EEEE
FNDA:1582772,_ZN12RaccoonUtils8MacaulayERKSt6vectorIN11MetaPhysicL10DualNumberIdNS1_35SemiDynamicSparseNumberArrayGenericIdmNS1_8NWrapperILm64EEENS1_19DynamicArrayWrapperISt5arraydLm64EEEEELb1EEESaISA_EEb
FNDA:6718400,_ZN12RaccoonUtils8MacaulayEN11MetaPhysicL10DualNumberIdNS0_35SemiDynamicSparseNumberArrayGenericIdmNS0_8NWrapperILm64EEENS0_19DynamicArrayWrapperISt5arraydLm64EEEEELb1EEEb
FNDA:290824,_ZN12RaccoonUtils3expERK18RankTwoTensorTemplIN11MetaPhysicL10DualNumberIdNS1_35SemiDynamicSparseNumberArrayGenericIdmNS1_8NWrapperILm64EEENS1_19DynamicArrayWrapperISt5arraydLm64EEEEELb1EEEE
FNDA:473800,_ZN12RaccoonUtils3logERK18RankTwoTensorTemplIN11MetaPhysicL10DualNumberIdNS1_35SemiDynamicSparseNumberArrayGenericIdmNS1_8NWrapperILm64EEENS1_19DynamicArrayWrapperISt5arraydLm64EEEEELb1EEEE
FNDA:1582772,_ZN12RaccoonUtils21spectralDecompositionERK18RankTwoTensorTemplIN11MetaPhysicL10DualNumberIdNS1_35SemiDynamicSparseNumberArrayGenericIdmNS1_8NWrapperILm64EEENS1_19DynamicArrayWrapperISt5arraydLm64EEEEELb1EEEE
FNF:5
FNH:5
DA:14,6718400
DA:17,6718400
DA:18,0
DA:19,20155200
DA:23,1582772
DA:25,1582772
DA:26,6331088
DA:27,4748316
DA:28,1582772
DA:32,1582772
DA:34,1582772
DA:35,1582772
DA:36,1582772
DA:38,1582772
DA:39,1582772
DA:40,1582772
DA:44,473800
DA:48,473800
DA:49,473800
DA:50,1895200
DA:51,1421400
DA:52,473800
DA:53,473800
DA:57,290824
DA:61,290824
DA:62,290824
DA:63,1163296
DA:64,872472
DA:65,290824
DA:66,290824
LF:30
LH:29
end_of_record
