TN:
SF:/home/runner/work/raccoon/raccoon/src/auxkernels/ConditionalBoundsAux.C
FN:6,_ZN20ConditionalBoundsAux11validParamsEv
FN:21,_ZN20ConditionalBoundsAuxC2ERK15InputParameters
FN:29,_ZN20ConditionalBoundsAux8getBoundEv
FNDA:132,_ZN20ConditionalBoundsAux11validParamsEv
FNDA:50876,_ZN20ConditionalBoundsAux8getBoundEv
FNDA:2,_ZN20ConditionalBoundsAuxC2ERK15InputParameters
FNF:3
FNH:3
DA:6,132
DA:8,132
DA:9,132
DA:13,264
DA:14,264
DA:16,264
DA:17,132
DA:18,132
DA:19,0
DA:21,2
DA:23,2
DA:24,6
DA:26,2
DA:29,50876
DA:32,50876
DA:33,50876
DA:35,0
DA:36,50876
DA:39,49864
LF:19
LH:17
end_of_record
TN:
SF:/home/runner/work/raccoon/raccoon/src/base/raccoonApp.C
FN:13,_ZN10raccoonApp11validParamsEv
FN:22,_ZN10raccoonAppC2E15InputParameters
FN:27,_ZN10raccoonAppD2Ev
FN:27,_ZN10raccoonAppD0Ev
FN:30,_ZN10raccoonApp11registerAllER7FactoryR13ActionFactoryR6Syntax
FN:38,_ZN10raccoonApp12registerAppsEv
FN:47,raccoonApp__registerAll
FN:52,raccoonApp__registerApps
FNDA:0,raccoonApp__registerAll
FNDA:63,_ZN10raccoonApp11validParamsEv
FNDA:0,_ZN10raccoonAppC2E15InputParameters
FNDA:40,_ZN10raccoonApp12registerAppsEv
FNDA:63,_ZN10raccoonApp11registerAllER7FactoryR13ActionFactoryR6Syntax
FNDA:0,_ZN10raccoonAppD0Ev
FNDA:0,_ZN10raccoonAppD2Ev
FNDA:0,raccoonApp__registerApps
FNF:8
FNH:3
DA:13,63
DA:15,63
DA:16,63
DA:17,63
DA:18,63
DA:19,63
DA:20,0
DA:22,0
DA:24,0
DA:25,0
DA:27,0
DA:30,63
DA:32,63
DA:33,189
DA:34,189
DA:35,189
DA:38,40
DA:40,40
DA:41,40
DA:47,0
DA:49,0
DA:50,0
DA:52,0
DA:54,0
DA:55,0
LF:25
LH:14
end_of_record
TN:
SF:/home/runner/work/raccoon/raccoon/src/bcs/LoadingUnloadingDirichletBC.C
FN:10,_ZN27LoadingUnloadingDirichletBC11validParamsEv
FN:35,_ZN27LoadingUnloadingDirichletBCC2ERK15InputParameters
FN:48,_ZN27LoadingUnloadingDirichletBC13timestepSetupEv
FN:89,_ZN27LoadingUnloadingDirichletBC14computeQpValueEv
FNDA:0,_ZN27LoadingUnloadingDirichletBCC2ERK15InputParameters
FNDA:0,_ZN27LoadingUnloadingDirichletBC14computeQpValueEv
FNDA:128,_ZN27LoadingUnloadingDirichletBC11validParamsEv
FNDA:0,_ZN27LoadingUnloadingDirichletBC13timestepSetupEv
FNF:4
FNH:1
DA:10,128
DA:12,128
DA:13,128
DA:19,256
DA:23,256
DA:25,256
DA:26,256
DA:28,256
DA:32,128
DA:33,0
DA:35,0
DA:37,0
DA:38,0
DA:39,0
DA:40,0
DA:41,0
DA:42,0
DA:43,0
DA:45,0
DA:48,0
DA:50,0
DA:51,0
DA:52,0
DA:54,0
DA:55,0
DA:56,0
DA:59,0
DA:61,0
DA:62,0
DA:64,0
DA:65,0
DA:66,0
DA:67,0
DA:68,0
DA:69,0
DA:70,0
DA:75,0
DA:78,0
DA:79,0
DA:80,0
DA:82,0
DA:83,0
DA:85,0
DA:86,0
DA:89,0
DA:91,0
LF:46
LH:9
end_of_record
TN:
SF:/home/runner/work/raccoon/raccoon/src/bcs/ModeISurfingDirichletBC.C
FN:10,_ZN23ModeISurfingDirichletBC11validParamsEv
FN:30,_ZN23ModeISurfingDirichletBCC2ERK15InputParameters
FN:42,_ZN23ModeISurfingDirichletBC17computeQpResidualEv
FNDA:0,_ZN23ModeISurfingDirichletBC17computeQpResidualEv
FNDA:128,_ZN23ModeISurfingDirichletBC11validParamsEv
FNDA:0,_ZN23ModeISurfingDirichletBCC2ERK15InputParameters
FNF:3
FNH:1
DA:10,128
DA:12,128
DA:13,128
DA:18,128
DA:19,128
DA:20,128
DA:21,128
DA:23,256
DA:24,256
DA:25,256
DA:26,256
DA:27,128
DA:28,0
DA:30,0
DA:32,0
DA:33,0
DA:34,0
DA:35,0
DA:36,0
DA:37,0
DA:39,0
DA:42,0
DA:44,0
DA:45,0
DA:46,0
DA:48,0
DA:49,0
DA:50,0
DA:51,0
DA:52,0
DA:53,0
DA:54,0
DA:55,0
DA:56,0
DA:58,0
DA:59,0
DA:60,0
DA:61,0
DA:62,0
DA:63,0
LF:40
LH:12
end_of_record
TN:
SF:/home/runner/work/raccoon/raccoon/src/ics/BrittleDamageIC.C
FN:10,_ZN15BrittleDamageIC11validParamsEv
FN:22,_ZN15BrittleDamageICC2ERK15InputParameters
FN:28,_ZN15BrittleDamageIC5valueERKN7libMesh5PointE
FNDA:0,_ZN15BrittleDamageIC5valueERKN7libMesh5PointE
FNDA:128,_ZN15BrittleDamageIC11validParamsEv
FNDA:0,_ZN15BrittleDamageICC2ERK15InputParameters
FNF:3
FNH:1
DA:10,128
DA:12,128
DA:13,128
DA:17,256
DA:18,256
DA:19,128
DA:20,0
DA:22,0
DA:23,0
DA:25,0
DA:28,0
DA:30,0
DA:32,0
DA:33,0
DA:34,0
DA:36,0
DA:38,0
LF:17
LH:6
end_of_record
TN:
SF:/home/runner/work/raccoon/raccoon/src/ics/CohesiveDamageIC.C
FN:10,_ZN16CohesiveDamageIC11validParamsEv
FN:20,_ZN16CohesiveDamageICC2ERK15InputParameters
FN:23,_ZN16CohesiveDamageIC5valueERKN7libMesh5PointE
FNDA:0,_ZN16CohesiveDamageIC5valueERKN7libMesh5PointE
FNDA:0,_ZN16CohesiveDamageICC2ERK15InputParameters
FNDA:128,_ZN16CohesiveDamageIC11validParamsEv
FNF:3
FNH:1
DA:10,128
DA:12,128
DA:13,128
DA:17,128
DA:18,0
DA:20,0
DA:23,0
DA:25,0
DA:27,0
DA:28,0
DA:29,0
DA:31,0
DA:33,0
LF:13
LH:4
end_of_record
TN:
SF:/home/runner/work/raccoon/raccoon/src/ics/DamageICBase.C
FN:8,_ZN12DamageICBase11validParamsEv
FN:22,_ZN12DamageICBaseC2ERK15InputParameters
FN:41,_ZN12DamageICBase4distERKN7libMesh5PointE
FNDA:0,_ZN12DamageICBaseC2ERK15InputParameters
FNDA:0,_ZN12DamageICBase4distERKN7libMesh5PointE
FNDA:256,_ZN12DamageICBase11validParamsEv
FNF:3
FNH:1
DA:8,256
DA:11,512
DA:12,512
DA:13,512
DA:14,512
DA:15,512
DA:16,512
DA:17,512
DA:18,512
DA:19,256
DA:20,0
DA:22,0
DA:24,0
DA:25,0
DA:26,0
DA:27,0
DA:28,0
DA:29,0
DA:30,0
DA:31,0
DA:38,0
DA:41,0
DA:44,0
DA:49,0
DA:54,0
DA:55,0
DA:56,0
DA:63,0
DA:64,0
DA:65,0
DA:67,0
DA:68,0
DA:72,0
DA:73,0
DA:74,0
DA:79,0
DA:83,0
LF:37
LH:10
end_of_record
TN:
SF:/home/runner/work/raccoon/raccoon/src/interfaces/BaseNameInterface.C
FN:8,_ZN17BaseNameInterface11validParamsEv
FN:18,_ZN17BaseNameInterfaceC2ERK15InputParameters
FN:25,_ZNK17BaseNameInterface15prependBaseNameE20MaterialPropertyNameb
FN:33,_ZNK17BaseNameInterface15prependBaseNameERKSt6vectorI20MaterialPropertyNameSaIS1_EE
FNDA:409,_ZN17BaseNameInterfaceC2ERK15InputParameters
FNDA:1524,_ZNK17BaseNameInterface15prependBaseNameE20MaterialPropertyNameb
FNDA:4408,_ZN17BaseNameInterface11validParamsEv
FNDA:48,_ZNK17BaseNameInterface15prependBaseNameERKSt6vectorI20MaterialPropertyNameSaIS1_EE
FNF:4
FNH:4
DA:8,4408
DA:10,4408
DA:11,8816
DA:15,4408
DA:16,0
DA:18,409
DA:19,409
DA:20,409
DA:22,409
DA:25,1524
DA:27,1524
DA:28,1692
DA:29,1356
DA:33,48
DA:36,51
DA:37,6
DA:38,48
DA:39,0
LF:18
LH:16
end_of_record
TN:
SF:/home/runner/work/raccoon/raccoon/src/kernels/ADCoefMatDiffusion.C
FN:10,_ZN18ADCoefMatDiffusion11validParamsEv
FN:22,_ZN18ADCoefMatDiffusionC2ERK15InputParameters
FN:34,_ZN18ADCoefMatDiffusion17computeQpResidualEv
FNDA:0,_ZN18ADCoefMatDiffusionC2ERK15InputParameters
FNDA:128,_ZN18ADCoefMatDiffusion11validParamsEv
FNDA:0,_ZN18ADCoefMatDiffusion17computeQpResidualEv
FNF:3
FNH:1
DA:10,128
DA:12,128
DA:13,128
DA:16,256
DA:17,256
DA:19,128
DA:20,0
DA:22,0
DA:24,0
DA:25,0
DA:26,0
DA:28,0
DA:29,0
DA:30,0
DA:31,0
DA:34,0
DA:36,0
DA:37,0
DA:38,0
DA:40,0
DA:42,0
LF:21
LH:6
end_of_record
TN:
SF:/home/runner/work/raccoon/raccoon/src/kernels/ADCoefMatReaction.C
FN:10,_ZN17ADCoefMatReaction11validParamsEv
FN:22,_ZN17ADCoefMatReactionC2ERK15InputParameters
FN:34,_ZN17ADCoefMatReaction20precomputeQpResidualEv
FNDA:128,_ZN17ADCoefMatReaction11validParamsEv
FNDA:0,_ZN17ADCoefMatReactionC2ERK15InputParameters
FNDA:0,_ZN17ADCoefMatReaction20precomputeQpResidualEv
FNF:3
FNH:1
DA:10,128
DA:12,128
DA:13,128
DA:16,256
DA:17,256
DA:19,128
DA:20,0
DA:22,0
DA:24,0
DA:25,0
DA:26,0
DA:28,0
DA:29,0
DA:30,0
DA:31,0
DA:34,0
DA:36,0
DA:37,0
DA:38,0
DA:39,0
LF:20
LH:6
end_of_record
TN:
SF:/home/runner/work/raccoon/raccoon/src/kernels/ADCoefMatSource.C
FN:10,_ZN15ADCoefMatSource11validParamsEv
FN:21,_ZN15ADCoefMatSourceC2ERK15InputParameters
FN:33,_ZN15ADCoefMatSource20precomputeQpResidualEv
FNDA:422664,_ZN15ADCoefMatSource20precomputeQpResidualEv
FNDA:5,_ZN15ADCoefMatSourceC2ERK15InputParameters
FNDA:138,_ZN15ADCoefMatSource11validParamsEv
FNF:3
FNH:3
DA:10,138
DA:12,138
DA:13,138
DA:15,276
DA:16,276
DA:18,138
DA:19,0
DA:21,5
DA:23,5
DA:24,10
DA:25,10
DA:27,5
DA:28,10
DA:29,5
DA:30,5
DA:33,422664
DA:35,422664
DA:36,845328
DA:37,422664
DA:39,422664
LF:20
LH:19
end_of_record
TN:
SF:/home/runner/work/raccoon/raccoon/src/kernels/ADPFFDiffusion.C
FN:10,_ZN14ADPFFDiffusion11validParamsEv
FN:26,_ZN14ADPFFDiffusionC2ERK15InputParameters
FN:36,_ZN14ADPFFDiffusion17computeQpResidualEv
FNDA:178,_ZN14ADPFFDiffusion11validParamsEv
FNDA:25,_ZN14ADPFFDiffusionC2ERK15InputParameters
FNDA:4831720,_ZN14ADPFFDiffusion17computeQpResidualEv
FNF:3
FNH:3
DA:10,178
DA:12,178
DA:13,178
DA:14,178
DA:17,356
DA:19,356
DA:21,356
DA:23,178
DA:24,0
DA:26,25
DA:29,75
DA:30,75
DA:31,75
DA:33,25
DA:36,4831720
DA:38,4831720
DA:40,9663440
LF:17
LH:16
end_of_record
TN:
SF:/home/runner/work/raccoon/raccoon/src/kernels/ADPFFPressure.C
FN:10,_ZN13ADPFFPressure11validParamsEv
FN:28,_ZN13ADPFFPressureC2ERK15InputParameters
FN:47,_ZN13ADPFFPressure20precomputeQpResidualEv
FNDA:2,_ZN13ADPFFPressureC2ERK15InputParameters
FNDA:132,_ZN13ADPFFPressure11validParamsEv
FNDA:80800,_ZN13ADPFFPressure20precomputeQpResidualEv
FNF:3
FNH:3
DA:10,132
DA:12,132
DA:13,132
DA:14,132
DA:18,264
DA:19,264
DA:22,264
DA:25,132
DA:26,0
DA:28,2
DA:32,4
DA:33,2
DA:34,2
DA:35,6
DA:36,4
DA:39,6
DA:40,4
DA:42,4
DA:43,2
DA:44,2
DA:47,80800
DA:49,80800
DA:50,161600
LF:23
LH:22
end_of_record
TN:
SF:/home/runner/work/raccoon/raccoon/src/kernels/ADPFFSource.C
FN:10,_ZN11ADPFFSource11validParamsEv
FN:21,_ZN11ADPFFSourceC2ERK15InputParameters
FN:30,_ZN11ADPFFSource20precomputeQpResidualEv
FNDA:25,_ZN11ADPFFSourceC2ERK15InputParameters
FNDA:178,_ZN11ADPFFSource11validParamsEv
FNDA:1239140,_ZN11ADPFFSource20precomputeQpResidualEv
FNF:3
FNH:3
DA:10,178
DA:12,178
DA:13,178
DA:15,356
DA:18,178
DA:19,0
DA:21,25
DA:24,50
DA:25,75
DA:27,25
DA:30,1239140
DA:32,1239140
LF:12
LH:11
end_of_record
TN:
SF:/home/runner/work/raccoon/raccoon/src/kernels/ADPressurizedCrack.C
FN:10,_ZN18ADPressurizedCrack11validParamsEv
FN:29,_ZN18ADPressurizedCrackC2ERK15InputParameters
FN:42,_ZN18ADPressurizedCrack20precomputeQpResidualEv
FNDA:136,_ZN18ADPressurizedCrack11validParamsEv
FNDA:406400,_ZN18ADPressurizedCrack20precomputeQpResidualEv
FNDA:4,_ZN18ADPressurizedCrackC2ERK15InputParameters
FNF:3
FNH:3
DA:10,136
DA:12,136
DA:13,136
DA:14,136
DA:17,272
DA:18,272
DA:19,272
DA:23,272
DA:26,136
DA:27,0
DA:29,4
DA:33,4
DA:34,8
DA:35,4
DA:36,16
DA:37,8
DA:39,4
DA:42,406400
DA:44,406400
LF:19
LH:18
end_of_record
TN:
SF:/home/runner/work/raccoon/raccoon/src/main.C
FN:10,main
FNDA:40,main
FNF:1
FNH:1
DA:10,40
DA:12,40
LF:2
LH:2
end_of_record
TN:
SF:/home/runner/work/raccoon/raccoon/src/materials/ArrheniusLaw.C
FN:10,_ZN12ArrheniusLaw11validParamsEv
FN:27,_ZN12ArrheniusLawC2ERK15InputParameters
FN:42,_ZN12ArrheniusLaw19computeQpPropertiesEv
FNDA:144,_ZN12ArrheniusLaw11validParamsEv
FNDA:12,_ZN12ArrheniusLawC2ERK15InputParameters
FNDA:33336,_ZN12ArrheniusLaw19computeQpPropertiesEv
FNF:3
FNH:3
DA:10,144
DA:12,144
DA:13,144
DA:14,144
DA:18,288
DA:20,288
DA:21,288
DA:22,288
DA:24,144
DA:25,0
DA:27,12
DA:31,12
DA:32,12
DA:33,12
DA:34,72
DA:35,24
DA:36,24
DA:37,24
DA:39,24
DA:42,33336
DA:44,66672
DA:45,66672
DA:46,33336
LF:23
LH:22
end_of_record
TN:
SF:/home/runner/work/raccoon/raccoon/src/materials/ComputeEigenstrainFromFunctionInitialStress.C
FN:10,_ZN43ComputeEigenstrainFromFunctionInitialStress11validParamsEv
FN:32,_ZN43ComputeEigenstrainFromFunctionInitialStressC2ERK15InputParameters
FN:58,_ZN43ComputeEigenstrainFromFunctionInitialStress24initQpStatefulPropertiesEv
FN:64,_ZN43ComputeEigenstrainFromFunctionInitialStress19computeQpPropertiesEv
FNDA:128,_ZN43ComputeEigenstrainFromFunctionInitialStress11validParamsEv
FNDA:0,_ZN43ComputeEigenstrainFromFunctionInitialStress24initQpStatefulPropertiesEv
FNDA:0,_ZN43ComputeEigenstrainFromFunctionInitialStressC2ERK15InputParameters
FNDA:0,_ZN43ComputeEigenstrainFromFunctionInitialStress19computeQpPropertiesEv
FNF:4
FNH:1
DA:10,128
DA:12,128
DA:13,128
DA:14,128
DA:20,256
DA:21,256
DA:22,256
DA:27,256
DA:29,128
DA:30,0
DA:32,0
DA:33,0
DA:36,0
DA:37,0
DA:38,0
DA:39,0
DA:42,0
DA:45,0
DA:46,0
DA:48,0
DA:49,0
DA:50,0
DA:52,0
DA:53,0
DA:54,0
DA:55,0
DA:58,0
DA:60,0
DA:61,0
DA:64,0
DA:67,0
DA:68,0
DA:69,0
DA:70,0
DA:71,0
DA:73,0
DA:74,0
DA:75,0
DA:76,0
LF:39
LH:9
end_of_record
TN:
SF:/home/runner/work/raccoon/raccoon/src/materials/ComputeThermalExpansionEigenDeformationGradient.C
FN:10,_ZN47ComputeThermalExpansionEigenDeformationGradient11validParamsEv
FN:32,_ZN47ComputeThermalExpansionEigenDeformationGradientC2ERK15InputParameters
FN:44,_ZN47ComputeThermalExpansionEigenDeformationGradient24initQpStatefulPropertiesEv
FN:50,_ZN47ComputeThermalExpansionEigenDeformationGradient19computeQpPropertiesEv
FNDA:0,_ZN47ComputeThermalExpansionEigenDeformationGradient24initQpStatefulPropertiesEv
FNDA:3,_ZN47ComputeThermalExpansionEigenDeformationGradientC2ERK15InputParameters
FNDA:504,_ZN47ComputeThermalExpansionEigenDeformationGradient19computeQpPropertiesEv
FNDA:132,_ZN47ComputeThermalExpansionEigenDeformationGradient11validParamsEv
FNF:4
FNH:3
DA:10,132
DA:12,132
DA:13,132
DA:14,132
DA:19,264
DA:21,264
DA:24,264
DA:25,264
DA:28,132
DA:29,132
DA:30,0
DA:32,3
DA:33,3
DA:36,3
DA:37,3
DA:38,3
DA:39,6
DA:41,3
DA:44,0
DA:46,0
DA:47,0
DA:50,504
DA:53,504
DA:55,504
DA:56,1512
DA:57,504
LF:26
LH:22
end_of_record
TN:
SF:/home/runner/work/raccoon/raccoon/src/materials/CrackSurfaceDensity.C
FN:10,_ZN19CrackSurfaceDensity11validParamsEv
FN:32,_ZN19CrackSurfaceDensityC2ERK15InputParameters
FN:44,_ZN19CrackSurfaceDensity19computeQpPropertiesEv
FNDA:128,_ZN19CrackSurfaceDensity11validParamsEv
FNDA:0,_ZN19CrackSurfaceDensity19computeQpPropertiesEv
FNDA:0,_ZN19CrackSurfaceDensityC2ERK15InputParameters
FNF:3
FNH:1
DA:10,128
DA:12,128
DA:13,128
DA:14,128
DA:19,256
DA:20,256
DA:22,256
DA:24,256
DA:26,256
DA:29,128
DA:30,0
DA:32,0
DA:35,0
DA:36,0
DA:37,0
DA:38,0
DA:39,0
DA:41,0
DA:44,0
DA:46,0
DA:47,0
DA:48,0
LF:22
LH:10
end_of_record
TN:
SF:/home/runner/work/raccoon/raccoon/src/materials/PressureDensity.C
FN:10,_ZN15PressureDensity11validParamsEv
FN:29,_ZN15PressureDensityC2ERK15InputParameters
FN:42,_ZN15PressureDensity19computeQpPropertiesEv
FNDA:6,_ZN15PressureDensityC2ERK15InputParameters
FNDA:272800,_ZN15PressureDensity19computeQpPropertiesEv
FNDA:136,_ZN15PressureDensity11validParamsEv
FNF:3
FNH:3
DA:10,136
DA:12,136
DA:13,136
DA:14,136
DA:17,272
DA:20,272
DA:21,272
DA:22,272
DA:26,136
DA:27,0
DA:29,6
DA:33,6
DA:34,6
DA:35,12
DA:36,24
DA:37,12
DA:39,6
DA:42,272800
DA:44,545600
DA:45,272800
LF:20
LH:19
end_of_record
TN:
SF:/home/runner/work/raccoon/raccoon/src/materials/ThinFilmInterfaceEnergyDensity.C
FN:10,_ZN30ThinFilmInterfaceEnergyDensity11validParamsEv
FN:33,_ZN30ThinFilmInterfaceEnergyDensityC2ERK15InputParameters
FN:63,_ZN30ThinFilmInterfaceEnergyDensity19computeQpPropertiesEv
FNDA:0,_ZN30ThinFilmInterfaceEnergyDensity19computeQpPropertiesEv
FNDA:128,_ZN30ThinFilmInterfaceEnergyDensity11validParamsEv
FNDA:0,_ZN30ThinFilmInterfaceEnergyDensityC2ERK15InputParameters
FNF:3
FNH:1
DA:10,128
DA:12,128
DA:13,128
DA:14,128
DA:18,256
DA:21,256
DA:25,256
DA:26,256
DA:28,256
DA:30,128
DA:31,0
DA:33,0
DA:37,0
DA:38,0
DA:39,0
DA:41,0
DA:44,0
DA:45,0
DA:46,0
DA:47,0
DA:50,0
DA:51,0
DA:52,0
DA:54,0
DA:55,0
DA:58,0
DA:59,0
DA:60,0
DA:63,0
DA:65,0
DA:66,0
DA:67,0
DA:68,0
DA:69,0
LF:34
LH:10
end_of_record
TN:
SF:/home/runner/work/raccoon/raccoon/src/materials/hardening_models/ArrheniusLawHardening.C
FN:10,_ZN21ArrheniusLawHardening11validParamsEv
FN:41,_ZN21ArrheniusLawHardeningC2ERK15InputParameters
FN:73,_ZN21ArrheniusLawHardening13plasticEnergyERKN11MetaPhysicL10DualNumberIdNS0_28SemiDynamicSparseNumberArrayIdmNS0_8NWrapperILm64EEEEELb1EEEj
FN:95,_ZN21ArrheniusLawHardening18plasticDissipationERKN11MetaPhysicL10DualNumberIdNS0_28SemiDynamicSparseNumberArrayIdmNS0_8NWrapperILm64EEEEELb1EEES8_j
FN:115,_ZN21ArrheniusLawHardening16thermalConjugateERKN11MetaPhysicL10DualNumberIdNS0_28SemiDynamicSparseNumberArrayIdmNS0_8NWrapperILm64EEEEELb1EEE
FNDA:202358,_ZN21ArrheniusLawHardening18plasticDissipationERKN11MetaPhysicL10DualNumberIdNS0_28SemiDynamicSparseNumberArrayIdmNS0_8NWrapperILm64EEEEELb1EEES8_j
FNDA:33288,_ZN21ArrheniusLawHardening16thermalConjugateERKN11MetaPhysicL10DualNumberIdNS0_28SemiDynamicSparseNumberArrayIdmNS0_8NWrapperILm64EEEEELb1EEE
FNDA:144,_ZN21ArrheniusLawHardening11validParamsEv
FNDA:169070,_ZN21ArrheniusLawHardening13plasticEnergyERKN11MetaPhysicL10DualNumberIdNS0_28SemiDynamicSparseNumberArrayIdmNS0_8NWrapperILm64EEEEELb1EEEj
FNDA:12,_ZN21ArrheniusLawHardeningC2ERK15InputParameters
FNF:5
FNH:5
DA:10,144
DA:12,144
DA:13,144
DA:15,288
DA:17,288
DA:19,288
DA:22,288
DA:23,288
DA:27,288
DA:28,288
DA:34,288
DA:38,144
DA:39,0
DA:41,12
DA:44,24
DA:45,24
DA:46,12
DA:47,12
DA:48,60
DA:49,24
DA:51,24
DA:54,12
DA:55,12
DA:56,12
DA:57,24
DA:60,12
DA:61,12
DA:62,36
DA:65,24
DA:68,24
DA:70,48
DA:73,169070
DA:75,169070
DA:77,33336
DA:78,100008
DA:79,66672
DA:80,66672
DA:81,33336
DA:84,135734
DA:85,349340
DA:87,48399
DA:88,96798
DA:90,0
DA:95,202358
DA:99,202358
DA:101,133344
DA:104,169022
DA:105,482492
DA:107,48399
DA:108,96798
DA:110,0
DA:115,33288
DA:117,33288
DA:118,66576
LF:54
LH:51
end_of_record
TN:
SF:/home/runner/work/raccoon/raccoon/src/materials/hardening_models/ExponentialHardening.C
FN:10,_ZN20ExponentialHardening11validParamsEv
FN:32,_ZN20ExponentialHardeningC2ERK15InputParameters
FN:56,_ZN20ExponentialHardening13plasticEnergyERKN11MetaPhysicL10DualNumberIdNS0_28SemiDynamicSparseNumberArrayIdmNS0_8NWrapperILm64EEEEELb1EEEj
FNDA:89804,_ZN20ExponentialHardening13plasticEnergyERKN11MetaPhysicL10DualNumberIdNS0_28SemiDynamicSparseNumberArrayIdmNS0_8NWrapperILm64EEEEELb1EEEj
FNDA:132,_ZN20ExponentialHardening11validParamsEv
FNDA:3,_ZN20ExponentialHardeningC2ERK15InputParameters
FNF:3
FNH:3
DA:10,132
DA:12,132
DA:13,132
DA:15,264
DA:16,264
DA:18,264
DA:20,264
DA:22,264
DA:23,264
DA:27,264
DA:29,132
DA:30,0
DA:32,3
DA:35,9
DA:36,9
DA:37,9
DA:38,6
DA:40,6
DA:43,3
DA:44,3
DA:45,3
DA:46,6
DA:49,3
DA:50,3
DA:51,12
DA:53,9
DA:56,89804
DA:58,89804
DA:60,15024
DA:61,15024
DA:62,60096
DA:63,30048
DA:64,30048
DA:65,30048
DA:66,15024
DA:69,74780
DA:70,44902
DA:71,134706
DA:72,89804
DA:74,29878
DA:75,29878
DA:76,89634
DA:78,0
LF:43
LH:41
end_of_record
TN:
SF:/home/runner/work/raccoon/raccoon/src/materials/hardening_models/JohnsonCookHardening.C
FN:10,_ZN20JohnsonCookHardening11validParamsEv
FN:44,_ZN20JohnsonCookHardeningC2ERK15InputParameters
FN:75,_ZN20JohnsonCookHardening21temperatureDependenceEv
FN:81,_ZN20JohnsonCookHardening12initialGuessERKN11MetaPhysicL10DualNumberIdNS0_28SemiDynamicSparseNumberArrayIdmNS0_8NWrapperILm64EEEEELb1EEE
FN:92,_ZN20JohnsonCookHardening13plasticEnergyERKN11MetaPhysicL10DualNumberIdNS0_28SemiDynamicSparseNumberArrayIdmNS0_8NWrapperILm64EEEEELb1EEEj
FN:118,_ZN20JohnsonCookHardening18plasticDissipationERKN11MetaPhysicL10DualNumberIdNS0_28SemiDynamicSparseNumberArrayIdmNS0_8NWrapperILm64EEEEELb1EEES8_j
FN:158,_ZN20JohnsonCookHardening16thermalConjugateERKN11MetaPhysicL10DualNumberIdNS0_28SemiDynamicSparseNumberArrayIdmNS0_8NWrapperILm64EEEEELb1EEE
FNDA:3,_ZN20JohnsonCookHardeningC2ERK15InputParameters
FNDA:237472,_ZN20JohnsonCookHardening13plasticEnergyERKN11MetaPhysicL10DualNumberIdNS0_28SemiDynamicSparseNumberArrayIdmNS0_8NWrapperILm64EEEEELb1EEEj
FNDA:6912,_ZN20JohnsonCookHardening12initialGuessERKN11MetaPhysicL10DualNumberIdNS0_28SemiDynamicSparseNumberArrayIdmNS0_8NWrapperILm64EEEEELb1EEE
FNDA:492808,_ZN20JohnsonCookHardening21temperatureDependenceEv
FNDA:132,_ZN20JohnsonCookHardening11validParamsEv
FNDA:248424,_ZN20JohnsonCookHardening18plasticDissipationERKN11MetaPhysicL10DualNumberIdNS0_28SemiDynamicSparseNumberArrayIdmNS0_8NWrapperILm64EEEEELb1EEES8_j
FNDA:10952,_ZN20JohnsonCookHardening16thermalConjugateERKN11MetaPhysicL10DualNumberIdNS0_28SemiDynamicSparseNumberArrayIdmNS0_8NWrapperILm64EEEEELb1EEE
FNF:7
FNH:7
DA:10,132
DA:12,132
DA:13,132
DA:15,264
DA:17,264
DA:18,264
DA:19,264
DA:21,264
DA:23,264
DA:24,264
DA:25,264
DA:30,264
DA:31,264
DA:32,264
DA:33,264
DA:35,264
DA:36,264
DA:40,264
DA:41,132
DA:42,0
DA:44,3
DA:47,6
DA:48,6
DA:49,6
DA:50,6
DA:51,6
DA:52,6
DA:53,3
DA:54,6
DA:55,6
DA:56,6
DA:57,6
DA:58,6
DA:59,6
DA:62,3
DA:63,3
DA:64,3
DA:65,6
DA:68,3
DA:69,3
DA:70,12
DA:72,9
DA:75,492808
DA:77,492808
DA:81,6912
DA:84,13824
DA:85,6912
DA:86,0
DA:87,6912
DA:88,13824
DA:92,237472
DA:94,237472
DA:96,21936
DA:97,32904
DA:98,21936
DA:99,21936
DA:100,21936
DA:101,10968
DA:104,226504
DA:106,474944
DA:107,237472
DA:109,107768
DA:111,215536
DA:112,215536
DA:114,0
DA:118,248424
DA:125,248424
DA:127,248424
DA:129,43872
DA:130,10968
DA:131,13824
DA:132,20736
DA:135,248424
DA:137,518752
DA:138,129688
DA:140,573400
DA:143,248424
DA:145,323304
DA:146,107768
DA:148,215536
DA:149,431072
DA:152,496848
DA:158,10952
DA:161,10952
DA:162,32856
DA:163,21904
LF:86
LH:83
end_of_record
TN:
SF:/home/runner/work/raccoon/raccoon/src/materials/hardening_models/LinearHardening.C
FN:11,_ZN15LinearHardening11validParamsEv
FN:30,_ZN15LinearHardeningC2ERK15InputParameters
FN:52,_ZN15LinearHardening13plasticEnergyERKN11MetaPhysicL10DualNumberIdNS0_28SemiDynamicSparseNumberArrayIdmNS0_8NWrapperILm64EEEEELb1EEEj
FNDA:136,_ZN15LinearHardening11validParamsEv
FNDA:147212,_ZN15LinearHardening13plasticEnergyERKN11MetaPhysicL10DualNumberIdNS0_28SemiDynamicSparseNumberArrayIdmNS0_8NWrapperILm64EEEEELb1EEEj
FNDA:6,_ZN15LinearHardeningC2ERK15InputParameters
FNF:3
FNH:3
DA:11,136
DA:13,136
DA:14,136
DA:16,272
DA:18,272
DA:20,272
DA:21,272
DA:25,272
DA:27,136
DA:28,0
DA:30,6
DA:33,18
DA:34,12
DA:36,12
DA:39,6
DA:40,6
DA:41,6
DA:42,12
DA:45,6
DA:46,6
DA:47,24
DA:49,18
DA:52,147212
DA:54,147212
DA:56,94560
DA:57,63040
DA:58,63040
DA:59,31520
DA:62,115692
DA:63,294424
DA:65,42086
DA:66,42086
DA:68,0
LF:33
LH:31
end_of_record
TN:
SF:/home/runner/work/raccoon/raccoon/src/materials/hardening_models/PlasticHardeningModel.C
FN:8,_ZN21PlasticHardeningModel11validParamsEv
FN:19,_ZN21PlasticHardeningModelC2ERK15InputParameters
FNDA:700,_ZN21PlasticHardeningModel11validParamsEv
FNDA:45,_ZN21PlasticHardeningModelC2ERK15InputParameters
FNF:2
FNH:2
DA:8,700
DA:10,700
DA:11,700
DA:13,700
DA:14,700
DA:16,700
DA:17,0
DA:19,45
DA:20,45
DA:22,45
LF:10
LH:9
end_of_record
TN:
SF:/home/runner/work/raccoon/raccoon/src/materials/hardening_models/PowerLawHardening.C
FN:10,_ZN17PowerLawHardening11validParamsEv
FN:31,_ZN17PowerLawHardeningC2ERK15InputParameters
FN:54,_ZN17PowerLawHardening13plasticEnergyERKN11MetaPhysicL10DualNumberIdNS0_28SemiDynamicSparseNumberArrayIdmNS0_8NWrapperILm64EEEEELb1EEEj
FNDA:701508,_ZN17PowerLawHardening13plasticEnergyERKN11MetaPhysicL10DualNumberIdNS0_28SemiDynamicSparseNumberArrayIdmNS0_8NWrapperILm64EEEEELb1EEEj
FNDA:21,_ZN17PowerLawHardeningC2ERK15InputParameters
FNDA:156,_ZN17PowerLawHardening11validParamsEv
FNF:3
FNH:3
DA:10,156
DA:12,156
DA:13,156
DA:15,312
DA:16,312
DA:18,312
DA:21,312
DA:22,312
DA:26,312
DA:28,156
DA:29,0
DA:31,21
DA:34,63
DA:35,63
DA:36,42
DA:38,42
DA:41,21
DA:42,21
DA:43,21
DA:44,42
DA:47,21
DA:48,21
DA:49,84
DA:51,63
DA:54,701508
DA:56,701508
DA:58,565456
DA:59,1413640
DA:60,565456
DA:61,565456
DA:62,282728
DA:65,418780
DA:66,1753770
DA:68,68026
DA:69,340130
DA:70,68026
DA:72,0
LF:37
LH:35
end_of_record
TN:
SF:/home/runner/work/raccoon/raccoon/src/materials/large_deformation_models/CNHIsotropicElasticity.C
FN:11,_ZN22CNHIsotropicElasticity11validParamsEv
FN:31,_ZN22CNHIsotropicElasticityC2ERK15InputParameters
FN:55,_ZN22CNHIsotropicElasticity19computeMandelStressERK18RankTwoTensorTemplIN11MetaPhysicL10DualNumberIdNS1_28SemiDynamicSparseNumberArrayIdmNS1_8NWrapperILm64EEEEELb1EEEEb
FN:71,_ZN22CNHIsotropicElasticity34computeMandelStressNoDecompositionERK18RankTwoTensorTemplIN11MetaPhysicL10DualNumberIdNS1_28SemiDynamicSparseNumberArrayIdmNS1_8NWrapperILm64EEEEELb1EEEEb
FN:108,_ZN22CNHIsotropicElasticity38computeMandelStressVolDevDecompositionERK18RankTwoTensorTemplIN11MetaPhysicL10DualNumberIdNS1_28SemiDynamicSparseNumberArrayIdmNS1_8NWrapperILm64EEEEELb1EEEEb
FNDA:3144,_ZN22CNHIsotropicElasticity34computeMandelStressNoDecompositionERK18RankTwoTensorTemplIN11MetaPhysicL10DualNumberIdNS1_28SemiDynamicSparseNumberArrayIdmNS1_8NWrapperILm64EEEEELb1EEEEb
FNDA:0,_ZN22CNHIsotropicElasticity38computeMandelStressVolDevDecompositionERK18RankTwoTensorTemplIN11MetaPhysicL10DualNumberIdNS1_28SemiDynamicSparseNumberArrayIdmNS1_8NWrapperILm64EEEEELb1EEEEb
FNDA:3144,_ZN22CNHIsotropicElasticity19computeMandelStressERK18RankTwoTensorTemplIN11MetaPhysicL10DualNumberIdNS1_28SemiDynamicSparseNumberArrayIdmNS1_8NWrapperILm64EEEEELb1EEEEb
FNDA:132,_ZN22CNHIsotropicElasticity11validParamsEv
FNDA:3,_ZN22CNHIsotropicElasticityC2ERK15InputParameters
FNF:5
FNH:4
DA:11,132
DA:13,132
DA:14,132
DA:16,264
DA:17,264
DA:19,264
DA:20,264
DA:24,264
DA:25,264
DA:26,396
DA:28,132
DA:29,0
DA:31,3
DA:34,9
DA:35,6
DA:37,6
DA:40,3
DA:41,3
DA:42,3
DA:43,6
DA:46,3
DA:47,3
DA:48,9
DA:50,9
DA:52,9
DA:55,3144
DA:58,3144
DA:60,3144
DA:61,3144
DA:62,0
DA:63,0
DA:65,0
DA:67,3144
DA:71,3144
DA:75,3144
DA:76,3144
DA:78,1048
DA:79,1048
DA:82,2096
DA:84,3144
DA:86,3144
DA:89,12576
DA:90,3144
DA:94,3144
DA:96,2096
DA:97,6288
DA:98,6288
DA:99,2096
DA:100,4192
DA:101,4192
DA:104,3144
DA:108,0
DA:112,0
DA:113,0
DA:115,0
DA:116,0
DA:119,0
DA:121,0
DA:123,0
DA:126,0
DA:127,0
DA:129,0
DA:133,0
DA:135,0
DA:136,0
DA:137,0
DA:138,0
DA:139,0
DA:140,0
DA:143,0
LF:70
LH:47
end_of_record
TN:
SF:/home/runner/work/raccoon/raccoon/src/materials/large_deformation_models/ComputeDeformationGradient.C
FN:10,_ZN26ComputeDeformationGradient11validParamsEv
FN:31,_ZN26ComputeDeformationGradientC2ERK15InputParameters
FN:55,_ZN26ComputeDeformationGradient12initialSetupEv
FN:68,_ZN26ComputeDeformationGradient26displacementIntegrityCheckEv
FN:88,_ZN26ComputeDeformationGradient24initQpStatefulPropertiesEv
FN:95,_ZN26ComputeDeformationGradient27computeQpOutOfPlaneGradDispEv
FN:104,_ZN26ComputeDeformationGradient17computePropertiesEv
FNDA:192,_ZN26ComputeDeformationGradient11validParamsEv
FNDA:48,_ZN26ComputeDeformationGradient12initialSetupEv
FNDA:54913,_ZN26ComputeDeformationGradient17computePropertiesEv
FNDA:8608,_ZN26ComputeDeformationGradient24initQpStatefulPropertiesEv
FNDA:48,_ZN26ComputeDeformationGradient26displacementIntegrityCheckEv
FNDA:0,_ZN26ComputeDeformationGradient27computeQpOutOfPlaneGradDispEv
FNDA:48,_ZN26ComputeDeformationGradientC2ERK15InputParameters
FNF:7
FNH:6
DA:10,192
DA:12,192
DA:13,192
DA:14,192
DA:19,384
DA:22,384
DA:23,384
DA:24,384
DA:27,192
DA:28,192
DA:29,0
DA:31,48
DA:34,48
DA:35,48
DA:36,48
DA:37,48
DA:38,130
DA:40,48
DA:41,96
DA:42,48
DA:43,96
DA:45,96
DA:47,51
DA:48,3
DA:50,96
DA:51,0
DA:52,48
DA:55,48
DA:57,48
DA:60,57
DA:62,9
DA:63,9
DA:65,48
DA:68,48
DA:71,48
DA:72,0
DA:77,48
DA:78,0
DA:81,48
DA:82,0
DA:85,48
DA:88,8608
DA:90,8608
DA:91,8608
DA:92,8608
DA:95,0
DA:97,0
DA:98,0
DA:100,0
DA:104,54913
DA:106,54913
DA:108,341993
DA:111,287080
DA:112,287080
DA:113,0
DA:114,287080
DA:115,287080
DA:117,287080
DA:118,468944
DA:121,54913
DA:122,43162
DA:124,341993
DA:126,287080
DA:127,468944
DA:130,287080
DA:131,287584
DA:132,504
DA:133,287080
DA:135,54913
LF:69
LH:59
end_of_record
TN:
SF:/home/runner/work/raccoon/raccoon/src/materials/large_deformation_models/ComputeLargeDeformationStress.C
FN:13,_ZN29ComputeLargeDeformationStress11validParamsEv
FN:29,_ZN29ComputeLargeDeformationStressC2ERK15InputParameters
FN:44,_ZN29ComputeLargeDeformationStress12initialSetupEv
FN:67,_ZN29ComputeLargeDeformationStress24initQpStatefulPropertiesEv
FN:73,_ZN29ComputeLargeDeformationStress19computeQpPropertiesEv
FNDA:48,_ZN29ComputeLargeDeformationStressC2ERK15InputParameters
FNDA:287080,_ZN29ComputeLargeDeformationStress19computeQpPropertiesEv
FNDA:0,_ZN29ComputeLargeDeformationStress24initQpStatefulPropertiesEv
FNDA:48,_ZN29ComputeLargeDeformationStress12initialSetupEv
FNDA:192,_ZN29ComputeLargeDeformationStress11validParamsEv
FNF:5
FNH:4
DA:13,192
DA:15,192
DA:16,192
DA:17,192
DA:20,384
DA:22,384
DA:23,384
DA:25,192
DA:26,192
DA:27,0
DA:29,48
DA:32,96
DA:33,48
DA:34,48
DA:35,57
DA:37,96
DA:39,96
DA:40,0
DA:41,48
DA:44,48
DA:46,48
DA:47,48
DA:48,48
DA:49,0
DA:50,0
DA:53,48
DA:54,48
DA:55,87
DA:57,48
DA:58,39
DA:60,48
DA:61,51
DA:62,54
DA:64,48
DA:67,0
DA:69,0
DA:70,0
DA:73,287080
DA:75,287080
DA:76,287080
DA:78,287080
DA:80,62224
DA:81,62224
DA:83,287080
LF:44
LH:37
end_of_record
TN:
SF:/home/runner/work/raccoon/raccoon/src/materials/large_deformation_models/HenckyIsotropicElasticity.C
FN:11,_ZN25HenckyIsotropicElasticity11validParamsEv
FN:32,_ZN25HenckyIsotropicElasticityC2ERK15InputParameters
FN:56,_ZN25HenckyIsotropicElasticity19computeMandelStressERK18RankTwoTensorTemplIN11MetaPhysicL10DualNumberIdNS1_28SemiDynamicSparseNumberArrayIdmNS1_8NWrapperILm64EEEEELb1EEEEb
FN:74,_ZN25HenckyIsotropicElasticity34computeMandelStressNoDecompositionERK18RankTwoTensorTemplIN11MetaPhysicL10DualNumberIdNS1_28SemiDynamicSparseNumberArrayIdmNS1_8NWrapperILm64EEEEELb1EEEEb
FN:104,_ZN25HenckyIsotropicElasticity38computeMandelStressVolDevDecompositionERK18RankTwoTensorTemplIN11MetaPhysicL10DualNumberIdNS1_28SemiDynamicSparseNumberArrayIdmNS1_8NWrapperILm64EEEEELb1EEEEb
FN:143,_ZN25HenckyIsotropicElasticity40computeMandelStressSpectralDecompositionERK18RankTwoTensorTemplIN11MetaPhysicL10DualNumberIdNS1_28SemiDynamicSparseNumberArrayIdmNS1_8NWrapperILm64EEEEELb1EEEEb
FNDA:0,_ZN25HenckyIsotropicElasticity38computeMandelStressVolDevDecompositionERK18RankTwoTensorTemplIN11MetaPhysicL10DualNumberIdNS1_28SemiDynamicSparseNumberArrayIdmNS1_8NWrapperILm64EEEEELb1EEEEb
FNDA:0,_ZN25HenckyIsotropicElasticity40computeMandelStressSpectralDecompositionERK18RankTwoTensorTemplIN11MetaPhysicL10DualNumberIdNS1_28SemiDynamicSparseNumberArrayIdmNS1_8NWrapperILm64EEEEELb1EEEEb
FNDA:1644749,_ZN25HenckyIsotropicElasticity19computeMandelStressERK18RankTwoTensorTemplIN11MetaPhysicL10DualNumberIdNS1_28SemiDynamicSparseNumberArrayIdmNS1_8NWrapperILm64EEEEELb1EEEEb
FNDA:45,_ZN25HenckyIsotropicElasticityC2ERK15InputParameters
FNDA:188,_ZN25HenckyIsotropicElasticity11validParamsEv
FNDA:1644749,_ZN25HenckyIsotropicElasticity34computeMandelStressNoDecompositionERK18RankTwoTensorTemplIN11MetaPhysicL10DualNumberIdNS1_28SemiDynamicSparseNumberArrayIdmNS1_8NWrapperILm64EEEEELb1EEEEb
FNF:6
FNH:4
DA:11,188
DA:13,188
DA:14,188
DA:17,376
DA:18,376
DA:20,376
DA:21,376
DA:25,376
DA:26,376
DA:27,564
DA:29,188
DA:30,0
DA:32,45
DA:35,135
DA:36,90
DA:38,90
DA:41,45
DA:42,45
DA:43,45
DA:44,90
DA:47,45
DA:48,45
DA:49,135
DA:51,135
DA:53,135
DA:56,1644749
DA:59,1644749
DA:61,1644749
DA:62,1644749
DA:63,0
DA:64,0
DA:65,0
DA:66,0
DA:68,0
DA:70,1644749
DA:74,1644749
DA:81,1644749
DA:82,1037904
DA:84,1644749
DA:87,6578996
DA:88,1644749
DA:92,1644749
DA:95,1037904
DA:96,1037904
DA:97,1037904
DA:100,1644749
DA:104,0
DA:111,0
DA:112,0
DA:114,0
DA:117,0
DA:118,0
DA:120,0
DA:122,0
DA:123,0
DA:124,0
DA:125,0
DA:129,0
DA:132,0
DA:133,0
DA:134,0
DA:135,0
DA:136,0
DA:139,0
DA:143,0
DA:150,0
DA:151,0
DA:153,0
DA:154,0
DA:155,0
DA:156,0
DA:159,0
DA:162,0
DA:163,0
DA:164,0
DA:165,0
DA:168,0
DA:171,0
DA:172,0
DA:173,0
DA:175,0
DA:176,0
DA:178,0
LF:83
LH:40
end_of_record
TN:
SF:/home/runner/work/raccoon/raccoon/src/materials/large_deformation_models/LargeDeformationElasticityModel.C
FN:9,_ZN31LargeDeformationElasticityModel11validParamsEv
FN:20,_ZN31LargeDeformationElasticityModelC2ERK15InputParameters
FN:29,_ZN31LargeDeformationElasticityModel5setQpEj
FN:37,_ZN31LargeDeformationElasticityModel18setPlasticityModelEP31LargeDeformationPlasticityModel
FN:45,_ZN31LargeDeformationElasticityModel24initQpStatefulPropertiesEv
FN:51,_ZN31LargeDeformationElasticityModel11updateStateERK18RankTwoTensorTemplIN11MetaPhysicL10DualNumberIdNS1_28SemiDynamicSparseNumberArrayIdmNS1_8NWrapperILm64EEEEELb1EEEERS8_
FN:62,_ZN31LargeDeformationElasticityModel19computeCauchyStressERK18RankTwoTensorTemplIN11MetaPhysicL10DualNumberIdNS1_28SemiDynamicSparseNumberArrayIdmNS1_8NWrapperILm64EEEEELb1EEEE
FNDA:287080,_ZN31LargeDeformationElasticityModel19computeCauchyStressERK18RankTwoTensorTemplIN11MetaPhysicL10DualNumberIdNS1_28SemiDynamicSparseNumberArrayIdmNS1_8NWrapperILm64EEEEELb1EEEE
FNDA:39,_ZN31LargeDeformationElasticityModel18setPlasticityModelEP31LargeDeformationPlasticityModel
FNDA:320,_ZN31LargeDeformationElasticityModel11validParamsEv
FNDA:48,_ZN31LargeDeformationElasticityModelC2ERK15InputParameters
FNDA:287080,_ZN31LargeDeformationElasticityModel5setQpEj
FNDA:287080,_ZN31LargeDeformationElasticityModel11updateStateERK18RankTwoTensorTemplIN11MetaPhysicL10DualNumberIdNS1_28SemiDynamicSparseNumberArrayIdmNS1_8NWrapperILm64EEEEELb1EEEERS8_
FNDA:0,_ZN31LargeDeformationElasticityModel24initQpStatefulPropertiesEv
FNF:7
FNH:6
DA:9,320
DA:11,320
DA:12,320
DA:14,320
DA:15,320
DA:17,320
DA:18,0
DA:20,48
DA:23,48
DA:24,48
DA:26,48
DA:29,287080
DA:31,287080
DA:32,287080
DA:33,233968
DA:34,287080
DA:37,39
DA:40,39
DA:41,39
DA:42,39
DA:45,0
DA:47,0
DA:48,0
DA:51,287080
DA:53,287080
DA:55,287080
DA:56,233968
DA:58,53112
DA:59,287080
DA:62,287080
DA:64,287080
LF:31
LH:27
end_of_record
TN:
SF:/home/runner/work/raccoon/raccoon/src/materials/large_deformation_models/LargeDeformationJ2Plasticity.C
FN:11,_ZN28LargeDeformationJ2Plasticity11validParamsEv
FN:19,_ZN28LargeDeformationJ2PlasticityC2ERK15InputParameters
FN:26,_ZN28LargeDeformationJ2Plasticity11updateStateER18RankTwoTensorTemplIN11MetaPhysicL10DualNumberIdNS1_28SemiDynamicSparseNumberArrayIdmNS1_8NWrapperILm64EEEEELb1EEEES9_
FN:73,_ZN28LargeDeformationJ2Plasticity24computeReferenceResidualERKN11MetaPhysicL10DualNumberIdNS0_28SemiDynamicSparseNumberArrayIdmNS0_8NWrapperILm64EEEEELb1EEES8_
FN:83,_ZN28LargeDeformationJ2Plasticity15computeResidualERKN11MetaPhysicL10DualNumberIdNS0_28SemiDynamicSparseNumberArrayIdmNS0_8NWrapperILm64EEEEELb1EEES8_
FN:101,_ZN28LargeDeformationJ2Plasticity17computeDerivativeERKN11MetaPhysicL10DualNumberIdNS0_28SemiDynamicSparseNumberArrayIdmNS0_8NWrapperILm64EEEEELb1EEES8_
FNDA:39,_ZN28LargeDeformationJ2PlasticityC2ERK15InputParameters
FNDA:308,_ZN28LargeDeformationJ2Plasticity11validParamsEv
FNDA:522359,_ZN28LargeDeformationJ2Plasticity15computeResidualERKN11MetaPhysicL10DualNumberIdNS0_28SemiDynamicSparseNumberArrayIdmNS0_8NWrapperILm64EEEEELb1EEES8_
FNDA:290159,_ZN28LargeDeformationJ2Plasticity17computeDerivativeERKN11MetaPhysicL10DualNumberIdNS0_28SemiDynamicSparseNumberArrayIdmNS0_8NWrapperILm64EEEEELb1EEES8_
FNDA:295759,_ZN28LargeDeformationJ2Plasticity24computeReferenceResidualERKN11MetaPhysicL10DualNumberIdNS0_28SemiDynamicSparseNumberArrayIdmNS0_8NWrapperILm64EEEEELb1EEES8_
FNDA:233968,_ZN28LargeDeformationJ2Plasticity11updateStateER18RankTwoTensorTemplIN11MetaPhysicL10DualNumberIdNS1_28SemiDynamicSparseNumberArrayIdmNS1_8NWrapperILm64EEEEELb1EEEES9_
FNF:6
FNH:6
DA:11,308
DA:13,308
DA:14,308
DA:16,308
DA:17,0
DA:19,39
DA:20,39
DA:22,39
DA:23,39
DA:26,233968
DA:29,233968
DA:30,233968
DA:31,233968
DA:35,233968
DA:36,233968
DA:37,233968
DA:38,32840
DA:39,467936
DA:40,467936
DA:42,233968
DA:43,233968
DA:44,96789
DA:46,467936
DA:49,233968
DA:51,467936
DA:52,233968
DA:55,233968
DA:56,233968
DA:58,233968
DA:59,233968
DA:62,233968
DA:64,451600
DA:66,451600
DA:69,8168
DA:70,233968
DA:73,295759
DA:76,591518
DA:77,591518
DA:79,591518
DA:83,522359
DA:86,522359
DA:89,522359
DA:91,522359
DA:92,522359
DA:93,1044718
DA:95,522359
DA:96,522359
DA:97,1044718
DA:101,290159
DA:104,290159
DA:105,290159
DA:107,970
DA:109,580318
DA:110,290159
DA:111,290159
DA:112,580318
LF:56
LH:55
end_of_record
TN:
SF:/home/runner/work/raccoon/raccoon/src/materials/large_deformation_models/LargeDeformationJ2PowerLawCreep.C
FN:11,_ZN31LargeDeformationJ2PowerLawCreep11validParamsEv
FN:24,_ZN31LargeDeformationJ2PowerLawCreepC2ERK15InputParameters
FN:32,_ZN31LargeDeformationJ2PowerLawCreep15computeResidualERKN11MetaPhysicL10DualNumberIdNS0_28SemiDynamicSparseNumberArrayIdmNS0_8NWrapperILm64EEEEELb1EEES8_
FN:47,_ZN31LargeDeformationJ2PowerLawCreep17computeDerivativeERKN11MetaPhysicL10DualNumberIdNS0_28SemiDynamicSparseNumberArrayIdmNS0_8NWrapperILm64EEEEELb1EEES8_
FNDA:136,_ZN31LargeDeformationJ2PowerLawCreep11validParamsEv
FNDA:6,_ZN31LargeDeformationJ2PowerLawCreepC2ERK15InputParameters
FNDA:5600,_ZN31LargeDeformationJ2PowerLawCreep17computeDerivativeERKN11MetaPhysicL10DualNumberIdNS0_28SemiDynamicSparseNumberArrayIdmNS0_8NWrapperILm64EEEEELb1EEES8_
FNDA:7368,_ZN31LargeDeformationJ2PowerLawCreep15computeResidualERKN11MetaPhysicL10DualNumberIdNS0_28SemiDynamicSparseNumberArrayIdmNS0_8NWrapperILm64EEEEELb1EEES8_
FNF:4
FNH:4
DA:11,136
DA:13,136
DA:14,136
DA:17,272
DA:19,272
DA:21,136
DA:22,0
DA:24,6
DA:26,6
DA:27,18
DA:29,6
DA:32,7368
DA:37,14736
DA:38,7368
DA:40,14736
DA:41,14736
DA:42,14736
DA:43,14736
DA:47,5600
DA:52,11200
DA:53,5600
DA:55,5600
DA:56,5600
DA:58,11200
DA:59,11200
DA:61,11200
DA:62,11200
DA:64,16800
DA:65,5600
DA:66,5600
DA:67,5600
DA:68,5600
LF:32
LH:31
end_of_record
TN:
SF:/home/runner/work/raccoon/raccoon/src/materials/large_deformation_models/LargeDeformationNewtonianViscosity.C
FN:10,_ZN34LargeDeformationNewtonianViscosity11validParamsEv
FN:20,_ZN34LargeDeformationNewtonianViscosityC2ERK15InputParameters
FN:29,_ZN34LargeDeformationNewtonianViscosity19computeCauchyStressERK18RankTwoTensorTemplIN11MetaPhysicL10DualNumberIdNS1_28SemiDynamicSparseNumberArrayIdmNS1_8NWrapperILm64EEEEELb1EEEERKS0_IdE
FNDA:62224,_ZN34LargeDeformationNewtonianViscosity19computeCauchyStressERK18RankTwoTensorTemplIN11MetaPhysicL10DualNumberIdNS1_28SemiDynamicSparseNumberArrayIdmNS1_8NWrapperILm64EEEEELb1EEEERKS0_IdE
FNDA:132,_ZN34LargeDeformationNewtonianViscosity11validParamsEv
FNDA:3,_ZN34LargeDeformationNewtonianViscosityC2ERK15InputParameters
FNF:3
FNH:3
DA:10,132
DA:12,132
DA:13,132
DA:14,264
DA:15,264
DA:17,132
DA:18,0
DA:20,3
DA:21,3
DA:23,9
DA:24,9
DA:26,3
DA:29,62224
DA:32,62224
DA:33,62224
DA:34,62224
DA:35,124448
LF:17
LH:16
end_of_record
TN:
SF:/home/runner/work/raccoon/raccoon/src/materials/large_deformation_models/LargeDeformationPlasticityModel.C
FN:9,_ZN31LargeDeformationPlasticityModel11validParamsEv
FN:23,_ZN31LargeDeformationPlasticityModelC2ERK15InputParameters
FN:38,_ZN31LargeDeformationPlasticityModel12initialSetupEv
FN:48,_ZN31LargeDeformationPlasticityModel5setQpEj
FN:55,_ZN31LargeDeformationPlasticityModel18setElasticityModelEP31LargeDeformationElasticityModel
FN:62,_ZN31LargeDeformationPlasticityModel24initQpStatefulPropertiesEv
FNDA:233968,_ZN31LargeDeformationPlasticityModel5setQpEj
FNDA:39,_ZN31LargeDeformationPlasticityModel18setElasticityModelEP31LargeDeformationElasticityModel
FNDA:12384,_ZN31LargeDeformationPlasticityModel24initQpStatefulPropertiesEv
FNDA:308,_ZN31LargeDeformationPlasticityModel11validParamsEv
FNDA:39,_ZN31LargeDeformationPlasticityModelC2ERK15InputParameters
FNDA:39,_ZN31LargeDeformationPlasticityModel12initialSetupEv
FNF:6
FNH:6
DA:9,308
DA:11,308
DA:12,308
DA:13,308
DA:15,616
DA:17,308
DA:18,308
DA:20,308
DA:21,0
DA:23,39
DA:27,78
DA:28,39
DA:29,78
DA:30,78
DA:31,117
DA:32,78
DA:33,78
DA:35,39
DA:38,39
DA:40,39
DA:41,39
DA:42,0
DA:43,0
DA:44,0
DA:45,39
DA:48,233968
DA:50,233968
DA:51,233968
DA:52,233968
DA:55,39
DA:58,39
DA:59,39
DA:62,12384
DA:64,12384
DA:65,12384
DA:66,12384
LF:36
LH:32
end_of_record
TN:
SF:/home/runner/work/raccoon/raccoon/src/materials/large_deformation_models/LargeDeformationViscoelasticityModel.C
FN:8,_ZN36LargeDeformationViscoelasticityModel11validParamsEv
FN:19,_ZN36LargeDeformationViscoelasticityModelC2ERK15InputParameters
FN:26,_ZN36LargeDeformationViscoelasticityModel5setQpEj
FNDA:62224,_ZN36LargeDeformationViscoelasticityModel5setQpEj
FNDA:132,_ZN36LargeDeformationViscoelasticityModel11validParamsEv
FNDA:3,_ZN36LargeDeformationViscoelasticityModelC2ERK15InputParameters
FNF:3
FNH:3
DA:8,132
DA:10,132
DA:11,132
DA:13,132
DA:14,132
DA:16,132
DA:17,0
DA:19,3
DA:20,3
DA:21,3
DA:23,3
DA:26,62224
DA:28,62224
DA:29,62224
LF:14
LH:13
end_of_record
TN:
SF:/home/runner/work/raccoon/raccoon/src/materials/nucleation_models/KLBFNucleationMicroForce.C
FN:13,_ZN24KLBFNucleationMicroForce11validParamsEv
FN:28,_ZN24KLBFNucleationMicroForceC2ERK15InputParameters
FN:37,_ZN24KLBFNucleationMicroForce19computeQpPropertiesEv
FNDA:132,_ZN24KLBFNucleationMicroForce11validParamsEv
FNDA:3,_ZN24KLBFNucleationMicroForceC2ERK15InputParameters
FNDA:30000,_ZN24KLBFNucleationMicroForce19computeQpPropertiesEv
FNF:3
FNH:3
DA:13,132
DA:15,132
DA:17,132
DA:19,264
DA:21,264
DA:24,264
DA:25,132
DA:26,0
DA:28,3
DA:30,9
DA:31,9
DA:32,9
DA:34,3
DA:37,30000
DA:40,60000
DA:43,30000
DA:46,30000
DA:47,30000
DA:48,60000
DA:55,30000
DA:56,1200
DA:60,60000
DA:61,60000
DA:62,90000
DA:63,30000
DA:64,60000
DA:65,30000
DA:67,120000
DA:68,30000
DA:69,60000
DA:72,90000
DA:74,90000
DA:75,30000
LF:33
LH:32
end_of_record
TN:
SF:/home/runner/work/raccoon/raccoon/src/materials/nucleation_models/KLRNucleationMicroForce.C
FN:13,_ZN23KLRNucleationMicroForce11validParamsEv
FN:29,_ZN23KLRNucleationMicroForceC2ERK15InputParameters
FN:39,_ZN23KLRNucleationMicroForce19computeQpPropertiesEv
FNDA:318000,_ZN23KLRNucleationMicroForce19computeQpPropertiesEv
FNDA:132,_ZN23KLRNucleationMicroForce11validParamsEv
FNDA:3,_ZN23KLRNucleationMicroForceC2ERK15InputParameters
FNF:3
FNH:3
DA:13,132
DA:15,132
DA:17,132
DA:20,264
DA:22,264
DA:25,264
DA:26,132
DA:27,0
DA:29,3
DA:31,9
DA:32,9
DA:33,6
DA:34,6
DA:36,3
DA:39,318000
DA:42,636000
DA:45,318000
DA:48,318000
DA:49,318000
DA:50,636000
DA:57,318000
DA:58,1200
DA:60,318000
DA:61,1200
DA:64,954000
DA:65,318000
DA:66,636000
DA:67,318000
DA:68,636000
DA:69,1272000
DA:70,318000
DA:73,318000
DA:74,318000
DA:75,954000
DA:76,1590000
DA:78,954000
DA:80,318000
DA:81,318000
DA:82,636000
DA:83,954000
DA:84,318000
LF:41
LH:40
end_of_record
TN:
SF:/home/runner/work/raccoon/raccoon/src/materials/nucleation_models/LDLNucleationMicroForce.C
FN:10,_ZN23LDLNucleationMicroForce11validParamsEv
FN:27,_ZN23LDLNucleationMicroForceC2ERK15InputParameters
FN:37,_ZN23LDLNucleationMicroForce19computeQpPropertiesEv
FNDA:3,_ZN23LDLNucleationMicroForceC2ERK15InputParameters
FNDA:132,_ZN23LDLNucleationMicroForce11validParamsEv
FNDA:256560,_ZN23LDLNucleationMicroForce19computeQpPropertiesEv
FNF:3
FNH:3
DA:10,132
DA:12,132
DA:14,132
DA:17,264
DA:19,264
DA:22,264
DA:23,264
DA:24,132
DA:25,0
DA:27,3
DA:29,9
DA:30,6
DA:31,3
DA:32,9
DA:34,3
DA:37,256560
DA:40,513120
DA:43,769680
DA:46,256560
DA:49,256560
DA:50,256560
DA:51,513120
DA:55,256560
DA:56,0
DA:59,256560
DA:60,1200
DA:63,256560
DA:64,256560
DA:67,256560
DA:70,0
DA:71,0
DA:72,0
DA:73,0
DA:78,256560
DA:81,1026240
DA:82,513120
DA:83,256560
DA:84,256560
DA:85,1026240
DA:90,513120
DA:91,513120
DA:92,256560
DA:93,256560
DA:94,513120
DA:97,256560
DA:98,256560
DA:99,769680
DA:100,1282800
DA:102,256560
DA:103,1026240
DA:104,256560
LF:51
LH:45
end_of_record
TN:
SF:/home/runner/work/raccoon/raccoon/src/materials/nucleation_models/NucleationMicroForceBase.C
FN:9,_ZN24NucleationMicroForceBase11validParamsEv
FN:35,_ZN24NucleationMicroForceBaseC2ERK15InputParameters
FNDA:396,_ZN24NucleationMicroForceBase11validParamsEv
FNDA:9,_ZN24NucleationMicroForceBaseC2ERK15InputParameters
FNF:2
FNH:2
DA:9,396
DA:11,396
DA:12,396
DA:15,792
DA:17,792
DA:19,792
DA:21,792
DA:22,792
DA:23,792
DA:25,792
DA:26,792
DA:30,792
DA:31,792
DA:32,396
DA:33,0
DA:35,9
DA:38,27
DA:39,27
DA:40,27
DA:41,27
DA:42,27
DA:43,27
DA:44,18
DA:45,9
DA:46,18
DA:47,9
DA:48,9
DA:49,36
DA:51,18
LF:29
LH:28
end_of_record
TN:
SF:/home/runner/work/raccoon/raccoon/src/materials/pff_constitutive_functions/CrackGeometricFunction.C
FN:10,_ZN22CrackGeometricFunction11validParamsEv
FN:43,_ZN22CrackGeometricFunctionC2ERK15InputParameters
FN:58,_ZN22CrackGeometricFunction28computeNormalizationConstantEv
FN:97,_ZN22CrackGeometricFunction22normalizationIntegrandERKN11MetaPhysicL10DualNumberIdNS0_28SemiDynamicSparseNumberArrayIdmNS0_8NWrapperILm64EEEEELb1EEE
FN:104,_ZN22CrackGeometricFunction19computeQpPropertiesEv
FNDA:138,_ZN22CrackGeometricFunctionC2ERK15InputParameters
FNDA:312,_ZN22CrackGeometricFunction11validParamsEv
FNDA:11043450,_ZN22CrackGeometricFunction22normalizationIntegrandERKN11MetaPhysicL10DualNumberIdNS0_28SemiDynamicSparseNumberArrayIdmNS0_8NWrapperILm64EEEEELb1EEE
FNDA:138,_ZN22CrackGeometricFunction28computeNormalizationConstantEv
FNDA:4390561,_ZN22CrackGeometricFunction19computeQpPropertiesEv
FNF:5
FNH:5
DA:10,312
DA:12,312
DA:13,312
DA:18,312
DA:19,624
DA:21,312
DA:22,312
DA:24,624
DA:29,624
DA:34,624
DA:35,624
DA:36,624
DA:37,624
DA:40,312
DA:41,0
DA:43,138
DA:45,276
DA:46,276
DA:47,276
DA:48,276
DA:49,414
DA:52,138
DA:53,138
DA:54,138
DA:55,138
DA:58,138
DA:62,138
DA:63,138
DA:64,138
DA:66,2208828
DA:68,2208690
DA:71,2208690
DA:72,2208690
DA:73,2208690
DA:75,2208690
DA:77,2208690
DA:78,2208690
DA:80,2208690
DA:86,1104276
DA:89,2208690
DA:90,0
DA:93,138
DA:97,11043450
DA:99,11043450
DA:100,11043450
DA:104,4390561
DA:106,4390561
DA:107,4390561
DA:109,4390561
DA:110,4390561
LF:50
LH:48
end_of_record
TN:
SF:/home/runner/work/raccoon/raccoon/src/materials/pff_constitutive_functions/CustomParsedFunctionBase.C
FN:8,_ZN24CustomParsedFunctionBase11validParamsEv
FN:24,_ZN24CustomParsedFunctionBaseC2ERK15InputParameters
FNDA:306,_ZN24CustomParsedFunctionBaseC2ERK15InputParameters
FNDA:920,_ZN24CustomParsedFunctionBase11validParamsEv
FNF:2
FNH:2
DA:8,920
DA:10,920
DA:11,1840
DA:12,920
DA:13,920
DA:15,920
DA:16,920
DA:17,920
DA:19,920
DA:21,920
DA:22,0
DA:24,306
DA:26,306
DA:27,612
DA:28,612
DA:29,918
DA:32,306
DA:36,306
DA:37,306
DA:38,306
LF:20
LH:19
end_of_record
TN:
SF:/home/runner/work/raccoon/raccoon/src/materials/pff_constitutive_functions/DegradationFunctionBase.C
FN:8,_ZN23DegradationFunctionBase11validParamsEv
FN:20,_ZN23DegradationFunctionBaseC2ERK15InputParameters
FNDA:608,_ZN23DegradationFunctionBase11validParamsEv
FNDA:168,_ZN23DegradationFunctionBaseC2ERK15InputParameters
FNF:2
FNH:2
DA:8,608
DA:10,608
DA:12,608
DA:13,1216
DA:15,608
DA:16,608
DA:17,608
DA:18,0
DA:20,168
DA:21,168
DA:23,168
LF:11
LH:10
end_of_record
TN:
SF:/home/runner/work/raccoon/raccoon/src/materials/pff_constitutive_functions/NoDegradation.C
FN:10,_ZN13NoDegradation11validParamsEv
FN:20,_ZN13NoDegradationC2ERK15InputParameters
FNDA:156,_ZN13NoDegradation11validParamsEv
FNDA:21,_ZN13NoDegradationC2ERK15InputParameters
FNF:2
FNH:2
DA:10,156
DA:12,156
DA:13,156
DA:15,156
DA:17,156
DA:18,0
DA:20,21
DA:21,21
DA:23,21
LF:9
LH:8
end_of_record
TN:
SF:/home/runner/work/raccoon/raccoon/src/materials/pff_constitutive_functions/PowerDegradationFunction.C
FN:10,_ZN24PowerDegradationFunction11validParamsEv
FN:21,_ZN24PowerDegradationFunctionC2ERK15InputParameters
FNDA:36,_ZN24PowerDegradationFunctionC2ERK15InputParameters
FNDA:176,_ZN24PowerDegradationFunction11validParamsEv
FNF:2
FNH:2
DA:10,176
DA:12,176
DA:13,176
DA:16,176
DA:17,704
DA:18,176
DA:19,352
DA:21,36
DA:22,36
DA:24,36
LF:10
LH:10
end_of_record
TN:
SF:/home/runner/work/raccoon/raccoon/src/materials/pff_constitutive_functions/RationalDegradationFunction.C
FN:10,_ZN27RationalDegradationFunction11validParamsEv
FN:27,_ZN27RationalDegradationFunctionC2ERK15InputParameters
FNDA:111,_ZN27RationalDegradationFunctionC2ERK15InputParameters
FNDA:276,_ZN27RationalDegradationFunction11validParamsEv
FNF:2
FNH:2
DA:10,276
DA:12,276
DA:13,276
DA:20,276
DA:22,1656
DA:23,1932
DA:24,276
DA:25,828
DA:27,111
DA:28,111
DA:30,111
LF:11
LH:11
end_of_record
TN:
SF:/home/runner/work/raccoon/raccoon/src/materials/small_deformation_models/ComputeSmallDeformationStress.C
FN:12,_ZN29ComputeSmallDeformationStress11validParamsEv
FN:27,_ZN29ComputeSmallDeformationStressC2ERK15InputParameters
FN:38,_ZN29ComputeSmallDeformationStress12initialSetupEv
FN:56,_ZN29ComputeSmallDeformationStress24initQpStatefulPropertiesEv
FN:62,_ZN29ComputeSmallDeformationStress19computeQpPropertiesEv
FNDA:54,_ZN29ComputeSmallDeformationStressC2ERK15InputParameters
FNDA:54,_ZN29ComputeSmallDeformationStress12initialSetupEv
FNDA:200,_ZN29ComputeSmallDeformationStress11validParamsEv
FNDA:0,_ZN29ComputeSmallDeformationStress24initQpStatefulPropertiesEv
FNDA:4051116,_ZN29ComputeSmallDeformationStress19computeQpPropertiesEv
FNF:5
FNH:4
DA:12,200
DA:14,200
DA:15,200
DA:16,200
DA:19,400
DA:21,400
DA:23,200
DA:24,200
DA:25,0
DA:27,54
DA:30,108
DA:31,108
DA:33,108
DA:34,0
DA:35,54
DA:38,54
DA:40,54
DA:41,54
DA:42,54
DA:43,0
DA:44,0
DA:47,54
DA:48,54
DA:49,60
DA:51,54
DA:52,6
DA:53,54
DA:56,0
DA:58,0
DA:59,0
DA:62,4051116
DA:64,4051116
DA:65,4051116
DA:66,4051116
LF:34
LH:27
end_of_record
TN:
SF:/home/runner/work/raccoon/raccoon/src/materials/small_deformation_models/SmallDeformationElasticityModel.C
FN:9,_ZN31SmallDeformationElasticityModel11validParamsEv
FN:20,_ZN31SmallDeformationElasticityModelC2ERK15InputParameters
FN:29,_ZN31SmallDeformationElasticityModel5setQpEj
FN:37,_ZN31SmallDeformationElasticityModel18setPlasticityModelEP31SmallDeformationPlasticityModel
FN:45,_ZN31SmallDeformationElasticityModel24initQpStatefulPropertiesEv
FN:51,_ZN31SmallDeformationElasticityModel11updateStateERK18RankTwoTensorTemplIN11MetaPhysicL10DualNumberIdNS1_28SemiDynamicSparseNumberArrayIdmNS1_8NWrapperILm64EEEEELb1EEEERS8_
FNDA:4051116,_ZN31SmallDeformationElasticityModel5setQpEj
FNDA:0,_ZN31SmallDeformationElasticityModel24initQpStatefulPropertiesEv
FNDA:54,_ZN31SmallDeformationElasticityModelC2ERK15InputParameters
FNDA:4051116,_ZN31SmallDeformationElasticityModel11updateStateERK18RankTwoTensorTemplIN11MetaPhysicL10DualNumberIdNS1_28SemiDynamicSparseNumberArrayIdmNS1_8NWrapperILm64EEEEELb1EEEERS8_
FNDA:6,_ZN31SmallDeformationElasticityModel18setPlasticityModelEP31SmallDeformationPlasticityModel
FNDA:200,_ZN31SmallDeformationElasticityModel11validParamsEv
FNF:6
FNH:5
DA:9,200
DA:11,200
DA:12,200
DA:14,200
DA:15,200
DA:17,200
DA:18,0
DA:20,54
DA:23,54
DA:24,54
DA:26,54
DA:29,4051116
DA:31,4051116
DA:32,4051116
DA:33,139608
DA:34,4051116
DA:37,6
DA:40,6
DA:41,6
DA:42,6
DA:45,0
DA:47,0
DA:48,0
DA:51,4051116
DA:54,4051116
DA:56,4051116
DA:57,139608
DA:59,3911508
DA:60,4051116
LF:29
LH:25
end_of_record
TN:
SF:/home/runner/work/raccoon/raccoon/src/materials/small_deformation_models/SmallDeformationIsotropicElasticity.C
FN:11,_ZN35SmallDeformationIsotropicElasticity11validParamsEv
FN:31,_ZN35SmallDeformationIsotropicElasticityC2ERK15InputParameters
FN:56,_ZN35SmallDeformationIsotropicElasticity13computeStressERK18RankTwoTensorTemplIN11MetaPhysicL10DualNumberIdNS1_28SemiDynamicSparseNumberArrayIdmNS1_8NWrapperILm64EEEEELb1EEEE
FN:73,_ZN35SmallDeformationIsotropicElasticity28computeStressNoDecompositionERK18RankTwoTensorTemplIN11MetaPhysicL10DualNumberIdNS1_28SemiDynamicSparseNumberArrayIdmNS1_8NWrapperILm64EEEEELb1EEEE
FN:87,_ZN35SmallDeformationIsotropicElasticity34computeStressSpectralDecompositionERK18RankTwoTensorTemplIN11MetaPhysicL10DualNumberIdNS1_28SemiDynamicSparseNumberArrayIdmNS1_8NWrapperILm64EEEEELb1EEEE
FN:117,_ZN35SmallDeformationIsotropicElasticity32computeStressVolDevDecompositionERK18RankTwoTensorTemplIN11MetaPhysicL10DualNumberIdNS1_28SemiDynamicSparseNumberArrayIdmNS1_8NWrapperILm64EEEEELb1EEEE
FNDA:451864,_ZN35SmallDeformationIsotropicElasticity32computeStressVolDevDecompositionERK18RankTwoTensorTemplIN11MetaPhysicL10DualNumberIdNS1_28SemiDynamicSparseNumberArrayIdmNS1_8NWrapperILm64EEEEELb1EEEE
FNDA:1828660,_ZN35SmallDeformationIsotropicElasticity34computeStressSpectralDecompositionERK18RankTwoTensorTemplIN11MetaPhysicL10DualNumberIdNS1_28SemiDynamicSparseNumberArrayIdmNS1_8NWrapperILm64EEEEELb1EEEE
FNDA:2051002,_ZN35SmallDeformationIsotropicElasticity28computeStressNoDecompositionERK18RankTwoTensorTemplIN11MetaPhysicL10DualNumberIdNS1_28SemiDynamicSparseNumberArrayIdmNS1_8NWrapperILm64EEEEELb1EEEE
FNDA:4331526,_ZN35SmallDeformationIsotropicElasticity13computeStressERK18RankTwoTensorTemplIN11MetaPhysicL10DualNumberIdNS1_28SemiDynamicSparseNumberArrayIdmNS1_8NWrapperILm64EEEEELb1EEEE
FNDA:54,_ZN35SmallDeformationIsotropicElasticityC2ERK15InputParameters
FNDA:200,_ZN35SmallDeformationIsotropicElasticity11validParamsEv
FNF:6
FNH:6
DA:11,200
DA:13,200
DA:14,200
DA:16,400
DA:17,400
DA:19,400
DA:20,400
DA:24,400
DA:25,400
DA:26,600
DA:28,200
DA:29,0
DA:31,54
DA:32,54
DA:35,162
DA:36,108
DA:38,108
DA:41,54
DA:42,54
DA:43,54
DA:44,108
DA:47,54
DA:48,54
DA:49,162
DA:51,162
DA:53,162
DA:56,4331526
DA:58,4331526
DA:60,4331526
DA:61,2051002
DA:62,2280524
DA:63,1828660
DA:64,451864
DA:65,451864
DA:67,0
DA:69,4331526
DA:73,2051002
DA:75,2051002
DA:76,8204008
DA:77,2051002
DA:79,4102004
DA:80,4102004
DA:81,4102004
DA:83,2051002
DA:87,1828660
DA:90,3657320
DA:91,1828660
DA:92,1828660
DA:93,1828660
DA:96,1828660
DA:99,7314640
DA:100,3657320
DA:101,1828660
DA:102,1828660
DA:106,3657320
DA:107,3657320
DA:108,3657320
DA:110,3657320
DA:111,3657320
DA:113,1828660
DA:117,451864
DA:120,451864
DA:123,451864
DA:124,451864
DA:126,451864
DA:129,1807456
DA:130,451864
DA:131,451864
DA:132,451864
DA:136,903728
DA:137,903728
DA:138,451864
DA:139,903728
DA:140,903728
DA:142,451864
LF:75
LH:73
end_of_record
TN:
SF:/home/runner/work/raccoon/raccoon/src/materials/small_deformation_models/SmallDeformationJ2Plasticity.C
FN:10,_ZN28SmallDeformationJ2Plasticity11validParamsEv
FN:18,_ZN28SmallDeformationJ2PlasticityC2ERK15InputParameters
FN:24,_ZN28SmallDeformationJ2Plasticity11updateStateER18RankTwoTensorTemplIN11MetaPhysicL10DualNumberIdNS1_28SemiDynamicSparseNumberArrayIdmNS1_8NWrapperILm64EEEEELb1EEEES9_
FN:55,_ZN28SmallDeformationJ2Plasticity24computeReferenceResidualERKN11MetaPhysicL10DualNumberIdNS0_28SemiDynamicSparseNumberArrayIdmNS0_8NWrapperILm64EEEEELb1EEES8_
FN:64,_ZN28SmallDeformationJ2Plasticity15computeResidualERKN11MetaPhysicL10DualNumberIdNS0_28SemiDynamicSparseNumberArrayIdmNS0_8NWrapperILm64EEEEELb1EEES8_
FN:73,_ZN28SmallDeformationJ2Plasticity17computeDerivativeERKN11MetaPhysicL10DualNumberIdNS0_28SemiDynamicSparseNumberArrayIdmNS0_8NWrapperILm64EEEEELb1EEES8_
FNDA:398,_ZN28SmallDeformationJ2Plasticity17computeDerivativeERKN11MetaPhysicL10DualNumberIdNS0_28SemiDynamicSparseNumberArrayIdmNS0_8NWrapperILm64EEEEELb1EEES8_
FNDA:140006,_ZN28SmallDeformationJ2Plasticity15computeResidualERKN11MetaPhysicL10DualNumberIdNS0_28SemiDynamicSparseNumberArrayIdmNS0_8NWrapperILm64EEEEELb1EEES8_
FNDA:6,_ZN28SmallDeformationJ2PlasticityC2ERK15InputParameters
FNDA:398,_ZN28SmallDeformationJ2Plasticity24computeReferenceResidualERKN11MetaPhysicL10DualNumberIdNS0_28SemiDynamicSparseNumberArrayIdmNS0_8NWrapperILm64EEEEELb1EEES8_
FNDA:136,_ZN28SmallDeformationJ2Plasticity11validParamsEv
FNDA:139608,_ZN28SmallDeformationJ2Plasticity11updateStateER18RankTwoTensorTemplIN11MetaPhysicL10DualNumberIdNS1_28SemiDynamicSparseNumberArrayIdmNS1_8NWrapperILm64EEEEELb1EEEES9_
FNF:6
FNH:6
DA:10,136
DA:12,136
DA:13,136
DA:15,136
DA:16,0
DA:18,6
DA:19,6
DA:21,6
DA:24,139608
DA:28,139608
DA:29,139608
DA:30,139608
DA:34,139608
DA:35,139608
DA:36,139608
DA:37,49268
DA:38,279216
DA:39,279216
DA:42,139608
DA:43,139608
DA:44,134
DA:45,279216
DA:46,139608
DA:49,279216
DA:50,139608
DA:51,139608
DA:52,139608
DA:55,398
DA:59,398
DA:60,1194
DA:64,140006
DA:67,140006
DA:68,280012
DA:69,420018
DA:73,398
DA:76,398
DA:77,796
LF:37
LH:36
end_of_record
TN:
SF:/home/runner/work/raccoon/raccoon/src/materials/small_deformation_models/SmallDeformationPlasticityModel.C
FN:9,_ZN31SmallDeformationPlasticityModel11validParamsEv
FN:23,_ZN31SmallDeformationPlasticityModelC2ERK15InputParameters
FN:37,_ZN31SmallDeformationPlasticityModel12initialSetupEv
FN:47,_ZN31SmallDeformationPlasticityModel5setQpEj
FN:54,_ZN31SmallDeformationPlasticityModel18setElasticityModelEP31SmallDeformationElasticityModel
FN:61,_ZN31SmallDeformationPlasticityModel24initQpStatefulPropertiesEv
FNDA:6,_ZN31SmallDeformationPlasticityModelC2ERK15InputParameters
FNDA:11508,_ZN31SmallDeformationPlasticityModel24initQpStatefulPropertiesEv
FNDA:6,_ZN31SmallDeformationPlasticityModel18setElasticityModelEP31SmallDeformationElasticityModel
FNDA:139608,_ZN31SmallDeformationPlasticityModel5setQpEj
FNDA:136,_ZN31SmallDeformationPlasticityModel11validParamsEv
FNDA:6,_ZN31SmallDeformationPlasticityModel12initialSetupEv
FNF:6
FNH:6
DA:9,136
DA:11,136
DA:12,136
DA:13,136
DA:15,272
DA:17,136
DA:18,136
DA:20,136
DA:21,0
DA:23,6
DA:27,12
DA:28,6
DA:29,12
DA:30,12
DA:31,18
DA:32,12
DA:34,6
DA:37,6
DA:39,6
DA:40,6
DA:41,0
DA:42,0
DA:43,0
DA:44,6
DA:47,139608
DA:49,139608
DA:50,139608
DA:51,139608
DA:54,6
DA:57,6
DA:58,6
DA:61,11508
DA:63,11508
DA:64,11508
DA:65,11508
LF:35
LH:31
end_of_record
TN:
SF:/home/runner/work/raccoon/raccoon/src/postprocessors/ExternalWork.C
FN:10,_ZN12ExternalWork11validParamsEv
FN:25,_ZN12ExternalWorkC2ERK15InputParameters
FN:42,_ZN12ExternalWork10initializeEv
FN:48,_ZN12ExternalWork7executeEv
FN:54,_ZN12ExternalWork14computeQpValueEv
FN:63,_ZNK12ExternalWork8getValueEv
FN:69,_ZN12ExternalWork8finalizeEv
FN:75,_ZN12ExternalWork10threadJoinERK10UserObject
FNDA:800,_ZN12ExternalWork7executeEv
FNDA:1,_ZN12ExternalWorkC2ERK15InputParameters
FNDA:130,_ZN12ExternalWork11validParamsEv
FNDA:800,_ZN12ExternalWork14computeQpValueEv
FNDA:200,_ZN12ExternalWork8finalizeEv
FNDA:200,_ZNK12ExternalWork8getValueEv
FNDA:0,_ZN12ExternalWork10threadJoinERK10UserObject
FNDA:200,_ZN12ExternalWork10initializeEv
FNF:8
FNH:7
DA:10,130
DA:12,130
DA:13,130
DA:17,260
DA:19,260
DA:22,130
DA:23,0
DA:25,1
DA:27,1
DA:28,1
DA:29,1
DA:30,1
DA:31,1
DA:32,2
DA:34,1
DA:35,0
DA:37,1
DA:38,0
DA:39,1
DA:42,200
DA:44,200
DA:45,200
DA:48,800
DA:50,800
DA:51,800
DA:54,800
DA:56,800
DA:57,800
DA:59,800
DA:63,200
DA:65,200
DA:69,200
DA:71,200
DA:72,200
DA:75,0
DA:78,0
DA:79,0
LF:37
LH:31
end_of_record
TN:
SF:/home/runner/work/raccoon/raccoon/src/postprocessors/KineticEnergy.C
FN:10,_ZN13KineticEnergy11validParamsEv
FN:25,_ZN13KineticEnergyC2ERK15InputParameters
FN:37,_ZN13KineticEnergy17computeQpIntegralEv
FNDA:0,_ZN13KineticEnergyC2ERK15InputParameters
FNDA:0,_ZN13KineticEnergy17computeQpIntegralEv
FNDA:128,_ZN13KineticEnergy11validParamsEv
FNF:3
FNH:1
DA:10,128
DA:12,128
DA:13,128
DA:14,128
DA:18,256
DA:20,256
DA:22,128
DA:23,0
DA:25,0
DA:28,0
DA:29,0
DA:30,0
DA:32,0
DA:33,0
DA:34,0
DA:37,0
DA:39,0
DA:40,0
LF:18
LH:7
end_of_record
TN:
SF:/home/runner/work/raccoon/raccoon/src/postprocessors/LargeDeformationJIntegral.C
FN:10,_ZN25LargeDeformationJIntegral11validParamsEv
FN:23,_ZN25LargeDeformationJIntegralC2ERK15InputParameters
FN:35,_ZN25LargeDeformationJIntegral17computeQpIntegralEv
FNDA:0,_ZN25LargeDeformationJIntegralC2ERK15InputParameters
FNDA:128,_ZN25LargeDeformationJIntegral11validParamsEv
FNDA:0,_ZN25LargeDeformationJIntegral17computeQpIntegralEv
FNF:3
FNH:1
DA:10,128
DA:12,128
DA:13,128
DA:14,128
DA:17,256
DA:18,256
DA:20,128
DA:21,0
DA:23,0
DA:26,0
DA:27,0
DA:28,0
DA:29,0
DA:30,0
DA:32,0
DA:35,0
DA:37,0
DA:38,0
DA:39,0
DA:40,0
DA:41,0
LF:21
LH:7
end_of_record
TN:
SF:/home/runner/work/raccoon/raccoon/src/postprocessors/PhaseFieldJIntegral.C
FN:10,_ZN19PhaseFieldJIntegral11validParamsEv
FN:25,_ZN19PhaseFieldJIntegralC2ERK15InputParameters
FN:40,_ZN19PhaseFieldJIntegral17computeQpIntegralEv
FNDA:6888,_ZN19PhaseFieldJIntegral17computeQpIntegralEv
FNDA:3,_ZN19PhaseFieldJIntegralC2ERK15InputParameters
FNDA:134,_ZN19PhaseFieldJIntegral11validParamsEv
FNF:3
FNH:3
DA:10,134
DA:12,134
DA:13,134
DA:14,134
DA:15,268
DA:16,268
DA:19,268
DA:22,134
DA:23,0
DA:25,3
DA:28,9
DA:29,6
DA:30,3
DA:31,3
DA:32,9
DA:35,6
DA:36,3
DA:37,3
DA:40,6888
DA:43,6888
DA:44,6888
DA:45,13776
DA:46,6888
DA:47,6888
LF:24
LH:23
end_of_record
TN:
SF:/home/runner/work/raccoon/raccoon/src/postprocessors/SolutionChangeNorm.C
FN:11,_ZN18SolutionChangeNorm11validParamsEv
FN:21,_ZN18SolutionChangeNormC2ERK15InputParameters
FN:29,_ZNK18SolutionChangeNorm8getValueEv
FN:35,_ZN18SolutionChangeNorm17computeQpIntegralEv
FNDA:0,_ZNK18SolutionChangeNorm8getValueEv
FNDA:0,_ZN18SolutionChangeNorm17computeQpIntegralEv
FNDA:0,_ZN18SolutionChangeNormC2ERK15InputParameters
FNDA:128,_ZN18SolutionChangeNorm11validParamsEv
FNF:4
FNH:1
DA:11,128
DA:13,128
DA:14,128
DA:16,256
DA:18,128
DA:19,0
DA:21,0
DA:23,0
DA:24,0
DA:26,0
DA:29,0
DA:31,0
DA:35,0
DA:38,0
DA:39,0
DA:40,0
LF:16
LH:5
end_of_record
TN:
SF:/home/runner/work/raccoon/raccoon/src/utils/RaccoonUtils.C
FN:14,_ZN12RaccoonUtils8MacaulayEN11MetaPhysicL10DualNumberIdNS0_28SemiDynamicSparseNumberArrayIdmNS0_8NWrapperILm64EEEEELb1EEEb
FN:22,_ZN12RaccoonUtils8MacaulayERKSt6vectorIN11MetaPhysicL10DualNumberIdNS1_28SemiDynamicSparseNumberArrayIdmNS1_8NWrapperILm64EEEEELb1EEESaIS7_EEb
FN:31,_ZN12RaccoonUtils21spectralDecompositionERK18RankTwoTensorTemplIN11MetaPhysicL10DualNumberIdNS1_28SemiDynamicSparseNumberArrayIdmNS1_8NWrapperILm64EEEEELb1EEEE
FN:43,_ZN12RaccoonUtils3logERK18RankTwoTensorTemplIN11MetaPhysicL10DualNumberIdNS1_28SemiDynamicSparseNumberArrayIdmNS1_8NWrapperILm64EEEEELb1EEEE
FN:55,_ZN12RaccoonUtils3expERK18RankTwoTensorTemplIN11MetaPhysicL10DualNumberIdNS1_28SemiDynamicSparseNumberArrayIdmNS1_8NWrapperILm64EEEEELb1EEEE
FNDA:235016,_ZN12RaccoonUtils3expERK18RankTwoTensorTemplIN11MetaPhysicL10DualNumberIdNS1_28SemiDynamicSparseNumberArrayIdmNS1_8NWrapperILm64EEEEELb1EEEE
FNDA:1828660,_ZN12RaccoonUtils21spectralDecompositionERK18RankTwoTensorTemplIN11MetaPhysicL10DualNumberIdNS1_28SemiDynamicSparseNumberArrayIdmNS1_8NWrapperILm64EEEEELb1EEEE
FNDA:1828660,_ZN12RaccoonUtils8MacaulayERKSt6vectorIN11MetaPhysicL10DualNumberIdNS1_28SemiDynamicSparseNumberArrayIdmNS1_8NWrapperILm64EEEEELb1EEESaIS7_EEb
FNDA:7766504,_ZN12RaccoonUtils8MacaulayEN11MetaPhysicL10DualNumberIdNS0_28SemiDynamicSparseNumberArrayIdmNS0_8NWrapperILm64EEEEELb1EEEb
FNDA:518952,_ZN12RaccoonUtils3logERK18RankTwoTensorTemplIN11MetaPhysicL10DualNumberIdNS1_28SemiDynamicSparseNumberArrayIdmNS1_8NWrapperILm64EEEEELb1EEEE
FNF:5
FNH:5
DA:14,7766504
DA:16,7766504
DA:17,0
DA:18,23299512
DA:22,1828660
DA:24,1828660
DA:25,7314640
DA:26,5485980
DA:27,1828660
DA:31,1828660
DA:33,1828660
DA:34,1828660
DA:35,1828660
DA:37,1828660
DA:38,1828660
DA:39,1828660
DA:43,518952
DA:46,518952
DA:47,518952
DA:48,2075808
DA:49,1556856
DA:50,518952
DA:51,518952
DA:55,235016
DA:58,235016
DA:59,235016
DA:60,940064
DA:61,705048
DA:62,235016
DA:63,235016
LF:30
LH:29
end_of_record
