TN:
SF:/home/runner/work/raccoon/raccoon/src/auxkernels/ConditionalBoundsAux.C
FN:6,_ZN20ConditionalBoundsAux11validParamsEv
FN:21,_ZN20ConditionalBoundsAuxC2ERK15InputParameters
FN:29,_ZN20ConditionalBoundsAux8getBoundEv
FNDA:130,_ZN20ConditionalBoundsAux11validParamsEv
FNDA:50876,_ZN20ConditionalBoundsAux8getBoundEv
FNDA:2,_ZN20ConditionalBoundsAuxC2ERK15InputParameters
FNF:3
FNH:3
DA:6,130
DA:8,130
DA:9,130
DA:13,260
DA:14,260
DA:16,260
DA:17,130
DA:18,130
DA:21,2
DA:23,6
DA:24,6
DA:26,2
DA:29,50876
DA:32,50876
DA:33,50876
DA:35,0
DA:36,50876
DA:39,49864
LF:18
LH:17
end_of_record
TN:
SF:/home/runner/work/raccoon/raccoon/src/base/raccoonApp.C
FN:13,_ZN10raccoonApp11validParamsEv
FN:22,_ZN10raccoonAppC2E15InputParameters
FN:27,_ZN10raccoonAppD2Ev
FN:27,_ZN10raccoonAppD0Ev
FN:30,_ZN10raccoonApp11registerAllER7FactoryR13ActionFactoryR6Syntax
FN:38,_ZN10raccoonApp12registerAppsEv
FN:47,raccoonApp__registerAll
FN:52,raccoonApp__registerApps
FNDA:0,_ZN10raccoonAppD0Ev
FNDA:0,_ZN10raccoonAppC2E15InputParameters
FNDA:63,_ZN10raccoonApp11registerAllER7FactoryR13ActionFactoryR6Syntax
FNDA:0,raccoonApp__registerAll
FNDA:40,_ZN10raccoonApp12registerAppsEv
FNDA:63,_ZN10raccoonApp11validParamsEv
FNDA:0,raccoonApp__registerApps
FNDA:0,_ZN10raccoonAppD2Ev
FNF:8
FNH:3
DA:13,63
DA:15,63
DA:16,63
DA:17,63
DA:18,63
DA:19,63
DA:22,0
DA:24,0
DA:25,0
DA:27,0
DA:30,63
DA:32,63
DA:33,189
DA:34,189
DA:35,63
DA:38,40
DA:40,40
DA:41,40
DA:47,0
DA:49,0
DA:50,0
DA:52,0
DA:54,0
DA:55,0
LF:24
LH:14
end_of_record
TN:
SF:/home/runner/work/raccoon/raccoon/src/bcs/LoadingUnloadingDirichletBC.C
FN:10,_ZN27LoadingUnloadingDirichletBC11validParamsEv
FN:35,_ZN27LoadingUnloadingDirichletBCC2ERK15InputParameters
FN:48,_ZN27LoadingUnloadingDirichletBC13timestepSetupEv
FN:89,_ZN27LoadingUnloadingDirichletBC14computeQpValueEv
FNDA:0,_ZN27LoadingUnloadingDirichletBC13timestepSetupEv
FNDA:126,_ZN27LoadingUnloadingDirichletBC11validParamsEv
FNDA:0,_ZN27LoadingUnloadingDirichletBCC2ERK15InputParameters
FNDA:0,_ZN27LoadingUnloadingDirichletBC14computeQpValueEv
FNF:4
FNH:1
DA:10,126
DA:12,126
DA:13,126
DA:19,252
DA:23,252
DA:25,252
DA:26,252
DA:28,252
DA:32,126
DA:35,0
DA:38,0
DA:39,0
DA:40,0
DA:41,0
DA:42,0
DA:43,0
DA:45,0
DA:48,0
DA:50,0
DA:51,0
DA:52,0
DA:54,0
DA:55,0
DA:56,0
DA:59,0
DA:61,0
DA:62,0
DA:64,0
DA:65,0
DA:66,0
DA:67,0
DA:68,0
DA:69,0
DA:70,0
DA:75,0
DA:78,0
DA:79,0
DA:80,0
DA:82,0
DA:83,0
DA:85,0
DA:86,0
DA:89,0
DA:91,0
LF:44
LH:9
end_of_record
TN:
SF:/home/runner/work/raccoon/raccoon/src/bcs/ModeISurfingDirichletBC.C
FN:10,_ZN23ModeISurfingDirichletBC11validParamsEv
FN:30,_ZN23ModeISurfingDirichletBCC2ERK15InputParameters
FN:42,_ZN23ModeISurfingDirichletBC17computeQpResidualEv
FNDA:126,_ZN23ModeISurfingDirichletBC11validParamsEv
FNDA:0,_ZN23ModeISurfingDirichletBCC2ERK15InputParameters
FNDA:0,_ZN23ModeISurfingDirichletBC17computeQpResidualEv
FNF:3
FNH:1
DA:10,126
DA:12,126
DA:13,126
DA:18,126
DA:19,126
DA:20,126
DA:21,126
DA:23,252
DA:24,252
DA:25,252
DA:26,252
DA:27,126
DA:30,0
DA:32,0
DA:33,0
DA:34,0
DA:35,0
DA:36,0
DA:37,0
DA:39,0
DA:42,0
DA:44,0
DA:45,0
DA:46,0
DA:48,0
DA:49,0
DA:50,0
DA:51,0
DA:52,0
DA:53,0
DA:54,0
DA:55,0
DA:56,0
DA:58,0
DA:59,0
DA:60,0
DA:61,0
DA:62,0
DA:63,0
LF:39
LH:12
end_of_record
TN:
SF:/home/runner/work/raccoon/raccoon/src/ics/BrittleDamageIC.C
FN:10,_ZN15BrittleDamageIC11validParamsEv
FN:22,_ZN15BrittleDamageICC2ERK15InputParameters
FN:28,_ZN15BrittleDamageIC5valueERKN7libMesh5PointE
FNDA:0,_ZN15BrittleDamageICC2ERK15InputParameters
FNDA:126,_ZN15BrittleDamageIC11validParamsEv
FNDA:0,_ZN15BrittleDamageIC5valueERKN7libMesh5PointE
FNF:3
FNH:1
DA:10,126
DA:12,126
DA:13,126
DA:17,252
DA:18,252
DA:19,126
DA:22,0
DA:23,0
DA:25,0
DA:28,0
DA:30,0
DA:32,0
DA:33,0
DA:34,0
DA:36,0
DA:38,0
LF:16
LH:6
end_of_record
TN:
SF:/home/runner/work/raccoon/raccoon/src/ics/CohesiveDamageIC.C
FN:10,_ZN16CohesiveDamageIC11validParamsEv
FN:20,_ZN16CohesiveDamageICC2ERK15InputParameters
FN:23,_ZN16CohesiveDamageIC5valueERKN7libMesh5PointE
FNDA:126,_ZN16CohesiveDamageIC11validParamsEv
FNDA:0,_ZN16CohesiveDamageIC5valueERKN7libMesh5PointE
FNDA:0,_ZN16CohesiveDamageICC2ERK15InputParameters
FNF:3
FNH:1
DA:10,126
DA:12,126
DA:13,126
DA:17,126
DA:20,0
DA:23,0
DA:25,0
DA:27,0
DA:28,0
DA:29,0
DA:31,0
DA:33,0
LF:12
LH:4
end_of_record
TN:
SF:/home/runner/work/raccoon/raccoon/src/ics/DamageICBase.C
FN:8,_ZN12DamageICBase11validParamsEv
FN:22,_ZN12DamageICBaseC2ERK15InputParameters
FN:41,_ZN12DamageICBase4distERKN7libMesh5PointE
FNDA:252,_ZN12DamageICBase11validParamsEv
FNDA:0,_ZN12DamageICBaseC2ERK15InputParameters
FNDA:0,_ZN12DamageICBase4distERKN7libMesh5PointE
FNF:3
FNH:1
DA:8,252
DA:11,504
DA:12,504
DA:13,504
DA:14,504
DA:15,504
DA:16,504
DA:17,504
DA:18,504
DA:19,252
DA:22,0
DA:30,0
DA:31,0
DA:38,0
DA:41,0
DA:44,0
DA:49,0
DA:54,0
DA:55,0
DA:56,0
DA:63,0
DA:64,0
DA:65,0
DA:67,0
DA:68,0
DA:72,0
DA:73,0
DA:74,0
DA:79,0
DA:83,0
LF:30
LH:10
end_of_record
TN:
SF:/home/runner/work/raccoon/raccoon/src/interfaces/BaseNameInterface.C
FN:8,_ZN17BaseNameInterface11validParamsEv
FN:18,_ZN17BaseNameInterfaceC2ERK15InputParameters
FN:25,_ZNK17BaseNameInterface15prependBaseNameE20MaterialPropertyNameb
FN:33,_ZNK17BaseNameInterface15prependBaseNameERKSt6vectorI20MaterialPropertyNameSaIS1_EE
FNDA:48,_ZNK17BaseNameInterface15prependBaseNameERKSt6vectorI20MaterialPropertyNameSaIS1_EE
FNDA:4348,_ZN17BaseNameInterface11validParamsEv
FNDA:409,_ZN17BaseNameInterfaceC2ERK15InputParameters
FNDA:1524,_ZNK17BaseNameInterface15prependBaseNameE20MaterialPropertyNameb
FNF:4
FNH:4
DA:8,4348
DA:10,4348
DA:11,8696
DA:15,4348
DA:18,409
DA:20,409
DA:22,409
DA:25,1524
DA:27,1524
DA:28,1692
DA:29,1356
DA:33,48
DA:36,51
DA:37,6
DA:38,48
LF:15
LH:15
end_of_record
TN:
SF:/home/runner/work/raccoon/raccoon/src/kernels/ADCoefMatDiffusion.C
FN:10,_ZN18ADCoefMatDiffusion11validParamsEv
FN:22,_ZN18ADCoefMatDiffusionC2ERK15InputParameters
FN:34,_ZN18ADCoefMatDiffusion17computeQpResidualEv
FNDA:0,_ZN18ADCoefMatDiffusion17computeQpResidualEv
FNDA:126,_ZN18ADCoefMatDiffusion11validParamsEv
FNDA:0,_ZN18ADCoefMatDiffusionC2ERK15InputParameters
FNF:3
FNH:1
DA:10,126
DA:12,126
DA:13,126
DA:16,252
DA:17,252
DA:19,126
DA:22,0
DA:24,0
DA:25,0
DA:26,0
DA:28,0
DA:29,0
DA:30,0
DA:31,0
DA:34,0
DA:36,0
DA:37,0
DA:38,0
DA:40,0
DA:42,0
LF:20
LH:6
end_of_record
TN:
SF:/home/runner/work/raccoon/raccoon/src/kernels/ADCoefMatReaction.C
FN:10,_ZN17ADCoefMatReaction11validParamsEv
FN:22,_ZN17ADCoefMatReactionC2ERK15InputParameters
FN:34,_ZN17ADCoefMatReaction20precomputeQpResidualEv
FNDA:0,_ZN17ADCoefMatReactionC2ERK15InputParameters
FNDA:0,_ZN17ADCoefMatReaction20precomputeQpResidualEv
FNDA:126,_ZN17ADCoefMatReaction11validParamsEv
FNF:3
FNH:1
DA:10,126
DA:12,126
DA:13,126
DA:16,252
DA:17,252
DA:19,126
DA:22,0
DA:24,0
DA:25,0
DA:26,0
DA:28,0
DA:29,0
DA:30,0
DA:31,0
DA:34,0
DA:36,0
DA:37,0
DA:38,0
DA:39,0
LF:19
LH:6
end_of_record
TN:
SF:/home/runner/work/raccoon/raccoon/src/kernels/ADCoefMatSource.C
FN:10,_ZN15ADCoefMatSource11validParamsEv
FN:21,_ZN15ADCoefMatSourceC2ERK15InputParameters
FN:33,_ZN15ADCoefMatSource20precomputeQpResidualEv
FNDA:136,_ZN15ADCoefMatSource11validParamsEv
FNDA:422664,_ZN15ADCoefMatSource20precomputeQpResidualEv
FNDA:5,_ZN15ADCoefMatSourceC2ERK15InputParameters
FNF:3
FNH:3
DA:10,136
DA:12,136
DA:13,136
DA:15,272
DA:16,272
DA:18,136
DA:21,5
DA:23,15
DA:24,5
DA:25,15
DA:27,5
DA:28,10
DA:29,5
DA:30,5
DA:33,422664
DA:35,422664
DA:36,845328
DA:37,422664
DA:39,422664
LF:19
LH:19
end_of_record
TN:
SF:/home/runner/work/raccoon/raccoon/src/kernels/ADPFFDiffusion.C
FN:10,_ZN14ADPFFDiffusion11validParamsEv
FN:26,_ZN14ADPFFDiffusionC2ERK15InputParameters
FN:36,_ZN14ADPFFDiffusion17computeQpResidualEv
FNDA:4831720,_ZN14ADPFFDiffusion17computeQpResidualEv
FNDA:176,_ZN14ADPFFDiffusion11validParamsEv
FNDA:25,_ZN14ADPFFDiffusionC2ERK15InputParameters
FNF:3
FNH:3
DA:10,176
DA:12,176
DA:13,176
DA:14,176
DA:17,352
DA:19,352
DA:21,352
DA:23,176
DA:26,25
DA:29,50
DA:30,50
DA:31,125
DA:33,25
DA:36,4831720
DA:38,4831720
DA:40,9663440
LF:16
LH:16
end_of_record
TN:
SF:/home/runner/work/raccoon/raccoon/src/kernels/ADPFFPressure.C
FN:10,_ZN13ADPFFPressure11validParamsEv
FN:28,_ZN13ADPFFPressureC2ERK15InputParameters
FN:47,_ZN13ADPFFPressure20precomputeQpResidualEv
FNDA:130,_ZN13ADPFFPressure11validParamsEv
FNDA:80800,_ZN13ADPFFPressure20precomputeQpResidualEv
FNDA:2,_ZN13ADPFFPressureC2ERK15InputParameters
FNF:3
FNH:3
DA:10,130
DA:12,130
DA:13,130
DA:14,130
DA:18,260
DA:19,260
DA:22,260
DA:25,130
DA:28,2
DA:32,4
DA:33,2
DA:35,6
DA:36,8
DA:39,6
DA:40,4
DA:42,4
DA:43,2
DA:44,2
DA:47,80800
DA:49,80800
DA:50,161600
LF:21
LH:21
end_of_record
TN:
SF:/home/runner/work/raccoon/raccoon/src/kernels/ADPFFSource.C
FN:10,_ZN11ADPFFSource11validParamsEv
FN:21,_ZN11ADPFFSourceC2ERK15InputParameters
FN:30,_ZN11ADPFFSource20precomputeQpResidualEv
FNDA:176,_ZN11ADPFFSource11validParamsEv
FNDA:25,_ZN11ADPFFSourceC2ERK15InputParameters
FNDA:1239140,_ZN11ADPFFSource20precomputeQpResidualEv
FNF:3
FNH:3
DA:10,176
DA:12,176
DA:13,176
DA:15,352
DA:18,176
DA:21,25
DA:25,75
DA:27,25
DA:30,1239140
DA:32,1239140
LF:10
LH:10
end_of_record
TN:
SF:/home/runner/work/raccoon/raccoon/src/kernels/ADPressurizedCrack.C
FN:10,_ZN18ADPressurizedCrack11validParamsEv
FN:29,_ZN18ADPressurizedCrackC2ERK15InputParameters
FN:42,_ZN18ADPressurizedCrack20precomputeQpResidualEv
FNDA:134,_ZN18ADPressurizedCrack11validParamsEv
FNDA:406400,_ZN18ADPressurizedCrack20precomputeQpResidualEv
FNDA:4,_ZN18ADPressurizedCrackC2ERK15InputParameters
FNF:3
FNH:3
DA:10,134
DA:12,134
DA:13,134
DA:14,134
DA:17,268
DA:18,268
DA:19,268
DA:23,268
DA:26,134
DA:29,4
DA:33,12
DA:34,8
DA:35,4
DA:36,12
DA:37,20
DA:39,4
DA:42,406400
DA:44,406400
LF:18
LH:18
end_of_record
TN:
SF:/home/runner/work/raccoon/raccoon/src/main.C
FN:10,main
FNDA:40,main
FNF:1
FNH:1
DA:10,40
DA:12,40
LF:2
LH:2
end_of_record
TN:
SF:/home/runner/work/raccoon/raccoon/src/materials/ArrheniusLaw.C
FN:10,_ZN12ArrheniusLaw11validParamsEv
FN:27,_ZN12ArrheniusLawC2ERK15InputParameters
FN:42,_ZN12ArrheniusLaw19computeQpPropertiesEv
FNDA:33336,_ZN12ArrheniusLaw19computeQpPropertiesEv
FNDA:12,_ZN12ArrheniusLawC2ERK15InputParameters
FNDA:142,_ZN12ArrheniusLaw11validParamsEv
FNF:3
FNH:3
DA:10,142
DA:12,142
DA:13,142
DA:14,142
DA:18,284
DA:20,284
DA:21,284
DA:22,284
DA:24,142
DA:27,12
DA:31,24
DA:32,12
DA:34,48
DA:35,24
DA:36,12
DA:37,72
DA:39,12
DA:42,33336
DA:44,66672
DA:45,66672
DA:46,33336
LF:21
LH:21
end_of_record
TN:
SF:/home/runner/work/raccoon/raccoon/src/materials/ComputeEigenstrainFromFunctionInitialStress.C
FN:10,_ZN43ComputeEigenstrainFromFunctionInitialStress11validParamsEv
FN:32,_ZN43ComputeEigenstrainFromFunctionInitialStressC2ERK15InputParameters
FN:58,_ZN43ComputeEigenstrainFromFunctionInitialStress24initQpStatefulPropertiesEv
FN:64,_ZN43ComputeEigenstrainFromFunctionInitialStress19computeQpPropertiesEv
FNDA:0,_ZN43ComputeEigenstrainFromFunctionInitialStress19computeQpPropertiesEv
FNDA:126,_ZN43ComputeEigenstrainFromFunctionInitialStress11validParamsEv
FNDA:0,_ZN43ComputeEigenstrainFromFunctionInitialStressC2ERK15InputParameters
FNDA:0,_ZN43ComputeEigenstrainFromFunctionInitialStress24initQpStatefulPropertiesEv
FNF:4
FNH:1
DA:10,126
DA:12,126
DA:13,126
DA:14,126
DA:20,252
DA:21,252
DA:22,252
DA:27,252
DA:29,126
DA:32,0
DA:33,0
DA:36,0
DA:37,0
DA:38,0
DA:39,0
DA:42,0
DA:45,0
DA:46,0
DA:48,0
DA:49,0
DA:50,0
DA:52,0
DA:53,0
DA:54,0
DA:55,0
DA:58,0
DA:60,0
DA:61,0
DA:64,0
DA:67,0
DA:68,0
DA:69,0
DA:70,0
DA:71,0
DA:73,0
DA:74,0
DA:75,0
DA:76,0
LF:38
LH:9
end_of_record
TN:
SF:/home/runner/work/raccoon/raccoon/src/materials/ComputeThermalExpansionEigenDeformationGradient.C
FN:10,_ZN47ComputeThermalExpansionEigenDeformationGradient11validParamsEv
FN:32,_ZN47ComputeThermalExpansionEigenDeformationGradientC2ERK15InputParameters
FN:44,_ZN47ComputeThermalExpansionEigenDeformationGradient24initQpStatefulPropertiesEv
FN:50,_ZN47ComputeThermalExpansionEigenDeformationGradient19computeQpPropertiesEv
FNDA:3,_ZN47ComputeThermalExpansionEigenDeformationGradientC2ERK15InputParameters
FNDA:504,_ZN47ComputeThermalExpansionEigenDeformationGradient19computeQpPropertiesEv
FNDA:0,_ZN47ComputeThermalExpansionEigenDeformationGradient24initQpStatefulPropertiesEv
FNDA:130,_ZN47ComputeThermalExpansionEigenDeformationGradient11validParamsEv
FNF:4
FNH:3
DA:10,130
DA:12,130
DA:13,130
DA:14,130
DA:19,260
DA:21,260
DA:24,260
DA:25,260
DA:28,130
DA:29,130
DA:32,3
DA:33,3
DA:36,6
DA:37,3
DA:38,3
DA:39,12
DA:41,3
DA:44,0
DA:46,0
DA:47,0
DA:50,504
DA:53,504
DA:55,504
DA:56,1512
DA:57,504
LF:25
LH:22
end_of_record
TN:
SF:/home/runner/work/raccoon/raccoon/src/materials/CrackSurfaceDensity.C
FN:10,_ZN19CrackSurfaceDensity11validParamsEv
FN:32,_ZN19CrackSurfaceDensityC2ERK15InputParameters
FN:44,_ZN19CrackSurfaceDensity19computeQpPropertiesEv
FNDA:0,_ZN19CrackSurfaceDensityC2ERK15InputParameters
FNDA:0,_ZN19CrackSurfaceDensity19computeQpPropertiesEv
FNDA:126,_ZN19CrackSurfaceDensity11validParamsEv
FNF:3
FNH:1
DA:10,126
DA:12,126
DA:13,126
DA:14,126
DA:19,252
DA:20,252
DA:22,252
DA:24,252
DA:26,252
DA:29,126
DA:32,0
DA:35,0
DA:36,0
DA:37,0
DA:38,0
DA:39,0
DA:41,0
DA:44,0
DA:46,0
DA:47,0
DA:48,0
LF:21
LH:10
end_of_record
TN:
SF:/home/runner/work/raccoon/raccoon/src/materials/PressureDensity.C
FN:10,_ZN15PressureDensity11validParamsEv
FN:29,_ZN15PressureDensityC2ERK15InputParameters
FN:42,_ZN15PressureDensity19computeQpPropertiesEv
FNDA:6,_ZN15PressureDensityC2ERK15InputParameters
FNDA:134,_ZN15PressureDensity11validParamsEv
FNDA:272800,_ZN15PressureDensity19computeQpPropertiesEv
FNF:3
FNH:3
DA:10,134
DA:12,134
DA:13,134
DA:14,134
DA:17,268
DA:20,268
DA:21,268
DA:22,268
DA:26,134
DA:29,6
DA:33,12
DA:34,12
DA:35,12
DA:36,18
DA:37,36
DA:39,6
DA:42,272800
DA:44,545600
DA:45,272800
LF:19
LH:19
end_of_record
TN:
SF:/home/runner/work/raccoon/raccoon/src/materials/ThinFilmInterfaceEnergyDensity.C
FN:10,_ZN30ThinFilmInterfaceEnergyDensity11validParamsEv
FN:33,_ZN30ThinFilmInterfaceEnergyDensityC2ERK15InputParameters
FN:63,_ZN30ThinFilmInterfaceEnergyDensity19computeQpPropertiesEv
FNDA:0,_ZN30ThinFilmInterfaceEnergyDensityC2ERK15InputParameters
FNDA:126,_ZN30ThinFilmInterfaceEnergyDensity11validParamsEv
FNDA:0,_ZN30ThinFilmInterfaceEnergyDensity19computeQpPropertiesEv
FNF:3
FNH:1
DA:10,126
DA:12,126
DA:13,126
DA:14,126
DA:18,252
DA:21,252
DA:25,252
DA:26,252
DA:28,252
DA:30,126
DA:33,0
DA:37,0
DA:38,0
DA:41,0
DA:45,0
DA:46,0
DA:47,0
DA:51,0
DA:52,0
DA:54,0
DA:55,0
DA:58,0
DA:59,0
DA:60,0
DA:63,0
DA:65,0
DA:66,0
DA:67,0
DA:68,0
DA:69,0
LF:30
LH:10
end_of_record
TN:
SF:/home/runner/work/raccoon/raccoon/src/materials/hardening_models/ArrheniusLawHardening.C
FN:10,_ZN21ArrheniusLawHardening11validParamsEv
FN:41,_ZN21ArrheniusLawHardeningC2ERK15InputParameters
FN:73,_ZN21ArrheniusLawHardening13plasticEnergyERKN11MetaPhysicL10DualNumberIdNS0_28SemiDynamicSparseNumberArrayIdmNS0_8NWrapperILm64EEEEELb1EEEj
FN:95,_ZN21ArrheniusLawHardening18plasticDissipationERKN11MetaPhysicL10DualNumberIdNS0_28SemiDynamicSparseNumberArrayIdmNS0_8NWrapperILm64EEEEELb1EEES8_j
FN:115,_ZN21ArrheniusLawHardening16thermalConjugateERKN11MetaPhysicL10DualNumberIdNS0_28SemiDynamicSparseNumberArrayIdmNS0_8NWrapperILm64EEEEELb1EEE
FNDA:142,_ZN21ArrheniusLawHardening11validParamsEv
FNDA:33336,_ZN21ArrheniusLawHardening16thermalConjugateERKN11MetaPhysicL10DualNumberIdNS0_28SemiDynamicSparseNumberArrayIdmNS0_8NWrapperILm64EEEEELb1EEE
FNDA:168412,_ZN21ArrheniusLawHardening13plasticEnergyERKN11MetaPhysicL10DualNumberIdNS0_28SemiDynamicSparseNumberArrayIdmNS0_8NWrapperILm64EEEEELb1EEEj
FNDA:12,_ZN21ArrheniusLawHardeningC2ERK15InputParameters
FNDA:168412,_ZN21ArrheniusLawHardening18plasticDissipationERKN11MetaPhysicL10DualNumberIdNS0_28SemiDynamicSparseNumberArrayIdmNS0_8NWrapperILm64EEEEELb1EEES8_j
FNF:5
FNH:5
DA:10,142
DA:12,142
DA:13,142
DA:15,284
DA:17,284
DA:19,284
DA:22,284
DA:23,284
DA:27,284
DA:28,284
DA:34,284
DA:38,142
DA:41,12
DA:44,24
DA:45,24
DA:48,48
DA:49,12
DA:51,24
DA:55,12
DA:56,12
DA:57,36
DA:61,12
DA:62,36
DA:65,12
DA:68,192
DA:70,12
DA:73,168412
DA:75,168412
DA:77,33336
DA:78,100008
DA:79,66672
DA:80,66672
DA:81,33336
DA:84,135076
DA:85,348024
DA:87,48070
DA:88,96140
DA:90,0
DA:95,168412
DA:99,168412
DA:101,0
DA:104,168412
DA:105,481368
DA:107,48070
DA:108,96140
DA:110,0
DA:115,33336
DA:117,33336
DA:118,66672
LF:49
LH:46
end_of_record
TN:
SF:/home/runner/work/raccoon/raccoon/src/materials/hardening_models/ExponentialHardening.C
FN:10,_ZN20ExponentialHardening11validParamsEv
FN:32,_ZN20ExponentialHardeningC2ERK15InputParameters
FN:56,_ZN20ExponentialHardening13plasticEnergyERKN11MetaPhysicL10DualNumberIdNS0_28SemiDynamicSparseNumberArrayIdmNS0_8NWrapperILm64EEEEELb1EEEj
FNDA:130,_ZN20ExponentialHardening11validParamsEv
FNDA:3,_ZN20ExponentialHardeningC2ERK15InputParameters
FNDA:89874,_ZN20ExponentialHardening13plasticEnergyERKN11MetaPhysicL10DualNumberIdNS0_28SemiDynamicSparseNumberArrayIdmNS0_8NWrapperILm64EEEEELb1EEEj
FNF:3
FNH:3
DA:10,130
DA:12,130
DA:13,130
DA:15,260
DA:16,260
DA:18,260
DA:20,260
DA:22,260
DA:23,260
DA:27,260
DA:29,130
DA:32,3
DA:35,6
DA:36,6
DA:37,6
DA:38,6
DA:40,6
DA:44,3
DA:45,3
DA:46,9
DA:50,3
DA:51,42
DA:53,3
DA:56,89874
DA:58,89874
DA:60,15024
DA:61,15024
DA:62,60096
DA:63,30048
DA:64,30048
DA:65,30048
DA:66,15024
DA:69,74850
DA:70,44937
DA:71,134811
DA:72,89874
DA:74,29913
DA:75,29913
DA:76,89739
DA:78,0
LF:40
LH:39
end_of_record
TN:
SF:/home/runner/work/raccoon/raccoon/src/materials/hardening_models/JohnsonCookHardening.C
FN:10,_ZN20JohnsonCookHardening11validParamsEv
FN:44,_ZN20JohnsonCookHardeningC2ERK15InputParameters
FN:75,_ZN20JohnsonCookHardening21temperatureDependenceEv
FN:81,_ZN20JohnsonCookHardening12initialGuessERKN11MetaPhysicL10DualNumberIdNS0_28SemiDynamicSparseNumberArrayIdmNS0_8NWrapperILm64EEEEELb1EEE
FN:92,_ZN20JohnsonCookHardening13plasticEnergyERKN11MetaPhysicL10DualNumberIdNS0_28SemiDynamicSparseNumberArrayIdmNS0_8NWrapperILm64EEEEELb1EEEj
FN:118,_ZN20JohnsonCookHardening18plasticDissipationERKN11MetaPhysicL10DualNumberIdNS0_28SemiDynamicSparseNumberArrayIdmNS0_8NWrapperILm64EEEEELb1EEES8_j
FN:155,_ZN20JohnsonCookHardening16thermalConjugateERKN11MetaPhysicL10DualNumberIdNS0_28SemiDynamicSparseNumberArrayIdmNS0_8NWrapperILm64EEEEELb1EEE
FNDA:10968,_ZN20JohnsonCookHardening16thermalConjugateERKN11MetaPhysicL10DualNumberIdNS0_28SemiDynamicSparseNumberArrayIdmNS0_8NWrapperILm64EEEEELb1EEE
FNDA:237472,_ZN20JohnsonCookHardening18plasticDissipationERKN11MetaPhysicL10DualNumberIdNS0_28SemiDynamicSparseNumberArrayIdmNS0_8NWrapperILm64EEEEELb1EEES8_j
FNDA:6912,_ZN20JohnsonCookHardening12initialGuessERKN11MetaPhysicL10DualNumberIdNS0_28SemiDynamicSparseNumberArrayIdmNS0_8NWrapperILm64EEEEELb1EEE
FNDA:130,_ZN20JohnsonCookHardening11validParamsEv
FNDA:237472,_ZN20JohnsonCookHardening13plasticEnergyERKN11MetaPhysicL10DualNumberIdNS0_28SemiDynamicSparseNumberArrayIdmNS0_8NWrapperILm64EEEEELb1EEEj
FNDA:3,_ZN20JohnsonCookHardeningC2ERK15InputParameters
FNDA:481856,_ZN20JohnsonCookHardening21temperatureDependenceEv
FNF:7
FNH:7
DA:10,130
DA:12,130
DA:13,130
DA:15,260
DA:17,260
DA:18,260
DA:19,260
DA:21,260
DA:23,260
DA:24,260
DA:25,260
DA:30,260
DA:31,260
DA:32,260
DA:33,260
DA:35,260
DA:36,260
DA:40,260
DA:41,130
DA:44,3
DA:47,6
DA:48,3
DA:49,3
DA:50,3
DA:51,3
DA:52,3
DA:53,3
DA:54,3
DA:55,3
DA:56,3
DA:57,3
DA:58,3
DA:59,6
DA:63,3
DA:64,3
DA:65,9
DA:69,3
DA:70,66
DA:72,3
DA:75,481856
DA:77,481856
DA:81,6912
DA:84,13824
DA:85,6912
DA:86,0
DA:87,6912
DA:88,13824
DA:92,237472
DA:94,237472
DA:96,21936
DA:97,32904
DA:98,21936
DA:99,21936
DA:100,21936
DA:101,10968
DA:104,226504
DA:106,474944
DA:107,237472
DA:109,107768
DA:111,215536
DA:112,215536
DA:114,0
DA:118,237472
DA:122,237472
DA:124,237472
DA:126,0
DA:127,0
DA:128,0
DA:129,0
DA:132,237472
DA:134,518816
DA:135,129704
DA:137,573400
DA:140,237472
DA:142,323304
DA:143,107768
DA:145,215536
DA:146,431072
DA:149,474944
DA:155,10968
DA:158,43872
DA:159,21936
LF:82
LH:76
end_of_record
TN:
SF:/home/runner/work/raccoon/raccoon/src/materials/hardening_models/LinearHardening.C
FN:11,_ZN15LinearHardening11validParamsEv
FN:30,_ZN15LinearHardeningC2ERK15InputParameters
FN:52,_ZN15LinearHardening13plasticEnergyERKN11MetaPhysicL10DualNumberIdNS0_28SemiDynamicSparseNumberArrayIdmNS0_8NWrapperILm64EEEEELb1EEEj
FNDA:6,_ZN15LinearHardeningC2ERK15InputParameters
FNDA:147632,_ZN15LinearHardening13plasticEnergyERKN11MetaPhysicL10DualNumberIdNS0_28SemiDynamicSparseNumberArrayIdmNS0_8NWrapperILm64EEEEELb1EEEj
FNDA:134,_ZN15LinearHardening11validParamsEv
FNF:3
FNH:3
DA:11,134
DA:13,134
DA:14,134
DA:16,268
DA:18,268
DA:20,268
DA:21,268
DA:25,268
DA:27,134
DA:30,6
DA:33,12
DA:34,12
DA:36,12
DA:40,6
DA:41,6
DA:42,18
DA:46,6
DA:47,72
DA:49,6
DA:52,147632
DA:54,147632
DA:56,94560
DA:57,63040
DA:58,63040
DA:59,31520
DA:62,116112
DA:63,295264
DA:65,42296
DA:66,42296
DA:68,0
LF:30
LH:29
end_of_record
TN:
SF:/home/runner/work/raccoon/raccoon/src/materials/hardening_models/PlasticHardeningModel.C
FN:8,_ZN21PlasticHardeningModel11validParamsEv
FN:19,_ZN21PlasticHardeningModelC2ERK15InputParameters
FNDA:45,_ZN21PlasticHardeningModelC2ERK15InputParameters
FNDA:690,_ZN21PlasticHardeningModel11validParamsEv
FNF:2
FNH:2
DA:8,690
DA:10,690
DA:11,690
DA:13,690
DA:14,690
DA:16,690
DA:19,45
DA:20,45
DA:22,45
LF:9
LH:9
end_of_record
TN:
SF:/home/runner/work/raccoon/raccoon/src/materials/hardening_models/PowerLawHardening.C
FN:10,_ZN17PowerLawHardening11validParamsEv
FN:31,_ZN17PowerLawHardeningC2ERK15InputParameters
FN:54,_ZN17PowerLawHardening13plasticEnergyERKN11MetaPhysicL10DualNumberIdNS0_28SemiDynamicSparseNumberArrayIdmNS0_8NWrapperILm64EEEEELb1EEEj
FNDA:21,_ZN17PowerLawHardeningC2ERK15InputParameters
FNDA:154,_ZN17PowerLawHardening11validParamsEv
FNDA:701802,_ZN17PowerLawHardening13plasticEnergyERKN11MetaPhysicL10DualNumberIdNS0_28SemiDynamicSparseNumberArrayIdmNS0_8NWrapperILm64EEEEELb1EEEj
FNF:3
FNH:3
DA:10,154
DA:12,154
DA:13,154
DA:15,308
DA:16,308
DA:18,308
DA:21,308
DA:22,308
DA:26,308
DA:28,154
DA:31,21
DA:34,42
DA:35,42
DA:36,42
DA:38,42
DA:42,21
DA:43,21
DA:44,63
DA:48,21
DA:49,273
DA:51,21
DA:54,701802
DA:56,701802
DA:58,565456
DA:59,1413640
DA:60,565456
DA:61,565456
DA:62,282728
DA:65,419074
DA:66,1754505
DA:68,68173
DA:69,340865
DA:70,68173
DA:72,0
LF:34
LH:33
end_of_record
TN:
SF:/home/runner/work/raccoon/raccoon/src/materials/large_deformation_models/CNHIsotropicElasticity.C
FN:11,_ZN22CNHIsotropicElasticity11validParamsEv
FN:31,_ZN22CNHIsotropicElasticityC2ERK15InputParameters
FN:55,_ZN22CNHIsotropicElasticity19computeMandelStressERK18RankTwoTensorTemplIN11MetaPhysicL10DualNumberIdNS1_28SemiDynamicSparseNumberArrayIdmNS1_8NWrapperILm64EEEEELb1EEEEb
FN:71,_ZN22CNHIsotropicElasticity34computeMandelStressNoDecompositionERK18RankTwoTensorTemplIN11MetaPhysicL10DualNumberIdNS1_28SemiDynamicSparseNumberArrayIdmNS1_8NWrapperILm64EEEEELb1EEEEb
FN:108,_ZN22CNHIsotropicElasticity38computeMandelStressVolDevDecompositionERK18RankTwoTensorTemplIN11MetaPhysicL10DualNumberIdNS1_28SemiDynamicSparseNumberArrayIdmNS1_8NWrapperILm64EEEEELb1EEEEb
FNDA:130,_ZN22CNHIsotropicElasticity11validParamsEv
FNDA:3144,_ZN22CNHIsotropicElasticity19computeMandelStressERK18RankTwoTensorTemplIN11MetaPhysicL10DualNumberIdNS1_28SemiDynamicSparseNumberArrayIdmNS1_8NWrapperILm64EEEEELb1EEEEb
FNDA:3144,_ZN22CNHIsotropicElasticity34computeMandelStressNoDecompositionERK18RankTwoTensorTemplIN11MetaPhysicL10DualNumberIdNS1_28SemiDynamicSparseNumberArrayIdmNS1_8NWrapperILm64EEEEELb1EEEEb
FNDA:3,_ZN22CNHIsotropicElasticityC2ERK15InputParameters
FNDA:0,_ZN22CNHIsotropicElasticity38computeMandelStressVolDevDecompositionERK18RankTwoTensorTemplIN11MetaPhysicL10DualNumberIdNS1_28SemiDynamicSparseNumberArrayIdmNS1_8NWrapperILm64EEEEELb1EEEEb
FNF:5
FNH:4
DA:11,130
DA:13,130
DA:14,130
DA:16,260
DA:17,260
DA:19,260
DA:20,260
DA:24,260
DA:25,260
DA:26,260
DA:28,130
DA:31,3
DA:34,6
DA:35,6
DA:37,6
DA:41,3
DA:42,3
DA:43,9
DA:47,3
DA:48,9
DA:50,39
DA:52,3
DA:55,3144
DA:58,3144
DA:60,3144
DA:61,3144
DA:62,0
DA:63,0
DA:65,0
DA:67,3144
DA:71,3144
DA:75,3144
DA:76,3144
DA:78,1048
DA:79,1048
DA:82,2096
DA:84,3144
DA:86,3144
DA:89,12576
DA:90,3144
DA:94,3144
DA:96,4192
DA:97,6288
DA:98,6288
DA:99,2096
DA:100,4192
DA:101,4192
DA:104,3144
DA:108,0
DA:112,0
DA:113,0
DA:115,0
DA:116,0
DA:119,0
DA:121,0
DA:123,0
DA:126,0
DA:127,0
DA:129,0
DA:133,0
DA:135,0
DA:136,0
DA:137,0
DA:138,0
DA:139,0
DA:140,0
DA:143,0
LF:67
LH:45
end_of_record
TN:
SF:/home/runner/work/raccoon/raccoon/src/materials/large_deformation_models/ComputeDeformationGradient.C
FN:10,_ZN26ComputeDeformationGradient11validParamsEv
FN:31,_ZN26ComputeDeformationGradientC2ERK15InputParameters
FN:55,_ZN26ComputeDeformationGradient12initialSetupEv
FN:68,_ZN26ComputeDeformationGradient26displacementIntegrityCheckEv
FN:88,_ZN26ComputeDeformationGradient24initQpStatefulPropertiesEv
FN:95,_ZN26ComputeDeformationGradient27computeQpOutOfPlaneGradDispEv
FN:104,_ZN26ComputeDeformationGradient17computePropertiesEv
FNDA:48,_ZN26ComputeDeformationGradient26displacementIntegrityCheckEv
FNDA:190,_ZN26ComputeDeformationGradient11validParamsEv
FNDA:8608,_ZN26ComputeDeformationGradient24initQpStatefulPropertiesEv
FNDA:0,_ZN26ComputeDeformationGradient27computeQpOutOfPlaneGradDispEv
FNDA:48,_ZN26ComputeDeformationGradient12initialSetupEv
FNDA:48,_ZN26ComputeDeformationGradientC2ERK15InputParameters
FNDA:54913,_ZN26ComputeDeformationGradient17computePropertiesEv
FNF:7
FNH:6
DA:10,190
DA:12,190
DA:13,190
DA:14,190
DA:19,380
DA:22,380
DA:23,380
DA:24,380
DA:27,190
DA:28,190
DA:31,48
DA:34,48
DA:35,48
DA:38,48
DA:40,48
DA:41,96
DA:42,96
DA:45,480
DA:47,51
DA:48,3
DA:50,96
DA:51,0
DA:52,48
DA:55,48
DA:57,48
DA:60,57
DA:62,9
DA:63,9
DA:65,48
DA:68,48
DA:71,48
DA:72,0
DA:77,48
DA:78,0
DA:81,48
DA:82,0
DA:85,48
DA:88,8608
DA:90,8608
DA:91,8608
DA:92,8608
DA:95,0
DA:97,0
DA:98,0
DA:100,0
DA:104,54913
DA:106,54913
DA:108,341993
DA:111,287080
DA:112,287080
DA:113,0
DA:114,287080
DA:115,287080
DA:117,287080
DA:118,468944
DA:121,54913
DA:122,43162
DA:124,341993
DA:126,287080
DA:127,468944
DA:130,287080
DA:131,287584
DA:132,504
DA:133,287080
DA:135,54913
LF:65
LH:56
end_of_record
TN:
SF:/home/runner/work/raccoon/raccoon/src/materials/large_deformation_models/ComputeLargeDeformationStress.C
FN:13,_ZN29ComputeLargeDeformationStress11validParamsEv
FN:29,_ZN29ComputeLargeDeformationStressC2ERK15InputParameters
FN:44,_ZN29ComputeLargeDeformationStress12initialSetupEv
FN:67,_ZN29ComputeLargeDeformationStress24initQpStatefulPropertiesEv
FN:73,_ZN29ComputeLargeDeformationStress19computeQpPropertiesEv
FNDA:0,_ZN29ComputeLargeDeformationStress24initQpStatefulPropertiesEv
FNDA:287080,_ZN29ComputeLargeDeformationStress19computeQpPropertiesEv
FNDA:190,_ZN29ComputeLargeDeformationStress11validParamsEv
FNDA:48,_ZN29ComputeLargeDeformationStressC2ERK15InputParameters
FNDA:48,_ZN29ComputeLargeDeformationStress12initialSetupEv
FNF:5
FNH:4
DA:13,190
DA:15,190
DA:16,190
DA:17,190
DA:20,380
DA:22,380
DA:23,380
DA:25,190
DA:26,190
DA:29,48
DA:32,96
DA:33,48
DA:34,48
DA:35,54
DA:37,192
DA:39,96
DA:40,0
DA:41,48
DA:44,48
DA:46,48
DA:47,48
DA:48,48
DA:49,0
DA:50,0
DA:53,48
DA:54,48
DA:55,87
DA:57,48
DA:58,39
DA:60,48
DA:61,51
DA:62,54
DA:64,48
DA:67,0
DA:69,0
DA:70,0
DA:73,287080
DA:75,287080
DA:76,287080
DA:78,287080
DA:80,62224
DA:81,62224
DA:83,287080
LF:43
LH:37
end_of_record
TN:
SF:/home/runner/work/raccoon/raccoon/src/materials/large_deformation_models/HenckyIsotropicElasticity.C
FN:11,_ZN25HenckyIsotropicElasticity11validParamsEv
FN:32,_ZN25HenckyIsotropicElasticityC2ERK15InputParameters
FN:56,_ZN25HenckyIsotropicElasticity19computeMandelStressERK18RankTwoTensorTemplIN11MetaPhysicL10DualNumberIdNS1_28SemiDynamicSparseNumberArrayIdmNS1_8NWrapperILm64EEEEELb1EEEEb
FN:74,_ZN25HenckyIsotropicElasticity34computeMandelStressNoDecompositionERK18RankTwoTensorTemplIN11MetaPhysicL10DualNumberIdNS1_28SemiDynamicSparseNumberArrayIdmNS1_8NWrapperILm64EEEEELb1EEEEb
FN:104,_ZN25HenckyIsotropicElasticity38computeMandelStressVolDevDecompositionERK18RankTwoTensorTemplIN11MetaPhysicL10DualNumberIdNS1_28SemiDynamicSparseNumberArrayIdmNS1_8NWrapperILm64EEEEELb1EEEEb
FN:143,_ZN25HenckyIsotropicElasticity40computeMandelStressSpectralDecompositionERK18RankTwoTensorTemplIN11MetaPhysicL10DualNumberIdNS1_28SemiDynamicSparseNumberArrayIdmNS1_8NWrapperILm64EEEEELb1EEEEb
FNDA:186,_ZN25HenckyIsotropicElasticity11validParamsEv
FNDA:0,_ZN25HenckyIsotropicElasticity38computeMandelStressVolDevDecompositionERK18RankTwoTensorTemplIN11MetaPhysicL10DualNumberIdNS1_28SemiDynamicSparseNumberArrayIdmNS1_8NWrapperILm64EEEEELb1EEEEb
FNDA:1644938,_ZN25HenckyIsotropicElasticity34computeMandelStressNoDecompositionERK18RankTwoTensorTemplIN11MetaPhysicL10DualNumberIdNS1_28SemiDynamicSparseNumberArrayIdmNS1_8NWrapperILm64EEEEELb1EEEEb
FNDA:0,_ZN25HenckyIsotropicElasticity40computeMandelStressSpectralDecompositionERK18RankTwoTensorTemplIN11MetaPhysicL10DualNumberIdNS1_28SemiDynamicSparseNumberArrayIdmNS1_8NWrapperILm64EEEEELb1EEEEb
FNDA:45,_ZN25HenckyIsotropicElasticityC2ERK15InputParameters
FNDA:1644938,_ZN25HenckyIsotropicElasticity19computeMandelStressERK18RankTwoTensorTemplIN11MetaPhysicL10DualNumberIdNS1_28SemiDynamicSparseNumberArrayIdmNS1_8NWrapperILm64EEEEELb1EEEEb
FNF:6
FNH:4
DA:11,186
DA:13,186
DA:14,186
DA:17,372
DA:18,372
DA:20,372
DA:21,372
DA:25,372
DA:26,372
DA:27,372
DA:29,186
DA:32,45
DA:35,90
DA:36,90
DA:38,90
DA:42,45
DA:43,45
DA:44,135
DA:48,45
DA:49,135
DA:51,585
DA:53,45
DA:56,1644938
DA:59,1644938
DA:61,1644938
DA:62,1644938
DA:63,0
DA:64,0
DA:65,0
DA:66,0
DA:68,0
DA:70,1644938
DA:74,1644938
DA:81,1644938
DA:82,1037904
DA:84,1644938
DA:87,6579752
DA:88,1644938
DA:92,1644938
DA:95,1037904
DA:96,1037904
DA:97,1037904
DA:100,1644938
DA:104,0
DA:111,0
DA:112,0
DA:114,0
DA:117,0
DA:118,0
DA:120,0
DA:122,0
DA:123,0
DA:124,0
DA:125,0
DA:129,0
DA:132,0
DA:133,0
DA:134,0
DA:135,0
DA:136,0
DA:139,0
DA:143,0
DA:150,0
DA:151,0
DA:153,0
DA:154,0
DA:155,0
DA:156,0
DA:159,0
DA:162,0
DA:163,0
DA:164,0
DA:165,0
DA:168,0
DA:171,0
DA:172,0
DA:173,0
DA:174,0
DA:175,0
DA:176,0
DA:178,0
LF:81
LH:38
end_of_record
TN:
SF:/home/runner/work/raccoon/raccoon/src/materials/large_deformation_models/LargeDeformationElasticityModel.C
FN:9,_ZN31LargeDeformationElasticityModel11validParamsEv
FN:20,_ZN31LargeDeformationElasticityModelC2ERK15InputParameters
FN:29,_ZN31LargeDeformationElasticityModel5setQpEj
FN:37,_ZN31LargeDeformationElasticityModel18setPlasticityModelEP31LargeDeformationPlasticityModel
FN:45,_ZN31LargeDeformationElasticityModel24initQpStatefulPropertiesEv
FN:51,_ZN31LargeDeformationElasticityModel11updateStateERK18RankTwoTensorTemplIN11MetaPhysicL10DualNumberIdNS1_28SemiDynamicSparseNumberArrayIdmNS1_8NWrapperILm64EEEEELb1EEEERS8_
FN:62,_ZN31LargeDeformationElasticityModel19computeCauchyStressERK18RankTwoTensorTemplIN11MetaPhysicL10DualNumberIdNS1_28SemiDynamicSparseNumberArrayIdmNS1_8NWrapperILm64EEEEELb1EEEE
FNDA:287080,_ZN31LargeDeformationElasticityModel5setQpEj
FNDA:0,_ZN31LargeDeformationElasticityModel24initQpStatefulPropertiesEv
FNDA:48,_ZN31LargeDeformationElasticityModelC2ERK15InputParameters
FNDA:39,_ZN31LargeDeformationElasticityModel18setPlasticityModelEP31LargeDeformationPlasticityModel
FNDA:287080,_ZN31LargeDeformationElasticityModel19computeCauchyStressERK18RankTwoTensorTemplIN11MetaPhysicL10DualNumberIdNS1_28SemiDynamicSparseNumberArrayIdmNS1_8NWrapperILm64EEEEELb1EEEE
FNDA:316,_ZN31LargeDeformationElasticityModel11validParamsEv
FNDA:287080,_ZN31LargeDeformationElasticityModel11updateStateERK18RankTwoTensorTemplIN11MetaPhysicL10DualNumberIdNS1_28SemiDynamicSparseNumberArrayIdmNS1_8NWrapperILm64EEEEELb1EEEERS8_
FNF:7
FNH:6
DA:9,316
DA:11,316
DA:12,316
DA:14,316
DA:15,316
DA:17,316
DA:20,48
DA:24,48
DA:26,48
DA:29,287080
DA:31,287080
DA:32,287080
DA:33,233968
DA:34,287080
DA:37,39
DA:40,39
DA:41,39
DA:42,39
DA:45,0
DA:47,0
DA:48,0
DA:51,287080
DA:53,287080
DA:55,287080
DA:56,233968
DA:58,53112
DA:59,287080
DA:62,287080
DA:64,287080
LF:29
LH:26
end_of_record
TN:
SF:/home/runner/work/raccoon/raccoon/src/materials/large_deformation_models/LargeDeformationJ2Plasticity.C
FN:11,_ZN28LargeDeformationJ2Plasticity11validParamsEv
FN:19,_ZN28LargeDeformationJ2PlasticityC2ERK15InputParameters
FN:26,_ZN28LargeDeformationJ2Plasticity11updateStateER18RankTwoTensorTemplIN11MetaPhysicL10DualNumberIdNS1_28SemiDynamicSparseNumberArrayIdmNS1_8NWrapperILm64EEEEELb1EEEES9_
FN:61,_ZN28LargeDeformationJ2Plasticity24computeReferenceResidualERKN11MetaPhysicL10DualNumberIdNS0_28SemiDynamicSparseNumberArrayIdmNS0_8NWrapperILm64EEEEELb1EEES8_
FN:71,_ZN28LargeDeformationJ2Plasticity15computeResidualERKN11MetaPhysicL10DualNumberIdNS0_28SemiDynamicSparseNumberArrayIdmNS0_8NWrapperILm64EEEEELb1EEES8_
FN:84,_ZN28LargeDeformationJ2Plasticity17computeDerivativeERKN11MetaPhysicL10DualNumberIdNS0_28SemiDynamicSparseNumberArrayIdmNS0_8NWrapperILm64EEEEELb1EEES8_
FNDA:39,_ZN28LargeDeformationJ2PlasticityC2ERK15InputParameters
FNDA:290222,_ZN28LargeDeformationJ2Plasticity17computeDerivativeERKN11MetaPhysicL10DualNumberIdNS0_28SemiDynamicSparseNumberArrayIdmNS0_8NWrapperILm64EEEEELb1EEES8_
FNDA:522422,_ZN28LargeDeformationJ2Plasticity15computeResidualERKN11MetaPhysicL10DualNumberIdNS0_28SemiDynamicSparseNumberArrayIdmNS0_8NWrapperILm64EEEEELb1EEES8_
FNDA:304,_ZN28LargeDeformationJ2Plasticity11validParamsEv
FNDA:295822,_ZN28LargeDeformationJ2Plasticity24computeReferenceResidualERKN11MetaPhysicL10DualNumberIdNS0_28SemiDynamicSparseNumberArrayIdmNS0_8NWrapperILm64EEEEELb1EEES8_
FNDA:233968,_ZN28LargeDeformationJ2Plasticity11updateStateER18RankTwoTensorTemplIN11MetaPhysicL10DualNumberIdNS1_28SemiDynamicSparseNumberArrayIdmNS1_8NWrapperILm64EEEEELb1EEEES9_
FNF:6
FNH:6
DA:11,304
DA:13,304
DA:14,304
DA:16,304
DA:19,39
DA:20,39
DA:22,39
DA:23,39
DA:26,233968
DA:29,233968
DA:30,233968
DA:31,233968
DA:35,233968
DA:36,233968
DA:37,233968
DA:38,32840
DA:39,467936
DA:40,467936
DA:42,233968
DA:43,233968
DA:44,96852
DA:46,467936
DA:47,467936
DA:48,233968
DA:51,233968
DA:52,233968
DA:53,233968
DA:55,467936
DA:57,467936
DA:58,233968
DA:61,295822
DA:64,591644
DA:65,591644
DA:66,295822
DA:67,591644
DA:71,522422
DA:74,522422
DA:75,522422
DA:76,1044844
DA:77,522422
DA:78,1044844
DA:79,1044844
DA:80,1567266
DA:84,290222
DA:87,580444
DA:88,290222
DA:89,580444
DA:90,580444
LF:48
LH:48
end_of_record
TN:
SF:/home/runner/work/raccoon/raccoon/src/materials/large_deformation_models/LargeDeformationJ2PowerLawCreep.C
FN:11,_ZN31LargeDeformationJ2PowerLawCreep11validParamsEv
FN:24,_ZN31LargeDeformationJ2PowerLawCreepC2ERK15InputParameters
FN:32,_ZN31LargeDeformationJ2PowerLawCreep15computeResidualERKN11MetaPhysicL10DualNumberIdNS0_28SemiDynamicSparseNumberArrayIdmNS0_8NWrapperILm64EEEEELb1EEES8_
FN:47,_ZN31LargeDeformationJ2PowerLawCreep17computeDerivativeERKN11MetaPhysicL10DualNumberIdNS0_28SemiDynamicSparseNumberArrayIdmNS0_8NWrapperILm64EEEEELb1EEES8_
FNDA:6,_ZN31LargeDeformationJ2PowerLawCreepC2ERK15InputParameters
FNDA:5600,_ZN31LargeDeformationJ2PowerLawCreep17computeDerivativeERKN11MetaPhysicL10DualNumberIdNS0_28SemiDynamicSparseNumberArrayIdmNS0_8NWrapperILm64EEEEELb1EEES8_
FNDA:134,_ZN31LargeDeformationJ2PowerLawCreep11validParamsEv
FNDA:7368,_ZN31LargeDeformationJ2PowerLawCreep15computeResidualERKN11MetaPhysicL10DualNumberIdNS0_28SemiDynamicSparseNumberArrayIdmNS0_8NWrapperILm64EEEEELb1EEES8_
FNF:4
FNH:4
DA:11,134
DA:13,134
DA:14,134
DA:17,268
DA:19,268
DA:21,134
DA:24,6
DA:26,18
DA:27,18
DA:29,6
DA:32,7368
DA:37,22104
DA:38,14736
DA:40,14736
DA:41,14736
DA:42,14736
DA:43,14736
DA:47,5600
DA:52,16800
DA:53,11200
DA:55,5600
DA:56,5600
DA:58,11200
DA:59,11200
DA:61,11200
DA:62,11200
DA:64,16800
DA:65,5600
DA:66,5600
DA:67,5600
DA:68,5600
LF:31
LH:31
end_of_record
TN:
SF:/home/runner/work/raccoon/raccoon/src/materials/large_deformation_models/LargeDeformationNewtonianViscosity.C
FN:10,_ZN34LargeDeformationNewtonianViscosity11validParamsEv
FN:20,_ZN34LargeDeformationNewtonianViscosityC2ERK15InputParameters
FN:29,_ZN34LargeDeformationNewtonianViscosity19computeCauchyStressERK18RankTwoTensorTemplIN11MetaPhysicL10DualNumberIdNS1_28SemiDynamicSparseNumberArrayIdmNS1_8NWrapperILm64EEEEELb1EEEERKS0_IdE
FNDA:130,_ZN34LargeDeformationNewtonianViscosity11validParamsEv
FNDA:3,_ZN34LargeDeformationNewtonianViscosityC2ERK15InputParameters
FNDA:62224,_ZN34LargeDeformationNewtonianViscosity19computeCauchyStressERK18RankTwoTensorTemplIN11MetaPhysicL10DualNumberIdNS1_28SemiDynamicSparseNumberArrayIdmNS1_8NWrapperILm64EEEEELb1EEEERKS0_IdE
FNF:3
FNH:3
DA:10,130
DA:12,130
DA:13,130
DA:14,260
DA:15,260
DA:17,130
DA:20,3
DA:21,3
DA:23,6
DA:24,12
DA:26,3
DA:29,62224
DA:32,62224
DA:33,62224
DA:34,62224
DA:35,124448
LF:16
LH:16
end_of_record
TN:
SF:/home/runner/work/raccoon/raccoon/src/materials/large_deformation_models/LargeDeformationPlasticityModel.C
FN:9,_ZN31LargeDeformationPlasticityModel11validParamsEv
FN:23,_ZN31LargeDeformationPlasticityModelC2ERK15InputParameters
FN:38,_ZN31LargeDeformationPlasticityModel12initialSetupEv
FN:48,_ZN31LargeDeformationPlasticityModel5setQpEj
FN:55,_ZN31LargeDeformationPlasticityModel18setElasticityModelEP31LargeDeformationElasticityModel
FN:62,_ZN31LargeDeformationPlasticityModel24initQpStatefulPropertiesEv
FNDA:304,_ZN31LargeDeformationPlasticityModel11validParamsEv
FNDA:233968,_ZN31LargeDeformationPlasticityModel5setQpEj
FNDA:12384,_ZN31LargeDeformationPlasticityModel24initQpStatefulPropertiesEv
FNDA:39,_ZN31LargeDeformationPlasticityModel18setElasticityModelEP31LargeDeformationElasticityModel
FNDA:39,_ZN31LargeDeformationPlasticityModel12initialSetupEv
FNDA:39,_ZN31LargeDeformationPlasticityModelC2ERK15InputParameters
FNF:6
FNH:6
DA:9,304
DA:11,304
DA:12,304
DA:13,304
DA:15,608
DA:17,304
DA:18,304
DA:20,304
DA:23,39
DA:27,78
DA:29,78
DA:30,78
DA:31,78
DA:32,78
DA:33,273
DA:35,39
DA:38,39
DA:40,39
DA:41,39
DA:42,0
DA:43,0
DA:44,0
DA:45,39
DA:48,233968
DA:50,233968
DA:51,233968
DA:52,233968
DA:55,39
DA:58,39
DA:59,39
DA:62,12384
DA:64,12384
DA:65,12384
DA:66,12384
LF:34
LH:31
end_of_record
TN:
SF:/home/runner/work/raccoon/raccoon/src/materials/large_deformation_models/LargeDeformationViscoelasticityModel.C
FN:8,_ZN36LargeDeformationViscoelasticityModel11validParamsEv
FN:19,_ZN36LargeDeformationViscoelasticityModelC2ERK15InputParameters
FN:26,_ZN36LargeDeformationViscoelasticityModel5setQpEj
FNDA:130,_ZN36LargeDeformationViscoelasticityModel11validParamsEv
FNDA:62224,_ZN36LargeDeformationViscoelasticityModel5setQpEj
FNDA:3,_ZN36LargeDeformationViscoelasticityModelC2ERK15InputParameters
FNF:3
FNH:3
DA:8,130
DA:10,130
DA:11,130
DA:13,130
DA:14,130
DA:16,130
DA:19,3
DA:20,3
DA:21,3
DA:23,3
DA:26,62224
DA:28,62224
DA:29,62224
LF:13
LH:13
end_of_record
TN:
SF:/home/runner/work/raccoon/raccoon/src/materials/nucleation_models/KLBFNucleationMicroForce.C
FN:13,_ZN24KLBFNucleationMicroForce11validParamsEv
FN:28,_ZN24KLBFNucleationMicroForceC2ERK15InputParameters
FN:37,_ZN24KLBFNucleationMicroForce19computeQpPropertiesEv
FNDA:130,_ZN24KLBFNucleationMicroForce11validParamsEv
FNDA:3,_ZN24KLBFNucleationMicroForceC2ERK15InputParameters
FNDA:30000,_ZN24KLBFNucleationMicroForce19computeQpPropertiesEv
FNF:3
FNH:3
DA:13,130
DA:15,130
DA:17,130
DA:19,260
DA:21,260
DA:24,260
DA:25,130
DA:28,3
DA:30,6
DA:31,6
DA:32,15
DA:34,3
DA:37,30000
DA:40,60000
DA:43,30000
DA:46,30000
DA:47,30000
DA:48,60000
DA:55,30000
DA:56,1200
DA:60,60000
DA:61,60000
DA:62,90000
DA:63,30000
DA:64,60000
DA:65,30000
DA:67,120000
DA:68,30000
DA:69,60000
DA:72,90000
DA:74,90000
DA:75,30000
LF:32
LH:32
end_of_record
TN:
SF:/home/runner/work/raccoon/raccoon/src/materials/nucleation_models/KLRNucleationMicroForce.C
FN:13,_ZN23KLRNucleationMicroForce11validParamsEv
FN:29,_ZN23KLRNucleationMicroForceC2ERK15InputParameters
FN:39,_ZN23KLRNucleationMicroForce19computeQpPropertiesEv
FNDA:3,_ZN23KLRNucleationMicroForceC2ERK15InputParameters
FNDA:318000,_ZN23KLRNucleationMicroForce19computeQpPropertiesEv
FNDA:130,_ZN23KLRNucleationMicroForce11validParamsEv
FNF:3
FNH:3
DA:13,130
DA:15,130
DA:17,130
DA:20,260
DA:22,260
DA:25,260
DA:26,130
DA:29,3
DA:31,6
DA:32,6
DA:33,6
DA:34,15
DA:36,3
DA:39,318000
DA:42,636000
DA:45,318000
DA:48,318000
DA:49,318000
DA:50,636000
DA:57,318000
DA:58,1200
DA:60,318000
DA:61,1200
DA:64,954000
DA:65,318000
DA:66,636000
DA:67,318000
DA:68,636000
DA:69,1272000
DA:70,318000
DA:73,318000
DA:74,318000
DA:75,954000
DA:76,1590000
DA:78,954000
DA:80,318000
DA:81,318000
DA:82,636000
DA:83,954000
DA:84,318000
LF:40
LH:40
end_of_record
TN:
SF:/home/runner/work/raccoon/raccoon/src/materials/nucleation_models/LDLNucleationMicroForce.C
FN:10,_ZN23LDLNucleationMicroForce11validParamsEv
FN:27,_ZN23LDLNucleationMicroForceC2ERK15InputParameters
FN:37,_ZN23LDLNucleationMicroForce19computeQpPropertiesEv
FNDA:256560,_ZN23LDLNucleationMicroForce19computeQpPropertiesEv
FNDA:3,_ZN23LDLNucleationMicroForceC2ERK15InputParameters
FNDA:130,_ZN23LDLNucleationMicroForce11validParamsEv
FNF:3
FNH:3
DA:10,130
DA:12,130
DA:14,130
DA:17,260
DA:19,260
DA:22,260
DA:23,260
DA:24,130
DA:27,3
DA:29,6
DA:30,6
DA:31,6
DA:32,18
DA:34,3
DA:37,256560
DA:40,513120
DA:43,769680
DA:46,256560
DA:49,256560
DA:50,256560
DA:51,513120
DA:55,256560
DA:56,0
DA:59,256560
DA:60,1200
DA:63,256560
DA:64,256560
DA:67,256560
DA:70,0
DA:71,0
DA:72,0
DA:73,0
DA:78,256560
DA:81,1026240
DA:82,513120
DA:83,256560
DA:84,256560
DA:85,1026240
DA:90,513120
DA:91,513120
DA:92,256560
DA:93,256560
DA:94,513120
DA:97,256560
DA:98,256560
DA:99,769680
DA:100,1282800
DA:102,256560
DA:103,1026240
DA:104,256560
LF:50
LH:45
end_of_record
TN:
SF:/home/runner/work/raccoon/raccoon/src/materials/nucleation_models/NucleationMicroForceBase.C
FN:9,_ZN24NucleationMicroForceBase11validParamsEv
FN:35,_ZN24NucleationMicroForceBaseC2ERK15InputParameters
FNDA:390,_ZN24NucleationMicroForceBase11validParamsEv
FNDA:9,_ZN24NucleationMicroForceBaseC2ERK15InputParameters
FNF:2
FNH:2
DA:9,390
DA:11,390
DA:12,390
DA:15,780
DA:17,780
DA:19,780
DA:21,780
DA:22,780
DA:23,780
DA:25,780
DA:26,780
DA:30,780
DA:31,780
DA:32,390
DA:35,9
DA:38,18
DA:39,18
DA:40,18
DA:41,18
DA:42,18
DA:43,18
DA:44,18
DA:45,18
DA:46,18
DA:48,9
DA:49,126
DA:51,9
LF:27
LH:27
end_of_record
TN:
SF:/home/runner/work/raccoon/raccoon/src/materials/pff_constitutive_functions/CrackGeometricFunction.C
FN:10,_ZN22CrackGeometricFunction11validParamsEv
FN:43,_ZN22CrackGeometricFunctionC2ERK15InputParameters
FN:58,_ZN22CrackGeometricFunction28computeNormalizationConstantEv
FN:97,_ZN22CrackGeometricFunction22normalizationIntegrandERKN11MetaPhysicL10DualNumberIdNS0_28SemiDynamicSparseNumberArrayIdmNS0_8NWrapperILm64EEEEELb1EEE
FN:104,_ZN22CrackGeometricFunction19computeQpPropertiesEv
FNDA:11043450,_ZN22CrackGeometricFunction22normalizationIntegrandERKN11MetaPhysicL10DualNumberIdNS0_28SemiDynamicSparseNumberArrayIdmNS0_8NWrapperILm64EEEEELb1EEE
FNDA:310,_ZN22CrackGeometricFunction11validParamsEv
FNDA:138,_ZN22CrackGeometricFunctionC2ERK15InputParameters
FNDA:138,_ZN22CrackGeometricFunction28computeNormalizationConstantEv
FNDA:4390561,_ZN22CrackGeometricFunction19computeQpPropertiesEv
FNF:5
FNH:5
DA:10,310
DA:12,310
DA:13,310
DA:18,310
DA:19,620
DA:21,310
DA:22,310
DA:24,620
DA:29,620
DA:34,620
DA:35,620
DA:36,620
DA:37,620
DA:40,310
DA:43,138
DA:45,138
DA:46,276
DA:47,276
DA:48,138
DA:49,828
DA:52,138
DA:53,138
DA:54,138
DA:55,138
DA:58,138
DA:62,138
DA:63,138
DA:64,138
DA:66,2208828
DA:68,2208690
DA:71,2208690
DA:72,2208690
DA:73,2208690
DA:75,2208690
DA:77,2208690
DA:78,2208690
DA:80,2208690
DA:86,1104276
DA:89,2208690
DA:90,0
DA:93,138
DA:97,11043450
DA:99,11043450
DA:100,11043450
DA:104,4390561
DA:106,4390561
DA:107,4390561
DA:109,4390561
DA:110,4390561
LF:49
LH:48
end_of_record
TN:
SF:/home/runner/work/raccoon/raccoon/src/materials/pff_constitutive_functions/CustomParsedFunctionBase.C
FN:8,_ZN24CustomParsedFunctionBase11validParamsEv
FN:24,_ZN24CustomParsedFunctionBaseC2ERK15InputParameters
FNDA:912,_ZN24CustomParsedFunctionBase11validParamsEv
FNDA:306,_ZN24CustomParsedFunctionBaseC2ERK15InputParameters
FNF:2
FNH:2
DA:8,912
DA:10,912
DA:11,1824
DA:12,912
DA:13,912
DA:15,912
DA:16,912
DA:17,912
DA:19,912
DA:21,912
DA:24,306
DA:29,2448
DA:32,306
DA:36,306
DA:37,0
DA:38,306
LF:16
LH:15
end_of_record
TN:
SF:/home/runner/work/raccoon/raccoon/src/materials/pff_constitutive_functions/DegradationFunctionBase.C
FN:8,_ZN23DegradationFunctionBase11validParamsEv
FN:20,_ZN23DegradationFunctionBaseC2ERK15InputParameters
FNDA:168,_ZN23DegradationFunctionBaseC2ERK15InputParameters
FNDA:602,_ZN23DegradationFunctionBase11validParamsEv
FNF:2
FNH:2
DA:8,602
DA:10,602
DA:12,602
DA:13,1204
DA:15,602
DA:16,602
DA:17,602
DA:20,168
DA:21,168
DA:23,168
LF:10
LH:10
end_of_record
TN:
SF:/home/runner/work/raccoon/raccoon/src/materials/pff_constitutive_functions/NoDegradation.C
FN:10,_ZN13NoDegradation11validParamsEv
FN:20,_ZN13NoDegradationC2ERK15InputParameters
FNDA:21,_ZN13NoDegradationC2ERK15InputParameters
FNDA:154,_ZN13NoDegradation11validParamsEv
FNF:2
FNH:2
DA:10,154
DA:12,154
DA:13,154
DA:15,154
DA:17,154
DA:20,21
DA:21,21
DA:23,21
LF:8
LH:8
end_of_record
TN:
SF:/home/runner/work/raccoon/raccoon/src/materials/pff_constitutive_functions/PowerDegradationFunction.C
FN:10,_ZN24PowerDegradationFunction11validParamsEv
FN:21,_ZN24PowerDegradationFunctionC2ERK15InputParameters
FNDA:36,_ZN24PowerDegradationFunctionC2ERK15InputParameters
FNDA:174,_ZN24PowerDegradationFunction11validParamsEv
FNF:2
FNH:2
DA:10,174
DA:12,174
DA:13,174
DA:16,174
DA:17,696
DA:18,174
DA:21,36
DA:22,36
DA:24,36
LF:9
LH:9
end_of_record
TN:
SF:/home/runner/work/raccoon/raccoon/src/materials/pff_constitutive_functions/RationalDegradationFunction.C
FN:10,_ZN27RationalDegradationFunction11validParamsEv
FN:27,_ZN27RationalDegradationFunctionC2ERK15InputParameters
FNDA:111,_ZN27RationalDegradationFunctionC2ERK15InputParameters
FNDA:274,_ZN27RationalDegradationFunction11validParamsEv
FNF:2
FNH:2
DA:10,274
DA:12,274
DA:13,274
DA:20,274
DA:22,1644
DA:23,1918
DA:24,274
DA:27,111
DA:28,111
DA:30,111
LF:10
LH:10
end_of_record
TN:
SF:/home/runner/work/raccoon/raccoon/src/materials/small_deformation_models/ComputeSmallDeformationStress.C
FN:12,_ZN29ComputeSmallDeformationStress11validParamsEv
FN:27,_ZN29ComputeSmallDeformationStressC2ERK15InputParameters
FN:38,_ZN29ComputeSmallDeformationStress12initialSetupEv
FN:56,_ZN29ComputeSmallDeformationStress24initQpStatefulPropertiesEv
FN:62,_ZN29ComputeSmallDeformationStress19computeQpPropertiesEv
FNDA:198,_ZN29ComputeSmallDeformationStress11validParamsEv
FNDA:54,_ZN29ComputeSmallDeformationStressC2ERK15InputParameters
FNDA:0,_ZN29ComputeSmallDeformationStress24initQpStatefulPropertiesEv
FNDA:54,_ZN29ComputeSmallDeformationStress12initialSetupEv
FNDA:4051116,_ZN29ComputeSmallDeformationStress19computeQpPropertiesEv
FNF:5
FNH:4
DA:12,198
DA:14,198
DA:15,198
DA:16,198
DA:19,396
DA:21,396
DA:23,198
DA:24,198
DA:27,54
DA:30,108
DA:31,162
DA:33,108
DA:34,0
DA:35,54
DA:38,54
DA:40,54
DA:41,54
DA:42,54
DA:43,0
DA:44,0
DA:47,54
DA:48,54
DA:49,60
DA:51,54
DA:52,6
DA:53,54
DA:56,0
DA:58,0
DA:59,0
DA:62,4051116
DA:64,4051116
DA:65,4051116
DA:66,4051116
LF:33
LH:27
end_of_record
TN:
SF:/home/runner/work/raccoon/raccoon/src/materials/small_deformation_models/SmallDeformationElasticityModel.C
FN:9,_ZN31SmallDeformationElasticityModel11validParamsEv
FN:20,_ZN31SmallDeformationElasticityModelC2ERK15InputParameters
FN:29,_ZN31SmallDeformationElasticityModel5setQpEj
FN:37,_ZN31SmallDeformationElasticityModel18setPlasticityModelEP31SmallDeformationPlasticityModel
FN:45,_ZN31SmallDeformationElasticityModel24initQpStatefulPropertiesEv
FN:51,_ZN31SmallDeformationElasticityModel11updateStateERK18RankTwoTensorTemplIN11MetaPhysicL10DualNumberIdNS1_28SemiDynamicSparseNumberArrayIdmNS1_8NWrapperILm64EEEEELb1EEEERS8_
FNDA:4051116,_ZN31SmallDeformationElasticityModel11updateStateERK18RankTwoTensorTemplIN11MetaPhysicL10DualNumberIdNS1_28SemiDynamicSparseNumberArrayIdmNS1_8NWrapperILm64EEEEELb1EEEERS8_
FNDA:198,_ZN31SmallDeformationElasticityModel11validParamsEv
FNDA:0,_ZN31SmallDeformationElasticityModel24initQpStatefulPropertiesEv
FNDA:6,_ZN31SmallDeformationElasticityModel18setPlasticityModelEP31SmallDeformationPlasticityModel
FNDA:4051116,_ZN31SmallDeformationElasticityModel5setQpEj
FNDA:54,_ZN31SmallDeformationElasticityModelC2ERK15InputParameters
FNF:6
FNH:5
DA:9,198
DA:11,198
DA:12,198
DA:14,198
DA:15,198
DA:17,198
DA:20,54
DA:24,54
DA:26,54
DA:29,4051116
DA:31,4051116
DA:32,4051116
DA:33,139608
DA:34,4051116
DA:37,6
DA:40,6
DA:41,6
DA:42,6
DA:45,0
DA:47,0
DA:48,0
DA:51,4051116
DA:54,4051116
DA:56,4051116
DA:57,139608
DA:59,3911508
DA:60,4051116
LF:27
LH:24
end_of_record
TN:
SF:/home/runner/work/raccoon/raccoon/src/materials/small_deformation_models/SmallDeformationIsotropicElasticity.C
FN:11,_ZN35SmallDeformationIsotropicElasticity11validParamsEv
FN:31,_ZN35SmallDeformationIsotropicElasticityC2ERK15InputParameters
FN:56,_ZN35SmallDeformationIsotropicElasticity13computeStressERK18RankTwoTensorTemplIN11MetaPhysicL10DualNumberIdNS1_28SemiDynamicSparseNumberArrayIdmNS1_8NWrapperILm64EEEEELb1EEEE
FN:73,_ZN35SmallDeformationIsotropicElasticity28computeStressNoDecompositionERK18RankTwoTensorTemplIN11MetaPhysicL10DualNumberIdNS1_28SemiDynamicSparseNumberArrayIdmNS1_8NWrapperILm64EEEEELb1EEEE
FN:87,_ZN35SmallDeformationIsotropicElasticity34computeStressSpectralDecompositionERK18RankTwoTensorTemplIN11MetaPhysicL10DualNumberIdNS1_28SemiDynamicSparseNumberArrayIdmNS1_8NWrapperILm64EEEEELb1EEEE
FN:117,_ZN35SmallDeformationIsotropicElasticity32computeStressVolDevDecompositionERK18RankTwoTensorTemplIN11MetaPhysicL10DualNumberIdNS1_28SemiDynamicSparseNumberArrayIdmNS1_8NWrapperILm64EEEEELb1EEEE
FNDA:4331526,_ZN35SmallDeformationIsotropicElasticity13computeStressERK18RankTwoTensorTemplIN11MetaPhysicL10DualNumberIdNS1_28SemiDynamicSparseNumberArrayIdmNS1_8NWrapperILm64EEEEELb1EEEE
FNDA:451864,_ZN35SmallDeformationIsotropicElasticity32computeStressVolDevDecompositionERK18RankTwoTensorTemplIN11MetaPhysicL10DualNumberIdNS1_28SemiDynamicSparseNumberArrayIdmNS1_8NWrapperILm64EEEEELb1EEEE
FNDA:2051002,_ZN35SmallDeformationIsotropicElasticity28computeStressNoDecompositionERK18RankTwoTensorTemplIN11MetaPhysicL10DualNumberIdNS1_28SemiDynamicSparseNumberArrayIdmNS1_8NWrapperILm64EEEEELb1EEEE
FNDA:54,_ZN35SmallDeformationIsotropicElasticityC2ERK15InputParameters
FNDA:198,_ZN35SmallDeformationIsotropicElasticity11validParamsEv
FNDA:1828660,_ZN35SmallDeformationIsotropicElasticity34computeStressSpectralDecompositionERK18RankTwoTensorTemplIN11MetaPhysicL10DualNumberIdNS1_28SemiDynamicSparseNumberArrayIdmNS1_8NWrapperILm64EEEEELb1EEEE
FNF:6
FNH:6
DA:11,198
DA:13,198
DA:14,198
DA:16,396
DA:17,396
DA:19,396
DA:20,396
DA:24,396
DA:25,396
DA:26,396
DA:28,198
DA:31,54
DA:32,54
DA:35,108
DA:36,108
DA:38,108
DA:42,54
DA:43,54
DA:44,162
DA:48,54
DA:49,162
DA:51,702
DA:53,54
DA:56,4331526
DA:58,4331526
DA:60,4331526
DA:61,2051002
DA:62,2280524
DA:63,1828660
DA:64,451864
DA:65,451864
DA:67,0
DA:69,4331526
DA:73,2051002
DA:75,2051002
DA:76,8204008
DA:77,2051002
DA:79,4102004
DA:80,4102004
DA:81,4102004
DA:83,2051002
DA:87,1828660
DA:90,3657320
DA:91,1828660
DA:92,1828660
DA:93,1828660
DA:96,1828660
DA:99,7314640
DA:100,5485980
DA:101,1828660
DA:102,1828660
DA:106,3657320
DA:107,3657320
DA:108,3657320
DA:109,1828660
DA:110,3657320
DA:111,3657320
DA:113,1828660
DA:117,451864
DA:120,451864
DA:123,451864
DA:124,451864
DA:126,451864
DA:129,1807456
DA:130,903728
DA:131,451864
DA:132,451864
DA:136,903728
DA:137,903728
DA:138,451864
DA:139,903728
DA:140,903728
DA:142,451864
LF:73
LH:72
end_of_record
TN:
SF:/home/runner/work/raccoon/raccoon/src/materials/small_deformation_models/SmallDeformationJ2Plasticity.C
FN:10,_ZN28SmallDeformationJ2Plasticity11validParamsEv
FN:18,_ZN28SmallDeformationJ2PlasticityC2ERK15InputParameters
FN:24,_ZN28SmallDeformationJ2Plasticity11updateStateER18RankTwoTensorTemplIN11MetaPhysicL10DualNumberIdNS1_28SemiDynamicSparseNumberArrayIdmNS1_8NWrapperILm64EEEEELb1EEEES9_
FN:55,_ZN28SmallDeformationJ2Plasticity24computeReferenceResidualERKN11MetaPhysicL10DualNumberIdNS0_28SemiDynamicSparseNumberArrayIdmNS0_8NWrapperILm64EEEEELb1EEES8_
FN:64,_ZN28SmallDeformationJ2Plasticity15computeResidualERKN11MetaPhysicL10DualNumberIdNS0_28SemiDynamicSparseNumberArrayIdmNS0_8NWrapperILm64EEEEELb1EEES8_
FN:73,_ZN28SmallDeformationJ2Plasticity17computeDerivativeERKN11MetaPhysicL10DualNumberIdNS0_28SemiDynamicSparseNumberArrayIdmNS0_8NWrapperILm64EEEEELb1EEES8_
FNDA:140006,_ZN28SmallDeformationJ2Plasticity15computeResidualERKN11MetaPhysicL10DualNumberIdNS0_28SemiDynamicSparseNumberArrayIdmNS0_8NWrapperILm64EEEEELb1EEES8_
FNDA:398,_ZN28SmallDeformationJ2Plasticity17computeDerivativeERKN11MetaPhysicL10DualNumberIdNS0_28SemiDynamicSparseNumberArrayIdmNS0_8NWrapperILm64EEEEELb1EEES8_
FNDA:134,_ZN28SmallDeformationJ2Plasticity11validParamsEv
FNDA:139608,_ZN28SmallDeformationJ2Plasticity11updateStateER18RankTwoTensorTemplIN11MetaPhysicL10DualNumberIdNS1_28SemiDynamicSparseNumberArrayIdmNS1_8NWrapperILm64EEEEELb1EEEES9_
FNDA:6,_ZN28SmallDeformationJ2PlasticityC2ERK15InputParameters
FNDA:398,_ZN28SmallDeformationJ2Plasticity24computeReferenceResidualERKN11MetaPhysicL10DualNumberIdNS0_28SemiDynamicSparseNumberArrayIdmNS0_8NWrapperILm64EEEEELb1EEES8_
FNF:6
FNH:6
DA:10,134
DA:12,134
DA:13,134
DA:15,134
DA:18,6
DA:19,6
DA:21,6
DA:24,139608
DA:28,139608
DA:29,139608
DA:30,139608
DA:34,139608
DA:35,139608
DA:36,139608
DA:37,49268
DA:38,279216
DA:39,279216
DA:42,139608
DA:43,139608
DA:44,134
DA:45,279216
DA:46,139608
DA:49,279216
DA:50,139608
DA:51,139608
DA:52,139608
DA:55,398
DA:60,1194
DA:64,140006
DA:67,140006
DA:68,420018
DA:69,420018
DA:73,398
DA:76,398
DA:77,796
LF:35
LH:35
end_of_record
TN:
SF:/home/runner/work/raccoon/raccoon/src/materials/small_deformation_models/SmallDeformationPlasticityModel.C
FN:9,_ZN31SmallDeformationPlasticityModel11validParamsEv
FN:23,_ZN31SmallDeformationPlasticityModelC2ERK15InputParameters
FN:37,_ZN31SmallDeformationPlasticityModel12initialSetupEv
FN:47,_ZN31SmallDeformationPlasticityModel5setQpEj
FN:54,_ZN31SmallDeformationPlasticityModel18setElasticityModelEP31SmallDeformationElasticityModel
FN:61,_ZN31SmallDeformationPlasticityModel24initQpStatefulPropertiesEv
FNDA:139608,_ZN31SmallDeformationPlasticityModel5setQpEj
FNDA:6,_ZN31SmallDeformationPlasticityModel12initialSetupEv
FNDA:11508,_ZN31SmallDeformationPlasticityModel24initQpStatefulPropertiesEv
FNDA:134,_ZN31SmallDeformationPlasticityModel11validParamsEv
FNDA:6,_ZN31SmallDeformationPlasticityModelC2ERK15InputParameters
FNDA:6,_ZN31SmallDeformationPlasticityModel18setElasticityModelEP31SmallDeformationElasticityModel
FNF:6
FNH:6
DA:9,134
DA:11,134
DA:12,134
DA:13,134
DA:15,268
DA:17,134
DA:18,134
DA:20,134
DA:23,6
DA:27,12
DA:29,12
DA:30,12
DA:31,12
DA:32,36
DA:34,6
DA:37,6
DA:39,6
DA:40,6
DA:41,0
DA:42,0
DA:43,0
DA:44,6
DA:47,139608
DA:49,139608
DA:50,139608
DA:51,139608
DA:54,6
DA:57,6
DA:58,6
DA:61,11508
DA:63,11508
DA:64,11508
DA:65,11508
LF:33
LH:30
end_of_record
TN:
SF:/home/runner/work/raccoon/raccoon/src/postprocessors/ExternalWork.C
FN:10,_ZN12ExternalWork11validParamsEv
FN:25,_ZN12ExternalWorkC2ERK15InputParameters
FN:42,_ZN12ExternalWork10initializeEv
FN:48,_ZN12ExternalWork7executeEv
FN:54,_ZN12ExternalWork14computeQpValueEv
FN:63,_ZNK12ExternalWork8getValueEv
FN:69,_ZN12ExternalWork8finalizeEv
FN:75,_ZN12ExternalWork10threadJoinERK10UserObject
FNDA:1,_ZN12ExternalWorkC2ERK15InputParameters
FNDA:200,_ZNK12ExternalWork8getValueEv
FNDA:800,_ZN12ExternalWork7executeEv
FNDA:128,_ZN12ExternalWork11validParamsEv
FNDA:0,_ZN12ExternalWork10threadJoinERK10UserObject
FNDA:200,_ZN12ExternalWork8finalizeEv
FNDA:800,_ZN12ExternalWork14computeQpValueEv
FNDA:200,_ZN12ExternalWork10initializeEv
FNF:8
FNH:7
DA:10,128
DA:12,128
DA:13,128
DA:17,256
DA:19,256
DA:22,128
DA:25,1
DA:28,1
DA:30,1
DA:32,5
DA:34,1
DA:35,0
DA:37,1
DA:38,0
DA:39,1
DA:42,200
DA:44,200
DA:45,200
DA:48,800
DA:50,800
DA:51,800
DA:54,800
DA:56,800
DA:57,800
DA:59,800
DA:63,200
DA:65,200
DA:69,200
DA:71,200
DA:72,200
DA:75,0
DA:78,0
DA:79,0
LF:33
LH:28
end_of_record
TN:
SF:/home/runner/work/raccoon/raccoon/src/postprocessors/KineticEnergy.C
FN:10,_ZN13KineticEnergy11validParamsEv
FN:25,_ZN13KineticEnergyC2ERK15InputParameters
FN:37,_ZN13KineticEnergy17computeQpIntegralEv
FNDA:0,_ZN13KineticEnergy17computeQpIntegralEv
FNDA:0,_ZN13KineticEnergyC2ERK15InputParameters
FNDA:126,_ZN13KineticEnergy11validParamsEv
FNF:3
FNH:1
DA:10,126
DA:12,126
DA:13,126
DA:14,126
DA:18,252
DA:20,252
DA:22,126
DA:25,0
DA:28,0
DA:29,0
DA:30,0
DA:32,0
DA:33,0
DA:34,0
DA:37,0
DA:39,0
DA:40,0
LF:17
LH:7
end_of_record
TN:
SF:/home/runner/work/raccoon/raccoon/src/postprocessors/LargeDeformationJIntegral.C
FN:10,_ZN25LargeDeformationJIntegral11validParamsEv
FN:23,_ZN25LargeDeformationJIntegralC2ERK15InputParameters
FN:35,_ZN25LargeDeformationJIntegral17computeQpIntegralEv
FNDA:0,_ZN25LargeDeformationJIntegralC2ERK15InputParameters
FNDA:0,_ZN25LargeDeformationJIntegral17computeQpIntegralEv
FNDA:126,_ZN25LargeDeformationJIntegral11validParamsEv
FNF:3
FNH:1
DA:10,126
DA:12,126
DA:13,126
DA:14,126
DA:17,252
DA:18,252
DA:20,126
DA:23,0
DA:26,0
DA:27,0
DA:29,0
DA:30,0
DA:32,0
DA:35,0
DA:37,0
DA:38,0
DA:39,0
DA:40,0
DA:41,0
LF:19
LH:7
end_of_record
TN:
SF:/home/runner/work/raccoon/raccoon/src/postprocessors/PhaseFieldJIntegral.C
FN:10,_ZN19PhaseFieldJIntegral11validParamsEv
FN:25,_ZN19PhaseFieldJIntegralC2ERK15InputParameters
FN:40,_ZN19PhaseFieldJIntegral17computeQpIntegralEv
FNDA:6888,_ZN19PhaseFieldJIntegral17computeQpIntegralEv
FNDA:132,_ZN19PhaseFieldJIntegral11validParamsEv
FNDA:3,_ZN19PhaseFieldJIntegralC2ERK15InputParameters
FNF:3
FNH:3
DA:10,132
DA:12,132
DA:13,132
DA:14,132
DA:15,264
DA:16,264
DA:19,264
DA:22,132
DA:25,3
DA:28,6
DA:29,6
DA:30,3
DA:32,18
DA:35,6
DA:36,3
DA:37,3
DA:40,6888
DA:43,6888
DA:44,6888
DA:45,13776
DA:46,6888
DA:47,6888
LF:22
LH:22
end_of_record
TN:
SF:/home/runner/work/raccoon/raccoon/src/postprocessors/SolutionChangeNorm.C
FN:11,_ZN18SolutionChangeNorm11validParamsEv
FN:21,_ZN18SolutionChangeNormC2ERK15InputParameters
FN:29,_ZNK18SolutionChangeNorm8getValueEv
FN:35,_ZN18SolutionChangeNorm17computeQpIntegralEv
FNDA:0,_ZN18SolutionChangeNormC2ERK15InputParameters
FNDA:0,_ZN18SolutionChangeNorm17computeQpIntegralEv
FNDA:0,_ZNK18SolutionChangeNorm8getValueEv
FNDA:126,_ZN18SolutionChangeNorm11validParamsEv
FNF:4
FNH:1
DA:11,126
DA:13,126
DA:14,126
DA:16,252
DA:18,126
DA:21,0
DA:24,0
DA:26,0
DA:29,0
DA:31,0
DA:35,0
DA:38,0
DA:39,0
DA:40,0
LF:14
LH:5
end_of_record
TN:
SF:/home/runner/work/raccoon/raccoon/src/utils/RaccoonUtils.C
FN:14,_ZN12RaccoonUtils8MacaulayEN11MetaPhysicL10DualNumberIdNS0_28SemiDynamicSparseNumberArrayIdmNS0_8NWrapperILm64EEEEELb1EEEb
FN:22,_ZN12RaccoonUtils8MacaulayERKSt6vectorIN11MetaPhysicL10DualNumberIdNS1_28SemiDynamicSparseNumberArrayIdmNS1_8NWrapperILm64EEEEELb1EEESaIS7_EEb
FN:31,_ZN12RaccoonUtils21spectralDecompositionERK18RankTwoTensorTemplIN11MetaPhysicL10DualNumberIdNS1_28SemiDynamicSparseNumberArrayIdmNS1_8NWrapperILm64EEEEELb1EEEE
FN:43,_ZN12RaccoonUtils3logERK18RankTwoTensorTemplIN11MetaPhysicL10DualNumberIdNS1_28SemiDynamicSparseNumberArrayIdmNS1_8NWrapperILm64EEEEELb1EEEE
FN:55,_ZN12RaccoonUtils3expERK18RankTwoTensorTemplIN11MetaPhysicL10DualNumberIdNS1_28SemiDynamicSparseNumberArrayIdmNS1_8NWrapperILm64EEEEELb1EEEE
FNDA:518952,_ZN12RaccoonUtils3logERK18RankTwoTensorTemplIN11MetaPhysicL10DualNumberIdNS1_28SemiDynamicSparseNumberArrayIdmNS1_8NWrapperILm64EEEEELb1EEEE
FNDA:1828660,_ZN12RaccoonUtils8MacaulayERKSt6vectorIN11MetaPhysicL10DualNumberIdNS1_28SemiDynamicSparseNumberArrayIdmNS1_8NWrapperILm64EEEEELb1EEESaIS7_EEb
FNDA:1828660,_ZN12RaccoonUtils21spectralDecompositionERK18RankTwoTensorTemplIN11MetaPhysicL10DualNumberIdNS1_28SemiDynamicSparseNumberArrayIdmNS1_8NWrapperILm64EEEEELb1EEEE
FNDA:7766504,_ZN12RaccoonUtils8MacaulayEN11MetaPhysicL10DualNumberIdNS0_28SemiDynamicSparseNumberArrayIdmNS0_8NWrapperILm64EEEEELb1EEEb
FNDA:235016,_ZN12RaccoonUtils3expERK18RankTwoTensorTemplIN11MetaPhysicL10DualNumberIdNS1_28SemiDynamicSparseNumberArrayIdmNS1_8NWrapperILm64EEEEELb1EEEE
FNF:5
FNH:5
DA:14,7766504
DA:16,7766504
DA:17,0
DA:18,23299512
DA:22,1828660
DA:24,1828660
DA:25,7314640
DA:26,5485980
DA:27,1828660
DA:31,1828660
DA:33,1828660
DA:34,1828660
DA:35,1828660
DA:37,1828660
DA:38,1828660
DA:39,1828660
DA:43,518952
DA:46,518952
DA:47,518952
DA:48,2075808
DA:49,1556856
DA:50,518952
DA:51,518952
DA:55,235016
DA:58,235016
DA:59,235016
DA:60,940064
DA:61,705048
DA:62,235016
DA:63,235016
LF:30
LH:29
end_of_record
