TN:
SF:/home/runner/work/raccoon/raccoon/src/auxkernels/ConditionalBoundsAux.C
FN:6,_ZN20ConditionalBoundsAux11validParamsEv
FN:21,_ZN20ConditionalBoundsAuxC2ERK15InputParameters
FN:29,_ZN20ConditionalBoundsAux8getBoundEv
FNDA:278159,_ZN20ConditionalBoundsAux8getBoundEv
FNDA:148,_ZN20ConditionalBoundsAux11validParamsEv
FNDA:6,_ZN20ConditionalBoundsAuxC2ERK15InputParameters
FNF:3
FNH:3
DA:6,148
DA:8,148
DA:9,148
DA:13,296
DA:14,296
DA:16,296
DA:17,148
DA:18,148
DA:19,0
DA:21,6
DA:23,6
DA:24,18
DA:26,6
DA:29,278159
DA:32,278159
DA:33,278159
DA:35,0
DA:36,278159
DA:39,272747
LF:19
LH:17
end_of_record
TN:
SF:/home/runner/work/raccoon/raccoon/src/base/raccoonApp.C
FN:14,_ZN10raccoonApp11validParamsEv
FN:23,_ZN10raccoonAppC2ERK15InputParameters
FN:28,_ZN10raccoonAppD0Ev
FN:28,_ZN10raccoonAppD2Ev
FN:31,_ZN10raccoonApp11registerAllER7FactoryR13ActionFactoryR6Syntax
FN:39,_ZN10raccoonApp12registerAppsEv
FN:45,_ZNK10raccoonApp20getInstallableInputsB5cxx11Ev
FN:54,raccoonApp__registerAll
FN:59,raccoonApp__registerApps
FNDA:73,_ZN10raccoonApp11registerAllER7FactoryR13ActionFactoryR6Syntax
FNDA:0,_ZNK10raccoonApp20getInstallableInputsB5cxx11Ev
FNDA:0,_ZN10raccoonAppD2Ev
FNDA:46,_ZN10raccoonApp12registerAppsEv
FNDA:73,_ZN10raccoonApp11validParamsEv
FNDA:0,raccoonApp__registerAll
FNDA:0,_ZN10raccoonAppC2ERK15InputParameters
FNDA:0,_ZN10raccoonAppD0Ev
FNDA:0,raccoonApp__registerApps
FNF:9
FNH:3
DA:14,73
DA:16,73
DA:17,73
DA:18,73
DA:19,73
DA:20,73
DA:21,0
DA:23,0
DA:25,0
DA:26,0
DA:28,0
DA:31,73
DA:33,73
DA:34,73
DA:35,73
DA:36,73
DA:39,46
DA:41,46
DA:42,46
DA:45,0
DA:47,0
DA:54,0
DA:56,0
DA:57,0
DA:59,0
DA:61,0
DA:62,0
LF:27
LH:14
end_of_record
TN:
SF:/home/runner/work/raccoon/raccoon/src/bcs/LoadingUnloadingDirichletBC.C
FN:11,_ZN27LoadingUnloadingDirichletBC11validParamsEv
FN:36,_ZN27LoadingUnloadingDirichletBCC2ERK15InputParameters
FN:49,_ZN27LoadingUnloadingDirichletBC13timestepSetupEv
FN:90,_ZN27LoadingUnloadingDirichletBC14computeQpValueEv
FNDA:136,_ZN27LoadingUnloadingDirichletBC11validParamsEv
FNDA:0,_ZN27LoadingUnloadingDirichletBC14computeQpValueEv
FNDA:0,_ZN27LoadingUnloadingDirichletBC13timestepSetupEv
FNDA:0,_ZN27LoadingUnloadingDirichletBCC2ERK15InputParameters
FNF:4
FNH:1
DA:11,136
DA:13,136
DA:14,136
DA:20,272
DA:24,272
DA:26,272
DA:27,272
DA:29,272
DA:33,136
DA:34,0
DA:36,0
DA:38,0
DA:39,0
DA:40,0
DA:41,0
DA:42,0
DA:43,0
DA:44,0
DA:46,0
DA:49,0
DA:51,0
DA:52,0
DA:53,0
DA:55,0
DA:56,0
DA:57,0
DA:60,0
DA:62,0
DA:63,0
DA:65,0
DA:66,0
DA:67,0
DA:68,0
DA:69,0
DA:70,0
DA:71,0
DA:76,0
DA:79,0
DA:80,0
DA:81,0
DA:83,0
DA:84,0
DA:86,0
DA:87,0
DA:90,0
DA:92,0
LF:46
LH:9
end_of_record
TN:
SF:/home/runner/work/raccoon/raccoon/src/bcs/ModeISurfingDirichletBC.C
FN:10,_ZN23ModeISurfingDirichletBC11validParamsEv
FN:30,_ZN23ModeISurfingDirichletBCC2ERK15InputParameters
FN:42,_ZN23ModeISurfingDirichletBC17computeQpResidualEv
FNDA:0,_ZN23ModeISurfingDirichletBCC2ERK15InputParameters
FNDA:136,_ZN23ModeISurfingDirichletBC11validParamsEv
FNDA:0,_ZN23ModeISurfingDirichletBC17computeQpResidualEv
FNF:3
FNH:1
DA:10,136
DA:12,136
DA:13,136
DA:18,136
DA:19,136
DA:20,136
DA:21,136
DA:23,272
DA:24,272
DA:25,272
DA:26,272
DA:27,136
DA:28,0
DA:30,0
DA:32,0
DA:33,0
DA:34,0
DA:35,0
DA:36,0
DA:37,0
DA:39,0
DA:42,0
DA:44,0
DA:45,0
DA:46,0
DA:48,0
DA:49,0
DA:50,0
DA:51,0
DA:52,0
DA:53,0
DA:54,0
DA:55,0
DA:56,0
DA:58,0
DA:59,0
DA:60,0
DA:61,0
DA:62,0
DA:63,0
LF:40
LH:12
end_of_record
TN:
SF:/home/runner/work/raccoon/raccoon/src/ics/BrittleDamageIC.C
FN:10,_ZN15BrittleDamageIC11validParamsEv
FN:22,_ZN15BrittleDamageICC2ERK15InputParameters
FN:28,_ZN15BrittleDamageIC5valueERKN7libMesh5PointE
FNDA:0,_ZN15BrittleDamageIC5valueERKN7libMesh5PointE
FNDA:0,_ZN15BrittleDamageICC2ERK15InputParameters
FNDA:136,_ZN15BrittleDamageIC11validParamsEv
FNF:3
FNH:1
DA:10,136
DA:12,136
DA:13,136
DA:17,272
DA:18,272
DA:19,136
DA:20,0
DA:22,0
DA:23,0
DA:25,0
DA:28,0
DA:30,0
DA:32,0
DA:33,0
DA:34,0
DA:38,0
LF:16
LH:6
end_of_record
TN:
SF:/home/runner/work/raccoon/raccoon/src/ics/CohesiveDamageIC.C
FN:10,_ZN16CohesiveDamageIC11validParamsEv
FN:20,_ZN16CohesiveDamageICC2ERK15InputParameters
FN:23,_ZN16CohesiveDamageIC5valueERKN7libMesh5PointE
FNDA:0,_ZN16CohesiveDamageICC2ERK15InputParameters
FNDA:0,_ZN16CohesiveDamageIC5valueERKN7libMesh5PointE
FNDA:136,_ZN16CohesiveDamageIC11validParamsEv
FNF:3
FNH:1
DA:10,136
DA:12,136
DA:13,136
DA:17,136
DA:18,0
DA:20,0
DA:23,0
DA:25,0
DA:27,0
DA:28,0
DA:29,0
DA:33,0
LF:12
LH:4
end_of_record
TN:
SF:/home/runner/work/raccoon/raccoon/src/ics/DamageICBase.C
FN:8,_ZN12DamageICBase11validParamsEv
FN:22,_ZN12DamageICBaseC2ERK15InputParameters
FN:41,_ZN12DamageICBase4distERKN7libMesh5PointE
FNDA:272,_ZN12DamageICBase11validParamsEv
FNDA:0,_ZN12DamageICBase4distERKN7libMesh5PointE
FNDA:0,_ZN12DamageICBaseC2ERK15InputParameters
FNF:3
FNH:1
DA:8,272
DA:10,272
DA:11,544
DA:12,544
DA:13,544
DA:14,544
DA:15,544
DA:16,544
DA:17,544
DA:18,544
DA:19,272
DA:20,0
DA:22,0
DA:24,0
DA:25,0
DA:26,0
DA:27,0
DA:28,0
DA:29,0
DA:30,0
DA:31,0
DA:38,0
DA:41,0
DA:44,0
DA:49,0
DA:54,0
DA:55,0
DA:56,0
DA:63,0
DA:64,0
DA:65,0
DA:67,0
DA:68,0
DA:72,0
DA:73,0
DA:79,0
DA:83,0
LF:37
LH:11
end_of_record
TN:
SF:/home/runner/work/raccoon/raccoon/src/interfaces/BaseNameInterface.C
FN:8,_ZN17BaseNameInterface11validParamsEv
FN:18,_ZN17BaseNameInterfaceC2ERK15InputParameters
FN:25,_ZNK17BaseNameInterface15prependBaseNameE20MaterialPropertyNameb
FN:33,_ZNK17BaseNameInterface15prependBaseNameERKSt6vectorI20MaterialPropertyNameSaIS1_EE
FNDA:48,_ZNK17BaseNameInterface15prependBaseNameERKSt6vectorI20MaterialPropertyNameSaIS1_EE
FNDA:473,_ZN17BaseNameInterfaceC2ERK15InputParameters
FNDA:4738,_ZN17BaseNameInterface11validParamsEv
FNDA:1815,_ZNK17BaseNameInterface15prependBaseNameE20MaterialPropertyNameb
FNF:4
FNH:4
DA:8,4738
DA:10,4738
DA:11,9476
DA:15,4738
DA:16,0
DA:18,473
DA:19,473
DA:20,473
DA:22,473
DA:25,1815
DA:27,1815
DA:28,2136
DA:29,1494
DA:33,48
DA:36,51
DA:37,6
DA:38,48
DA:39,0
LF:18
LH:16
end_of_record
TN:
SF:/home/runner/work/raccoon/raccoon/src/kernels/ADCoefMatDiffusion.C
FN:10,_ZN18ADCoefMatDiffusion11validParamsEv
FN:22,_ZN18ADCoefMatDiffusionC2ERK15InputParameters
FN:34,_ZN18ADCoefMatDiffusion17computeQpResidualEv
FNDA:0,_ZN18ADCoefMatDiffusionC2ERK15InputParameters
FNDA:136,_ZN18ADCoefMatDiffusion11validParamsEv
FNDA:0,_ZN18ADCoefMatDiffusion17computeQpResidualEv
FNF:3
FNH:1
DA:10,136
DA:12,136
DA:13,136
DA:16,272
DA:17,272
DA:19,136
DA:20,0
DA:22,0
DA:24,0
DA:25,0
DA:26,0
DA:28,0
DA:29,0
DA:30,0
DA:31,0
DA:34,0
DA:36,0
DA:37,0
DA:38,0
DA:40,0
DA:42,0
LF:21
LH:6
end_of_record
TN:
SF:/home/runner/work/raccoon/raccoon/src/kernels/ADCoefMatReaction.C
FN:10,_ZN17ADCoefMatReaction11validParamsEv
FN:22,_ZN17ADCoefMatReactionC2ERK15InputParameters
FN:34,_ZN17ADCoefMatReaction20precomputeQpResidualEv
FNDA:140,_ZN17ADCoefMatReaction11validParamsEv
FNDA:2,_ZN17ADCoefMatReactionC2ERK15InputParameters
FNDA:5600000,_ZN17ADCoefMatReaction20precomputeQpResidualEv
FNF:3
FNH:3
DA:10,140
DA:12,140
DA:13,140
DA:16,280
DA:17,280
DA:19,140
DA:20,0
DA:22,2
DA:24,2
DA:25,4
DA:26,4
DA:28,2
DA:29,4
DA:30,2
DA:31,2
DA:34,5600000
DA:36,5600000
DA:37,11200000
DA:38,5600000
DA:39,11200000
LF:20
LH:19
end_of_record
TN:
SF:/home/runner/work/raccoon/raccoon/src/kernels/ADCoefMatSource.C
FN:10,_ZN15ADCoefMatSource11validParamsEv
FN:21,_ZN15ADCoefMatSourceC2ERK15InputParameters
FN:33,_ZN15ADCoefMatSource20precomputeQpResidualEv
FNDA:152,_ZN15ADCoefMatSource11validParamsEv
FNDA:8,_ZN15ADCoefMatSourceC2ERK15InputParameters
FNDA:1059144,_ZN15ADCoefMatSource20precomputeQpResidualEv
FNF:3
FNH:3
DA:10,152
DA:12,152
DA:13,152
DA:15,304
DA:16,304
DA:18,152
DA:19,0
DA:21,8
DA:23,8
DA:24,16
DA:25,16
DA:27,8
DA:28,16
DA:29,8
DA:30,8
DA:33,1059144
DA:35,1059144
DA:36,2118288
DA:37,1059144
DA:39,1059144
LF:20
LH:19
end_of_record
TN:
SF:/home/runner/work/raccoon/raccoon/src/kernels/ADPFFDiffusion.C
FN:10,_ZN14ADPFFDiffusion11validParamsEv
FN:26,_ZN14ADPFFDiffusionC2ERK15InputParameters
FN:36,_ZN14ADPFFDiffusion17computeQpResidualEv
FNDA:26570296,_ZN14ADPFFDiffusion17computeQpResidualEv
FNDA:29,_ZN14ADPFFDiffusionC2ERK15InputParameters
FNDA:194,_ZN14ADPFFDiffusion11validParamsEv
FNF:3
FNH:3
DA:10,194
DA:12,194
DA:13,194
DA:14,194
DA:17,388
DA:19,388
DA:21,388
DA:23,194
DA:24,0
DA:26,29
DA:29,87
DA:30,87
DA:31,87
DA:33,29
DA:36,26570296
DA:38,26570296
DA:40,53140592
LF:17
LH:16
end_of_record
TN:
SF:/home/runner/work/raccoon/raccoon/src/kernels/ADPFFPressure.C
FN:10,_ZN13ADPFFPressure11validParamsEv
FN:28,_ZN13ADPFFPressureC2ERK15InputParameters
FN:47,_ZN13ADPFFPressure20precomputeQpResidualEv
FNDA:51200,_ZN13ADPFFPressure20precomputeQpResidualEv
FNDA:2,_ZN13ADPFFPressureC2ERK15InputParameters
FNDA:140,_ZN13ADPFFPressure11validParamsEv
FNF:3
FNH:3
DA:10,140
DA:12,140
DA:13,140
DA:14,140
DA:18,280
DA:19,280
DA:22,280
DA:25,140
DA:26,0
DA:28,2
DA:32,4
DA:33,2
DA:34,2
DA:35,4
DA:36,4
DA:39,6
DA:40,4
DA:42,4
DA:43,2
DA:44,2
DA:47,51200
DA:49,51200
DA:50,102400
LF:23
LH:22
end_of_record
TN:
SF:/home/runner/work/raccoon/raccoon/src/kernels/ADPFFSource.C
FN:10,_ZN11ADPFFSource11validParamsEv
FN:21,_ZN11ADPFFSourceC2ERK15InputParameters
FN:30,_ZN11ADPFFSource20precomputeQpResidualEv
FNDA:6657020,_ZN11ADPFFSource20precomputeQpResidualEv
FNDA:29,_ZN11ADPFFSourceC2ERK15InputParameters
FNDA:194,_ZN11ADPFFSource11validParamsEv
FNF:3
FNH:3
DA:10,194
DA:12,194
DA:13,194
DA:15,388
DA:18,194
DA:19,0
DA:21,29
DA:24,58
DA:25,87
DA:27,29
DA:30,6657020
DA:32,6657020
LF:12
LH:11
end_of_record
TN:
SF:/home/runner/work/raccoon/raccoon/src/kernels/ADPressurizedCrack.C
FN:10,_ZN18ADPressurizedCrack11validParamsEv
FN:29,_ZN18ADPressurizedCrackC2ERK15InputParameters
FN:42,_ZN18ADPressurizedCrack20precomputeQpResidualEv
FNDA:4,_ZN18ADPressurizedCrackC2ERK15InputParameters
FNDA:144,_ZN18ADPressurizedCrack11validParamsEv
FNDA:337600,_ZN18ADPressurizedCrack20precomputeQpResidualEv
FNF:3
FNH:3
DA:10,144
DA:12,144
DA:13,144
DA:14,144
DA:17,288
DA:18,288
DA:19,288
DA:23,288
DA:26,144
DA:27,0
DA:29,4
DA:33,4
DA:34,8
DA:35,4
DA:36,8
DA:37,12
DA:39,4
DA:42,337600
DA:44,337600
LF:19
LH:18
end_of_record
TN:
SF:/home/runner/work/raccoon/raccoon/src/main.C
FN:10,main
FNDA:46,main
FNF:1
FNH:1
DA:10,46
DA:12,46
LF:2
LH:2
end_of_record
TN:
SF:/home/runner/work/raccoon/raccoon/src/materials/ArrheniusLaw.C
FN:10,_ZN12ArrheniusLaw11validParamsEv
FN:27,_ZN12ArrheniusLawC2ERK15InputParameters
FN:42,_ZN12ArrheniusLaw19computeQpPropertiesEv
FNDA:152,_ZN12ArrheniusLaw11validParamsEv
FNDA:29840,_ZN12ArrheniusLaw19computeQpPropertiesEv
FNDA:12,_ZN12ArrheniusLawC2ERK15InputParameters
FNF:3
FNH:3
DA:10,152
DA:12,152
DA:13,152
DA:14,152
DA:18,304
DA:20,304
DA:21,304
DA:22,304
DA:24,152
DA:25,0
DA:27,12
DA:31,12
DA:32,12
DA:33,12
DA:34,72
DA:35,24
DA:36,24
DA:37,24
DA:39,24
DA:42,29840
DA:45,59680
DA:46,59680
DA:47,29840
LF:23
LH:22
end_of_record
TN:
SF:/home/runner/work/raccoon/raccoon/src/materials/ComputeEigenstrainFromFunctionInitialStress.C
FN:10,_ZN43ComputeEigenstrainFromFunctionInitialStress11validParamsEv
FN:32,_ZN43ComputeEigenstrainFromFunctionInitialStressC2ERK15InputParameters
FN:58,_ZN43ComputeEigenstrainFromFunctionInitialStress24initQpStatefulPropertiesEv
FN:64,_ZN43ComputeEigenstrainFromFunctionInitialStress19computeQpPropertiesEv
FNDA:5960000,_ZN43ComputeEigenstrainFromFunctionInitialStress19computeQpPropertiesEv
FNDA:3,_ZN43ComputeEigenstrainFromFunctionInitialStressC2ERK15InputParameters
FNDA:0,_ZN43ComputeEigenstrainFromFunctionInitialStress24initQpStatefulPropertiesEv
FNDA:140,_ZN43ComputeEigenstrainFromFunctionInitialStress11validParamsEv
FNF:4
FNH:3
DA:10,140
DA:12,140
DA:13,140
DA:14,140
DA:20,280
DA:21,280
DA:22,280
DA:27,280
DA:29,140
DA:30,0
DA:32,3
DA:33,3
DA:36,9
DA:37,6
DA:38,3
DA:39,6
DA:42,6
DA:45,3
DA:46,0
DA:48,0
DA:49,0
DA:50,0
DA:52,3
DA:53,12
DA:54,9
DA:55,3
DA:58,0
DA:60,0
DA:61,0
DA:64,5960000
DA:67,5960000
DA:68,23840000
DA:69,17880000
DA:70,5960000
DA:71,5960000
DA:73,5960000
DA:74,5960000
DA:75,17880000
DA:76,5960000
LF:39
LH:31
end_of_record
TN:
SF:/home/runner/work/raccoon/raccoon/src/materials/ComputeThermalExpansionEigenDeformationGradient.C
FN:10,_ZN47ComputeThermalExpansionEigenDeformationGradient11validParamsEv
FN:32,_ZN47ComputeThermalExpansionEigenDeformationGradientC2ERK15InputParameters
FN:44,_ZN47ComputeThermalExpansionEigenDeformationGradient24initQpStatefulPropertiesEv
FN:50,_ZN47ComputeThermalExpansionEigenDeformationGradient19computeQpPropertiesEv
FNDA:140,_ZN47ComputeThermalExpansionEigenDeformationGradient11validParamsEv
FNDA:424,_ZN47ComputeThermalExpansionEigenDeformationGradient19computeQpPropertiesEv
FNDA:3,_ZN47ComputeThermalExpansionEigenDeformationGradientC2ERK15InputParameters
FNDA:0,_ZN47ComputeThermalExpansionEigenDeformationGradient24initQpStatefulPropertiesEv
FNF:4
FNH:3
DA:10,140
DA:12,140
DA:13,140
DA:14,140
DA:19,280
DA:21,280
DA:24,280
DA:25,280
DA:28,140
DA:29,140
DA:30,0
DA:32,3
DA:33,3
DA:36,3
DA:37,3
DA:38,3
DA:39,6
DA:41,3
DA:44,0
DA:46,0
DA:47,0
DA:50,424
DA:53,424
DA:55,424
DA:56,1272
DA:57,424
LF:26
LH:22
end_of_record
TN:
SF:/home/runner/work/raccoon/raccoon/src/materials/CrackSurfaceDensity.C
FN:10,_ZN19CrackSurfaceDensity11validParamsEv
FN:32,_ZN19CrackSurfaceDensityC2ERK15InputParameters
FN:44,_ZN19CrackSurfaceDensity19computeQpPropertiesEv
FNDA:0,_ZN19CrackSurfaceDensityC2ERK15InputParameters
FNDA:136,_ZN19CrackSurfaceDensity11validParamsEv
FNDA:0,_ZN19CrackSurfaceDensity19computeQpPropertiesEv
FNF:3
FNH:1
DA:10,136
DA:12,136
DA:13,136
DA:14,136
DA:19,272
DA:20,272
DA:22,272
DA:24,272
DA:26,272
DA:29,136
DA:30,0
DA:32,0
DA:35,0
DA:36,0
DA:37,0
DA:38,0
DA:39,0
DA:41,0
DA:44,0
DA:46,0
DA:47,0
DA:48,0
LF:22
LH:10
end_of_record
TN:
SF:/home/runner/work/raccoon/raccoon/src/materials/PressureDensity.C
FN:10,_ZN15PressureDensity11validParamsEv
FN:29,_ZN15PressureDensityC2ERK15InputParameters
FN:42,_ZN15PressureDensity19computeQpPropertiesEv
FNDA:144,_ZN15PressureDensity11validParamsEv
FNDA:6,_ZN15PressureDensityC2ERK15InputParameters
FNDA:238400,_ZN15PressureDensity19computeQpPropertiesEv
FNF:3
FNH:3
DA:10,144
DA:12,144
DA:13,144
DA:14,144
DA:17,288
DA:20,288
DA:21,288
DA:22,288
DA:26,144
DA:27,0
DA:29,6
DA:33,6
DA:34,6
DA:35,12
DA:36,12
DA:37,18
DA:39,6
DA:42,238400
DA:44,476800
DA:45,238400
LF:20
LH:19
end_of_record
TN:
SF:/home/runner/work/raccoon/raccoon/src/materials/ThinFilmInterfaceEnergyDensity.C
FN:10,_ZN30ThinFilmInterfaceEnergyDensity11validParamsEv
FN:33,_ZN30ThinFilmInterfaceEnergyDensityC2ERK15InputParameters
FN:63,_ZN30ThinFilmInterfaceEnergyDensity19computeQpPropertiesEv
FNDA:3,_ZN30ThinFilmInterfaceEnergyDensityC2ERK15InputParameters
FNDA:5960000,_ZN30ThinFilmInterfaceEnergyDensity19computeQpPropertiesEv
FNDA:140,_ZN30ThinFilmInterfaceEnergyDensity11validParamsEv
FNF:3
FNH:3
DA:10,140
DA:12,140
DA:13,140
DA:14,140
DA:18,280
DA:21,280
DA:25,280
DA:26,280
DA:28,280
DA:30,140
DA:31,0
DA:33,3
DA:37,6
DA:38,3
DA:39,3
DA:41,6
DA:44,3
DA:45,3
DA:46,3
DA:47,6
DA:50,3
DA:51,3
DA:52,12
DA:54,9
DA:55,6
DA:58,6
DA:59,3
DA:60,9
DA:63,5960000
DA:65,5960000
DA:66,11920000
DA:67,11920000
DA:68,11920000
DA:69,5960000
LF:34
LH:33
end_of_record
TN:
SF:/home/runner/work/raccoon/raccoon/src/materials/hardening_models/ArrheniusLawHardening.C
FN:10,_ZN21ArrheniusLawHardening11validParamsEv
FN:41,_ZN21ArrheniusLawHardeningC2ERK15InputParameters
FN:73,_ZN21ArrheniusLawHardening13plasticEnergyERKN11MetaPhysicL10DualNumberIdNS0_35SemiDynamicSparseNumberArrayGenericIdmNS0_8NWrapperILm64EEENS0_19DynamicArrayWrapperISt5arraydLm64EEEEELb1EEEj
FN:95,_ZN21ArrheniusLawHardening18plasticDissipationERKN11MetaPhysicL10DualNumberIdNS0_35SemiDynamicSparseNumberArrayGenericIdmNS0_8NWrapperILm64EEENS0_19DynamicArrayWrapperISt5arraydLm64EEEEELb1EEESB_j
FN:115,_ZN21ArrheniusLawHardening16thermalConjugateERKN11MetaPhysicL10DualNumberIdNS0_35SemiDynamicSparseNumberArrayGenericIdmNS0_8NWrapperILm64EEENS0_19DynamicArrayWrapperISt5arraydLm64EEEEELb1EEE
FNDA:152,_ZN21ArrheniusLawHardening11validParamsEv
FNDA:188086,_ZN21ArrheniusLawHardening18plasticDissipationERKN11MetaPhysicL10DualNumberIdNS0_35SemiDynamicSparseNumberArrayGenericIdmNS0_8NWrapperILm64EEENS0_19DynamicArrayWrapperISt5arraydLm64EEEEELb1EEESB_j
FNDA:158294,_ZN21ArrheniusLawHardening13plasticEnergyERKN11MetaPhysicL10DualNumberIdNS0_35SemiDynamicSparseNumberArrayGenericIdmNS0_8NWrapperILm64EEENS0_19DynamicArrayWrapperISt5arraydLm64EEEEELb1EEEj
FNDA:12,_ZN21ArrheniusLawHardeningC2ERK15InputParameters
FNDA:29792,_ZN21ArrheniusLawHardening16thermalConjugateERKN11MetaPhysicL10DualNumberIdNS0_35SemiDynamicSparseNumberArrayGenericIdmNS0_8NWrapperILm64EEENS0_19DynamicArrayWrapperISt5arraydLm64EEEEELb1EEE
FNF:5
FNH:5
DA:10,152
DA:12,152
DA:13,152
DA:15,304
DA:17,304
DA:19,304
DA:22,304
DA:23,304
DA:27,304
DA:28,304
DA:34,304
DA:38,152
DA:39,0
DA:41,12
DA:44,24
DA:45,24
DA:46,12
DA:47,12
DA:48,60
DA:49,24
DA:51,24
DA:54,12
DA:55,12
DA:56,12
DA:57,24
DA:60,12
DA:61,12
DA:62,36
DA:65,24
DA:68,24
DA:70,48
DA:73,158294
DA:75,158294
DA:77,29840
DA:78,89520
DA:79,59680
DA:80,59680
DA:81,29840
DA:84,128454
DA:85,327436
DA:87,46595
DA:88,93190
DA:90,0
DA:95,188086
DA:99,188086
DA:101,119360
DA:104,158246
DA:105,446604
DA:107,46595
DA:108,93190
DA:110,0
DA:115,29792
DA:117,29792
DA:118,59584
LF:54
LH:51
end_of_record
TN:
SF:/home/runner/work/raccoon/raccoon/src/materials/hardening_models/ExponentialHardening.C
FN:10,_ZN20ExponentialHardening11validParamsEv
FN:32,_ZN20ExponentialHardeningC2ERK15InputParameters
FN:56,_ZN20ExponentialHardening13plasticEnergyERKN11MetaPhysicL10DualNumberIdNS0_35SemiDynamicSparseNumberArrayGenericIdmNS0_8NWrapperILm64EEENS0_19DynamicArrayWrapperISt5arraydLm64EEEEELb1EEEj
FNDA:3,_ZN20ExponentialHardeningC2ERK15InputParameters
FNDA:140,_ZN20ExponentialHardening11validParamsEv
FNDA:88378,_ZN20ExponentialHardening13plasticEnergyERKN11MetaPhysicL10DualNumberIdNS0_35SemiDynamicSparseNumberArrayGenericIdmNS0_8NWrapperILm64EEENS0_19DynamicArrayWrapperISt5arraydLm64EEEEELb1EEEj
FNF:3
FNH:3
DA:10,140
DA:12,140
DA:13,140
DA:15,280
DA:16,280
DA:18,280
DA:20,280
DA:22,280
DA:23,280
DA:27,280
DA:29,140
DA:30,0
DA:32,3
DA:35,9
DA:36,9
DA:37,9
DA:38,6
DA:40,6
DA:43,3
DA:44,3
DA:45,3
DA:46,6
DA:49,3
DA:50,3
DA:51,12
DA:53,9
DA:56,88378
DA:59,88378
DA:62,27808
DA:63,55616
DA:64,27808
DA:65,27808
DA:66,27808
DA:67,13904
DA:70,74474
DA:71,176756
DA:72,88378
DA:74,30285
DA:75,30285
DA:76,90855
DA:78,0
LF:41
LH:39
end_of_record
TN:
SF:/home/runner/work/raccoon/raccoon/src/materials/hardening_models/JohnsonCookHardening.C
FN:10,_ZN20JohnsonCookHardening11validParamsEv
FN:44,_ZN20JohnsonCookHardeningC2ERK15InputParameters
FN:75,_ZN20JohnsonCookHardening21temperatureDependenceEv
FN:81,_ZN20JohnsonCookHardening12initialGuessERKN11MetaPhysicL10DualNumberIdNS0_35SemiDynamicSparseNumberArrayGenericIdmNS0_8NWrapperILm64EEENS0_19DynamicArrayWrapperISt5arraydLm64EEEEELb1EEE
FN:93,_ZN20JohnsonCookHardening13plasticEnergyERKN11MetaPhysicL10DualNumberIdNS0_35SemiDynamicSparseNumberArrayGenericIdmNS0_8NWrapperILm64EEENS0_19DynamicArrayWrapperISt5arraydLm64EEEEELb1EEEj
FN:122,_ZN20JohnsonCookHardening18plasticDissipationERKN11MetaPhysicL10DualNumberIdNS0_35SemiDynamicSparseNumberArrayGenericIdmNS0_8NWrapperILm64EEENS0_19DynamicArrayWrapperISt5arraydLm64EEEEELb1EEESB_j
FN:166,_ZN20JohnsonCookHardening16thermalConjugateERKN11MetaPhysicL10DualNumberIdNS0_35SemiDynamicSparseNumberArrayGenericIdmNS0_8NWrapperILm64EEENS0_19DynamicArrayWrapperISt5arraydLm64EEEEELb1EEE
FNDA:458272,_ZN20JohnsonCookHardening21temperatureDependenceEv
FNDA:230952,_ZN20JohnsonCookHardening18plasticDissipationERKN11MetaPhysicL10DualNumberIdNS0_35SemiDynamicSparseNumberArrayGenericIdmNS0_8NWrapperILm64EEENS0_19DynamicArrayWrapperISt5arraydLm64EEEEELb1EEESB_j
FNDA:140,_ZN20JohnsonCookHardening11validParamsEv
FNDA:3,_ZN20JohnsonCookHardeningC2ERK15InputParameters
FNDA:10088,_ZN20JohnsonCookHardening16thermalConjugateERKN11MetaPhysicL10DualNumberIdNS0_35SemiDynamicSparseNumberArrayGenericIdmNS0_8NWrapperILm64EEENS0_19DynamicArrayWrapperISt5arraydLm64EEEEELb1EEE
FNDA:220864,_ZN20JohnsonCookHardening13plasticEnergyERKN11MetaPhysicL10DualNumberIdNS0_35SemiDynamicSparseNumberArrayGenericIdmNS0_8NWrapperILm64EEENS0_19DynamicArrayWrapperISt5arraydLm64EEEEELb1EEEj
FNDA:6456,_ZN20JohnsonCookHardening12initialGuessERKN11MetaPhysicL10DualNumberIdNS0_35SemiDynamicSparseNumberArrayGenericIdmNS0_8NWrapperILm64EEENS0_19DynamicArrayWrapperISt5arraydLm64EEEEELb1EEE
FNF:7
FNH:7
DA:10,140
DA:12,140
DA:13,140
DA:15,280
DA:17,280
DA:18,280
DA:19,280
DA:21,280
DA:23,280
DA:24,280
DA:25,280
DA:30,280
DA:31,280
DA:32,280
DA:33,280
DA:35,280
DA:36,280
DA:40,280
DA:41,140
DA:42,0
DA:44,3
DA:47,6
DA:48,6
DA:49,6
DA:50,6
DA:51,6
DA:52,6
DA:53,3
DA:54,6
DA:55,6
DA:56,6
DA:57,6
DA:58,6
DA:59,6
DA:62,3
DA:63,3
DA:64,3
DA:65,6
DA:68,3
DA:69,3
DA:70,12
DA:72,9
DA:75,458272
DA:77,458272
DA:81,6456
DA:86,12912
DA:87,6456
DA:88,0
DA:89,19368
DA:93,220864
DA:95,220864
DA:98,20208
DA:99,30312
DA:100,20208
DA:101,20208
DA:102,20208
DA:103,10104
DA:106,210760
DA:109,441728
DA:110,220864
DA:112,100328
DA:115,200656
DA:116,200656
DA:118,0
DA:122,230952
DA:129,230952
DA:131,230952
DA:135,40416
DA:136,10104
DA:137,32280
DA:138,6456
DA:141,230952
DA:145,482080
DA:146,120520
DA:147,533920
DA:150,230952
DA:154,300984
DA:155,100328
DA:156,200656
DA:157,401312
DA:160,461904
DA:166,10088
DA:170,40352
DA:171,20176
LF:84
LH:81
end_of_record
TN:
SF:/home/runner/work/raccoon/raccoon/src/materials/hardening_models/LinearHardening.C
FN:11,_ZN15LinearHardening11validParamsEv
FN:30,_ZN15LinearHardeningC2ERK15InputParameters
FN:52,_ZN15LinearHardening13plasticEnergyERKN11MetaPhysicL10DualNumberIdNS0_35SemiDynamicSparseNumberArrayGenericIdmNS0_8NWrapperILm64EEENS0_19DynamicArrayWrapperISt5arraydLm64EEEEELb1EEEj
FNDA:6,_ZN15LinearHardeningC2ERK15InputParameters
FNDA:144,_ZN15LinearHardening11validParamsEv
FNDA:137748,_ZN15LinearHardening13plasticEnergyERKN11MetaPhysicL10DualNumberIdNS0_35SemiDynamicSparseNumberArrayGenericIdmNS0_8NWrapperILm64EEENS0_19DynamicArrayWrapperISt5arraydLm64EEEEELb1EEEj
FNF:3
FNH:3
DA:11,144
DA:13,144
DA:14,144
DA:16,288
DA:18,288
DA:20,288
DA:21,288
DA:25,288
DA:27,144
DA:28,0
DA:30,6
DA:33,18
DA:34,12
DA:36,12
DA:39,6
DA:40,6
DA:41,6
DA:42,12
DA:45,6
DA:46,6
DA:47,24
DA:49,18
DA:52,137748
DA:54,137748
DA:56,84480
DA:57,56320
DA:58,56320
DA:59,28160
DA:62,109588
DA:63,275496
DA:65,40714
DA:66,40714
DA:68,0
LF:33
LH:31
end_of_record
TN:
SF:/home/runner/work/raccoon/raccoon/src/materials/hardening_models/PlasticHardeningModel.C
FN:8,_ZN21PlasticHardeningModel11validParamsEv
FN:19,_ZN21PlasticHardeningModelC2ERK15InputParameters
FNDA:45,_ZN21PlasticHardeningModelC2ERK15InputParameters
FNDA:740,_ZN21PlasticHardeningModel11validParamsEv
FNF:2
FNH:2
DA:8,740
DA:10,740
DA:11,740
DA:13,740
DA:14,740
DA:16,740
DA:17,0
DA:19,45
DA:20,45
DA:22,45
LF:10
LH:9
end_of_record
TN:
SF:/home/runner/work/raccoon/raccoon/src/materials/hardening_models/PowerLawHardening.C
FN:10,_ZN17PowerLawHardening11validParamsEv
FN:31,_ZN17PowerLawHardeningC2ERK15InputParameters
FN:54,_ZN17PowerLawHardening13plasticEnergyERKN11MetaPhysicL10DualNumberIdNS0_35SemiDynamicSparseNumberArrayGenericIdmNS0_8NWrapperILm64EEENS0_19DynamicArrayWrapperISt5arraydLm64EEEEELb1EEEj
FNDA:164,_ZN17PowerLawHardening11validParamsEv
FNDA:642176,_ZN17PowerLawHardening13plasticEnergyERKN11MetaPhysicL10DualNumberIdNS0_35SemiDynamicSparseNumberArrayGenericIdmNS0_8NWrapperILm64EEENS0_19DynamicArrayWrapperISt5arraydLm64EEEEELb1EEEj
FNDA:21,_ZN17PowerLawHardeningC2ERK15InputParameters
FNF:3
FNH:3
DA:10,164
DA:12,164
DA:13,164
DA:15,328
DA:16,328
DA:18,328
DA:21,328
DA:22,328
DA:26,328
DA:28,164
DA:29,0
DA:31,21
DA:34,63
DA:35,63
DA:36,42
DA:38,42
DA:41,21
DA:42,21
DA:43,21
DA:44,42
DA:47,21
DA:48,21
DA:49,84
DA:51,63
DA:54,642176
DA:57,642176
DA:60,510976
DA:61,1277440
DA:62,510976
DA:63,510976
DA:64,255488
DA:67,386688
DA:68,1605440
DA:70,65600
DA:71,328000
DA:72,65600
DA:74,0
LF:37
LH:35
end_of_record
TN:
SF:/home/runner/work/raccoon/raccoon/src/materials/large_deformation_models/CNHIsotropicElasticity.C
FN:11,_ZN22CNHIsotropicElasticity11validParamsEv
FN:31,_ZN22CNHIsotropicElasticityC2ERK15InputParameters
FN:55,_ZN22CNHIsotropicElasticity19computeMandelStressERK18RankTwoTensorTemplIN11MetaPhysicL10DualNumberIdNS1_35SemiDynamicSparseNumberArrayGenericIdmNS1_8NWrapperILm64EEENS1_19DynamicArrayWrapperISt5arraydLm64EEEEELb1EEEEb
FN:71,_ZN22CNHIsotropicElasticity34computeMandelStressNoDecompositionERK18RankTwoTensorTemplIN11MetaPhysicL10DualNumberIdNS1_35SemiDynamicSparseNumberArrayGenericIdmNS1_8NWrapperILm64EEENS1_19DynamicArrayWrapperISt5arraydLm64EEEEELb1EEEEb
FN:111,_ZN22CNHIsotropicElasticity38computeMandelStressVolDevDecompositionERK18RankTwoTensorTemplIN11MetaPhysicL10DualNumberIdNS1_35SemiDynamicSparseNumberArrayGenericIdmNS1_8NWrapperILm64EEENS1_19DynamicArrayWrapperISt5arraydLm64EEEEELb1EEEEb
FNDA:140,_ZN22CNHIsotropicElasticity11validParamsEv
FNDA:2664,_ZN22CNHIsotropicElasticity19computeMandelStressERK18RankTwoTensorTemplIN11MetaPhysicL10DualNumberIdNS1_35SemiDynamicSparseNumberArrayGenericIdmNS1_8NWrapperILm64EEENS1_19DynamicArrayWrapperISt5arraydLm64EEEEELb1EEEEb
FNDA:0,_ZN22CNHIsotropicElasticity38computeMandelStressVolDevDecompositionERK18RankTwoTensorTemplIN11MetaPhysicL10DualNumberIdNS1_35SemiDynamicSparseNumberArrayGenericIdmNS1_8NWrapperILm64EEENS1_19DynamicArrayWrapperISt5arraydLm64EEEEELb1EEEEb
FNDA:3,_ZN22CNHIsotropicElasticityC2ERK15InputParameters
FNDA:2664,_ZN22CNHIsotropicElasticity34computeMandelStressNoDecompositionERK18RankTwoTensorTemplIN11MetaPhysicL10DualNumberIdNS1_35SemiDynamicSparseNumberArrayGenericIdmNS1_8NWrapperILm64EEENS1_19DynamicArrayWrapperISt5arraydLm64EEEEELb1EEEEb
FNF:5
FNH:4
DA:11,140
DA:13,140
DA:14,140
DA:16,280
DA:17,280
DA:19,280
DA:20,280
DA:24,280
DA:25,280
DA:26,420
DA:28,140
DA:29,0
DA:31,3
DA:34,9
DA:35,6
DA:37,6
DA:40,3
DA:41,3
DA:42,3
DA:43,6
DA:46,3
DA:47,3
DA:48,9
DA:50,9
DA:52,9
DA:55,2664
DA:58,2664
DA:60,2664
DA:61,5328
DA:62,0
DA:63,0
DA:65,0
DA:67,2664
DA:71,2664
DA:76,2664
DA:77,2664
DA:79,888
DA:80,1776
DA:83,3552
DA:85,2664
DA:87,2664
DA:90,10656
DA:91,2664
DA:95,2664
DA:99,1776
DA:100,5328
DA:101,5328
DA:102,1776
DA:103,3552
DA:104,3552
DA:107,2664
DA:111,0
DA:116,0
DA:117,0
DA:119,0
DA:120,0
DA:123,0
DA:125,0
DA:127,0
DA:130,0
DA:131,0
DA:133,0
DA:137,0
DA:141,0
DA:142,0
DA:143,0
DA:144,0
DA:145,0
DA:146,0
DA:149,0
LF:70
LH:47
end_of_record
TN:
SF:/home/runner/work/raccoon/raccoon/src/materials/large_deformation_models/ComputeDeformationGradient.C
FN:10,_ZN26ComputeDeformationGradient11validParamsEv
FN:31,_ZN26ComputeDeformationGradientC2ERK15InputParameters
FN:55,_ZN26ComputeDeformationGradient12initialSetupEv
FN:68,_ZN26ComputeDeformationGradient26displacementIntegrityCheckEv
FN:88,_ZN26ComputeDeformationGradient24initQpStatefulPropertiesEv
FN:95,_ZN26ComputeDeformationGradient27computeQpOutOfPlaneGradDispEv
FN:104,_ZN26ComputeDeformationGradient17computePropertiesEv
FNDA:48,_ZN26ComputeDeformationGradient26displacementIntegrityCheckEv
FNDA:200,_ZN26ComputeDeformationGradient11validParamsEv
FNDA:48,_ZN26ComputeDeformationGradient12initialSetupEv
FNDA:7440,_ZN26ComputeDeformationGradient24initQpStatefulPropertiesEv
FNDA:48,_ZN26ComputeDeformationGradientC2ERK15InputParameters
FNDA:50282,_ZN26ComputeDeformationGradient17computePropertiesEv
FNDA:0,_ZN26ComputeDeformationGradient27computeQpOutOfPlaneGradDispEv
FNF:7
FNH:6
DA:10,200
DA:12,200
DA:13,200
DA:14,200
DA:19,400
DA:22,400
DA:23,400
DA:24,400
DA:27,200
DA:28,200
DA:29,0
DA:31,48
DA:34,48
DA:35,48
DA:36,48
DA:37,48
DA:38,130
DA:40,48
DA:41,96
DA:42,48
DA:43,48
DA:44,48
DA:45,96
DA:47,51
DA:48,3
DA:50,96
DA:51,0
DA:52,48
DA:55,48
DA:57,48
DA:60,57
DA:62,9
DA:63,9
DA:65,48
DA:68,48
DA:71,48
DA:72,0
DA:77,48
DA:78,0
DA:81,48
DA:82,0
DA:85,48
DA:88,7440
DA:90,7440
DA:91,7440
DA:92,7440
DA:95,0
DA:97,0
DA:98,0
DA:100,0
DA:104,50282
DA:106,50282
DA:108,311818
DA:111,261536
DA:112,261536
DA:113,0
DA:114,261536
DA:115,261536
DA:117,261536
DA:118,428256
DA:121,50282
DA:122,39631
DA:124,311818
DA:127,261536
DA:128,428256
DA:131,261536
DA:132,261960
DA:133,424
DA:134,261536
DA:136,50282
LF:70
LH:60
end_of_record
TN:
SF:/home/runner/work/raccoon/raccoon/src/materials/large_deformation_models/ComputeLargeDeformationStress.C
FN:13,_ZN29ComputeLargeDeformationStress11validParamsEv
FN:29,_ZN29ComputeLargeDeformationStressC2ERK15InputParameters
FN:44,_ZN29ComputeLargeDeformationStress12initialSetupEv
FN:67,_ZN29ComputeLargeDeformationStress24initQpStatefulPropertiesEv
FN:73,_ZN29ComputeLargeDeformationStress19computeQpPropertiesEv
FNDA:200,_ZN29ComputeLargeDeformationStress11validParamsEv
FNDA:261536,_ZN29ComputeLargeDeformationStress19computeQpPropertiesEv
FNDA:0,_ZN29ComputeLargeDeformationStress24initQpStatefulPropertiesEv
FNDA:48,_ZN29ComputeLargeDeformationStressC2ERK15InputParameters
FNDA:48,_ZN29ComputeLargeDeformationStress12initialSetupEv
FNF:5
FNH:4
DA:13,200
DA:15,200
DA:16,200
DA:17,200
DA:20,400
DA:22,400
DA:23,400
DA:25,200
DA:26,200
DA:27,0
DA:29,48
DA:32,96
DA:33,96
DA:34,48
DA:35,54
DA:37,96
DA:39,96
DA:40,0
DA:41,48
DA:44,48
DA:46,48
DA:47,48
DA:48,48
DA:49,0
DA:50,0
DA:53,48
DA:54,48
DA:55,96
DA:57,48
DA:58,39
DA:60,96
DA:61,51
DA:62,51
DA:64,48
DA:67,0
DA:69,0
DA:70,0
DA:73,261536
DA:75,261536
DA:76,261536
DA:78,261536
DA:80,57920
DA:81,57920
DA:83,261536
LF:44
LH:37
end_of_record
TN:
SF:/home/runner/work/raccoon/raccoon/src/materials/large_deformation_models/HenckyIsotropicElasticity.C
FN:11,_ZN25HenckyIsotropicElasticity11validParamsEv
FN:32,_ZN25HenckyIsotropicElasticityC2ERK15InputParameters
FN:56,_ZN25HenckyIsotropicElasticity19computeMandelStressERK18RankTwoTensorTemplIN11MetaPhysicL10DualNumberIdNS1_35SemiDynamicSparseNumberArrayGenericIdmNS1_8NWrapperILm64EEENS1_19DynamicArrayWrapperISt5arraydLm64EEEEELb1EEEEb
FN:74,_ZN25HenckyIsotropicElasticity34computeMandelStressNoDecompositionERK18RankTwoTensorTemplIN11MetaPhysicL10DualNumberIdNS1_35SemiDynamicSparseNumberArrayGenericIdmNS1_8NWrapperILm64EEENS1_19DynamicArrayWrapperISt5arraydLm64EEEEELb1EEEEb
FN:104,_ZN25HenckyIsotropicElasticity38computeMandelStressVolDevDecompositionERK18RankTwoTensorTemplIN11MetaPhysicL10DualNumberIdNS1_35SemiDynamicSparseNumberArrayGenericIdmNS1_8NWrapperILm64EEENS1_19DynamicArrayWrapperISt5arraydLm64EEEEELb1EEEEb
FN:143,_ZN25HenckyIsotropicElasticity40computeMandelStressSpectralDecompositionERK18RankTwoTensorTemplIN11MetaPhysicL10DualNumberIdNS1_35SemiDynamicSparseNumberArrayGenericIdmNS1_8NWrapperILm64EEENS1_19DynamicArrayWrapperISt5arraydLm64EEEEELb1EEEEb
FNDA:0,_ZN25HenckyIsotropicElasticity40computeMandelStressSpectralDecompositionERK18RankTwoTensorTemplIN11MetaPhysicL10DualNumberIdNS1_35SemiDynamicSparseNumberArrayGenericIdmNS1_8NWrapperILm64EEENS1_19DynamicArrayWrapperISt5arraydLm64EEEEELb1EEEEb
FNDA:196,_ZN25HenckyIsotropicElasticity11validParamsEv
FNDA:1541076,_ZN25HenckyIsotropicElasticity34computeMandelStressNoDecompositionERK18RankTwoTensorTemplIN11MetaPhysicL10DualNumberIdNS1_35SemiDynamicSparseNumberArrayGenericIdmNS1_8NWrapperILm64EEENS1_19DynamicArrayWrapperISt5arraydLm64EEEEELb1EEEEb
FNDA:0,_ZN25HenckyIsotropicElasticity38computeMandelStressVolDevDecompositionERK18RankTwoTensorTemplIN11MetaPhysicL10DualNumberIdNS1_35SemiDynamicSparseNumberArrayGenericIdmNS1_8NWrapperILm64EEENS1_19DynamicArrayWrapperISt5arraydLm64EEEEELb1EEEEb
FNDA:45,_ZN25HenckyIsotropicElasticityC2ERK15InputParameters
FNDA:1541076,_ZN25HenckyIsotropicElasticity19computeMandelStressERK18RankTwoTensorTemplIN11MetaPhysicL10DualNumberIdNS1_35SemiDynamicSparseNumberArrayGenericIdmNS1_8NWrapperILm64EEENS1_19DynamicArrayWrapperISt5arraydLm64EEEEELb1EEEEb
FNF:6
FNH:4
DA:11,196
DA:13,196
DA:14,196
DA:17,392
DA:18,392
DA:20,392
DA:21,392
DA:25,392
DA:26,392
DA:27,588
DA:29,196
DA:30,0
DA:32,45
DA:35,135
DA:36,90
DA:38,90
DA:41,45
DA:42,45
DA:43,45
DA:44,90
DA:47,45
DA:48,45
DA:49,135
DA:51,135
DA:53,135
DA:56,1541076
DA:59,1541076
DA:61,1541076
DA:62,3082152
DA:63,0
DA:64,0
DA:65,0
DA:66,0
DA:68,0
DA:70,1541076
DA:74,1541076
DA:81,1541076
DA:82,946928
DA:84,1541076
DA:87,7705380
DA:88,1541076
DA:92,1541076
DA:95,946928
DA:96,946928
DA:97,946928
DA:100,1541076
DA:104,0
DA:111,0
DA:112,0
DA:114,0
DA:117,0
DA:118,0
DA:120,0
DA:122,0
DA:123,0
DA:124,0
DA:125,0
DA:129,0
DA:132,0
DA:133,0
DA:134,0
DA:135,0
DA:136,0
DA:139,0
DA:143,0
DA:150,0
DA:151,0
DA:153,0
DA:154,0
DA:155,0
DA:156,0
DA:159,0
DA:162,0
DA:163,0
DA:164,0
DA:165,0
DA:168,0
DA:171,0
DA:172,0
DA:173,0
DA:175,0
DA:176,0
DA:178,0
LF:83
LH:40
end_of_record
TN:
SF:/home/runner/work/raccoon/raccoon/src/materials/large_deformation_models/LargeDeformationElasticityModel.C
FN:9,_ZN31LargeDeformationElasticityModel11validParamsEv
FN:20,_ZN31LargeDeformationElasticityModelC2ERK15InputParameters
FN:29,_ZN31LargeDeformationElasticityModel5setQpEj
FN:37,_ZN31LargeDeformationElasticityModel18setPlasticityModelEP31LargeDeformationPlasticityModel
FN:45,_ZN31LargeDeformationElasticityModel24initQpStatefulPropertiesEv
FN:51,_ZN31LargeDeformationElasticityModel11updateStateERK18RankTwoTensorTemplIN11MetaPhysicL10DualNumberIdNS1_35SemiDynamicSparseNumberArrayGenericIdmNS1_8NWrapperILm64EEENS1_19DynamicArrayWrapperISt5arraydLm64EEEEELb1EEEERSB_
FN:62,_ZN31LargeDeformationElasticityModel19computeCauchyStressERK18RankTwoTensorTemplIN11MetaPhysicL10DualNumberIdNS1_35SemiDynamicSparseNumberArrayGenericIdmNS1_8NWrapperILm64EEENS1_19DynamicArrayWrapperISt5arraydLm64EEEEELb1EEEE
FNDA:261536,_ZN31LargeDeformationElasticityModel19computeCauchyStressERK18RankTwoTensorTemplIN11MetaPhysicL10DualNumberIdNS1_35SemiDynamicSparseNumberArrayGenericIdmNS1_8NWrapperILm64EEENS1_19DynamicArrayWrapperISt5arraydLm64EEEEELb1EEEE
FNDA:0,_ZN31LargeDeformationElasticityModel24initQpStatefulPropertiesEv
FNDA:48,_ZN31LargeDeformationElasticityModelC2ERK15InputParameters
FNDA:261536,_ZN31LargeDeformationElasticityModel11updateStateERK18RankTwoTensorTemplIN11MetaPhysicL10DualNumberIdNS1_35SemiDynamicSparseNumberArrayGenericIdmNS1_8NWrapperILm64EEENS1_19DynamicArrayWrapperISt5arraydLm64EEEEELb1EEEERSB_
FNDA:39,_ZN31LargeDeformationElasticityModel18setPlasticityModelEP31LargeDeformationPlasticityModel
FNDA:336,_ZN31LargeDeformationElasticityModel11validParamsEv
FNDA:261536,_ZN31LargeDeformationElasticityModel5setQpEj
FNF:7
FNH:6
DA:9,336
DA:11,336
DA:12,336
DA:14,336
DA:15,336
DA:17,336
DA:18,0
DA:20,48
DA:23,48
DA:24,48
DA:26,48
DA:29,261536
DA:31,261536
DA:32,261536
DA:33,213704
DA:34,261536
DA:37,39
DA:40,39
DA:41,39
DA:42,39
DA:45,0
DA:47,0
DA:48,0
DA:51,261536
DA:53,261536
DA:55,261536
DA:56,213704
DA:58,95664
DA:59,261536
DA:62,261536
DA:64,261536
LF:31
LH:27
end_of_record
TN:
SF:/home/runner/work/raccoon/raccoon/src/materials/large_deformation_models/LargeDeformationJ2Plasticity.C
FN:11,_ZN28LargeDeformationJ2Plasticity11validParamsEv
FN:19,_ZN28LargeDeformationJ2PlasticityC2ERK15InputParameters
FN:26,_ZN28LargeDeformationJ2Plasticity11updateStateER18RankTwoTensorTemplIN11MetaPhysicL10DualNumberIdNS1_35SemiDynamicSparseNumberArrayGenericIdmNS1_8NWrapperILm64EEENS1_19DynamicArrayWrapperISt5arraydLm64EEEEELb1EEEESC_
FN:74,_ZN28LargeDeformationJ2Plasticity24computeReferenceResidualERKN11MetaPhysicL10DualNumberIdNS0_35SemiDynamicSparseNumberArrayGenericIdmNS0_8NWrapperILm64EEENS0_19DynamicArrayWrapperISt5arraydLm64EEEEELb1EEESB_
FN:84,_ZN28LargeDeformationJ2Plasticity15computeResidualERKN11MetaPhysicL10DualNumberIdNS0_35SemiDynamicSparseNumberArrayGenericIdmNS0_8NWrapperILm64EEENS0_19DynamicArrayWrapperISt5arraydLm64EEEEELb1EEESB_
FN:102,_ZN28LargeDeformationJ2Plasticity17computeDerivativeERKN11MetaPhysicL10DualNumberIdNS0_35SemiDynamicSparseNumberArrayGenericIdmNS0_8NWrapperILm64EEENS0_19DynamicArrayWrapperISt5arraydLm64EEEEELb1EEESB_
FNDA:39,_ZN28LargeDeformationJ2PlasticityC2ERK15InputParameters
FNDA:213704,_ZN28LargeDeformationJ2Plasticity11updateStateER18RankTwoTensorTemplIN11MetaPhysicL10DualNumberIdNS1_35SemiDynamicSparseNumberArrayGenericIdmNS1_8NWrapperILm64EEENS1_19DynamicArrayWrapperISt5arraydLm64EEEEELb1EEEESC_
FNDA:324,_ZN28LargeDeformationJ2Plasticity11validParamsEv
FNDA:277700,_ZN28LargeDeformationJ2Plasticity17computeDerivativeERKN11MetaPhysicL10DualNumberIdNS0_35SemiDynamicSparseNumberArrayGenericIdmNS0_8NWrapperILm64EEENS0_19DynamicArrayWrapperISt5arraydLm64EEEEELb1EEESB_
FNDA:489796,_ZN28LargeDeformationJ2Plasticity15computeResidualERKN11MetaPhysicL10DualNumberIdNS0_35SemiDynamicSparseNumberArrayGenericIdmNS0_8NWrapperILm64EEENS0_19DynamicArrayWrapperISt5arraydLm64EEEEELb1EEESB_
FNDA:283124,_ZN28LargeDeformationJ2Plasticity24computeReferenceResidualERKN11MetaPhysicL10DualNumberIdNS0_35SemiDynamicSparseNumberArrayGenericIdmNS0_8NWrapperILm64EEENS0_19DynamicArrayWrapperISt5arraydLm64EEEEELb1EEESB_
FNF:6
FNH:6
DA:11,324
DA:13,324
DA:14,324
DA:16,324
DA:17,0
DA:19,39
DA:20,39
DA:22,39
DA:23,39
DA:26,213704
DA:30,213704
DA:31,213704
DA:32,213704
DA:36,213704
DA:37,213704
DA:38,213704
DA:39,26584
DA:40,427408
DA:41,427408
DA:43,213704
DA:44,213704
DA:45,90186
DA:47,427408
DA:50,213704
DA:52,427408
DA:53,213704
DA:56,213704
DA:57,213704
DA:59,213704
DA:60,213704
DA:63,213704
DA:65,411072
DA:67,411072
DA:70,8168
DA:71,213704
DA:74,283124
DA:77,566248
DA:78,566248
DA:80,566248
DA:84,489796
DA:87,489796
DA:90,489796
DA:92,489796
DA:93,489796
DA:94,979592
DA:96,489796
DA:97,489796
DA:98,979592
DA:102,277700
DA:105,277700
DA:106,277700
DA:108,970
DA:110,277700
DA:111,277700
DA:112,277700
DA:113,555400
LF:56
LH:55
end_of_record
TN:
SF:/home/runner/work/raccoon/raccoon/src/materials/large_deformation_models/LargeDeformationJ2PowerLawCreep.C
FN:11,_ZN31LargeDeformationJ2PowerLawCreep11validParamsEv
FN:24,_ZN31LargeDeformationJ2PowerLawCreepC2ERK15InputParameters
FN:32,_ZN31LargeDeformationJ2PowerLawCreep15computeResidualERKN11MetaPhysicL10DualNumberIdNS0_35SemiDynamicSparseNumberArrayGenericIdmNS0_8NWrapperILm64EEENS0_19DynamicArrayWrapperISt5arraydLm64EEEEELb1EEESB_
FN:48,_ZN31LargeDeformationJ2PowerLawCreep17computeDerivativeERKN11MetaPhysicL10DualNumberIdNS0_35SemiDynamicSparseNumberArrayGenericIdmNS0_8NWrapperILm64EEENS0_19DynamicArrayWrapperISt5arraydLm64EEEEELb1EEESB_
FNDA:6,_ZN31LargeDeformationJ2PowerLawCreepC2ERK15InputParameters
FNDA:7032,_ZN31LargeDeformationJ2PowerLawCreep15computeResidualERKN11MetaPhysicL10DualNumberIdNS0_35SemiDynamicSparseNumberArrayGenericIdmNS0_8NWrapperILm64EEENS0_19DynamicArrayWrapperISt5arraydLm64EEEEELb1EEESB_
FNDA:144,_ZN31LargeDeformationJ2PowerLawCreep11validParamsEv
FNDA:5424,_ZN31LargeDeformationJ2PowerLawCreep17computeDerivativeERKN11MetaPhysicL10DualNumberIdNS0_35SemiDynamicSparseNumberArrayGenericIdmNS0_8NWrapperILm64EEENS0_19DynamicArrayWrapperISt5arraydLm64EEEEELb1EEESB_
FNF:4
FNH:4
DA:11,144
DA:13,144
DA:14,144
DA:17,288
DA:19,288
DA:21,144
DA:22,0
DA:24,6
DA:26,6
DA:27,18
DA:29,6
DA:32,7032
DA:38,14064
DA:39,7032
DA:41,14064
DA:42,14064
DA:43,14064
DA:44,14064
DA:48,5424
DA:54,10848
DA:55,5424
DA:57,5424
DA:58,5424
DA:60,10848
DA:61,10848
DA:63,10848
DA:64,10848
DA:66,16272
DA:67,5424
DA:68,5424
DA:69,5424
DA:70,5424
LF:32
LH:31
end_of_record
TN:
SF:/home/runner/work/raccoon/raccoon/src/materials/large_deformation_models/LargeDeformationNewtonianViscosity.C
FN:10,_ZN34LargeDeformationNewtonianViscosity11validParamsEv
FN:20,_ZN34LargeDeformationNewtonianViscosityC2ERK15InputParameters
FN:29,_ZN34LargeDeformationNewtonianViscosity19computeCauchyStressERK18RankTwoTensorTemplIN11MetaPhysicL10DualNumberIdNS1_35SemiDynamicSparseNumberArrayGenericIdmNS1_8NWrapperILm64EEENS1_19DynamicArrayWrapperISt5arraydLm64EEEEELb1EEEERKS0_IdE
FNDA:57920,_ZN34LargeDeformationNewtonianViscosity19computeCauchyStressERK18RankTwoTensorTemplIN11MetaPhysicL10DualNumberIdNS1_35SemiDynamicSparseNumberArrayGenericIdmNS1_8NWrapperILm64EEENS1_19DynamicArrayWrapperISt5arraydLm64EEEEELb1EEEERKS0_IdE
FNDA:140,_ZN34LargeDeformationNewtonianViscosity11validParamsEv
FNDA:3,_ZN34LargeDeformationNewtonianViscosityC2ERK15InputParameters
FNF:3
FNH:3
DA:10,140
DA:12,140
DA:13,140
DA:14,280
DA:15,280
DA:17,140
DA:18,0
DA:20,3
DA:21,3
DA:23,9
DA:24,9
DA:26,3
DA:29,57920
DA:32,57920
DA:33,57920
DA:34,57920
DA:35,115840
LF:17
LH:16
end_of_record
TN:
SF:/home/runner/work/raccoon/raccoon/src/materials/large_deformation_models/LargeDeformationPlasticityModel.C
FN:9,_ZN31LargeDeformationPlasticityModel11validParamsEv
FN:23,_ZN31LargeDeformationPlasticityModelC2ERK15InputParameters
FN:38,_ZN31LargeDeformationPlasticityModel12initialSetupEv
FN:48,_ZN31LargeDeformationPlasticityModel5setQpEj
FN:55,_ZN31LargeDeformationPlasticityModel18setElasticityModelEP31LargeDeformationElasticityModel
FN:62,_ZN31LargeDeformationPlasticityModel24initQpStatefulPropertiesEv
FNDA:39,_ZN31LargeDeformationPlasticityModelC2ERK15InputParameters
FNDA:11216,_ZN31LargeDeformationPlasticityModel24initQpStatefulPropertiesEv
FNDA:39,_ZN31LargeDeformationPlasticityModel18setElasticityModelEP31LargeDeformationElasticityModel
FNDA:324,_ZN31LargeDeformationPlasticityModel11validParamsEv
FNDA:213704,_ZN31LargeDeformationPlasticityModel5setQpEj
FNDA:39,_ZN31LargeDeformationPlasticityModel12initialSetupEv
FNF:6
FNH:6
DA:9,324
DA:11,324
DA:12,324
DA:13,324
DA:15,648
DA:17,324
DA:18,324
DA:20,324
DA:21,0
DA:23,39
DA:27,78
DA:28,39
DA:29,78
DA:30,78
DA:31,117
DA:32,78
DA:33,78
DA:35,39
DA:38,39
DA:40,39
DA:41,39
DA:42,0
DA:43,0
DA:44,0
DA:45,39
DA:48,213704
DA:50,213704
DA:51,213704
DA:52,213704
DA:55,39
DA:58,39
DA:59,39
DA:62,11216
DA:64,11216
DA:65,11216
DA:66,11216
LF:36
LH:32
end_of_record
TN:
SF:/home/runner/work/raccoon/raccoon/src/materials/large_deformation_models/LargeDeformationViscoelasticityModel.C
FN:8,_ZN36LargeDeformationViscoelasticityModel11validParamsEv
FN:19,_ZN36LargeDeformationViscoelasticityModelC2ERK15InputParameters
FN:26,_ZN36LargeDeformationViscoelasticityModel5setQpEj
FNDA:57920,_ZN36LargeDeformationViscoelasticityModel5setQpEj
FNDA:140,_ZN36LargeDeformationViscoelasticityModel11validParamsEv
FNDA:3,_ZN36LargeDeformationViscoelasticityModelC2ERK15InputParameters
FNF:3
FNH:3
DA:8,140
DA:10,140
DA:11,140
DA:13,140
DA:14,140
DA:16,140
DA:17,0
DA:19,3
DA:20,3
DA:21,3
DA:23,3
DA:26,57920
DA:28,57920
DA:29,57920
LF:14
LH:13
end_of_record
TN:
SF:/home/runner/work/raccoon/raccoon/src/materials/nucleation_models/KLBFNucleationMicroForce.C
FN:13,_ZN24KLBFNucleationMicroForce11validParamsEv
FN:28,_ZN24KLBFNucleationMicroForceC2ERK15InputParameters
FN:37,_ZN24KLBFNucleationMicroForce19computeQpPropertiesEv
FNDA:3,_ZN24KLBFNucleationMicroForceC2ERK15InputParameters
FNDA:140,_ZN24KLBFNucleationMicroForce11validParamsEv
FNDA:22320,_ZN24KLBFNucleationMicroForce19computeQpPropertiesEv
FNF:3
FNH:3
DA:13,140
DA:15,140
DA:17,140
DA:19,280
DA:21,280
DA:24,280
DA:25,140
DA:26,0
DA:28,3
DA:30,9
DA:31,9
DA:32,9
DA:34,3
DA:37,22320
DA:42,44640
DA:45,22320
DA:48,22320
DA:49,22320
DA:50,44640
DA:57,22320
DA:58,1200
DA:62,44640
DA:63,44640
DA:64,66960
DA:65,22320
DA:66,44640
DA:67,22320
DA:68,89280
DA:69,22320
DA:70,44640
DA:73,66960
DA:75,66960
DA:76,22320
LF:33
LH:32
end_of_record
TN:
SF:/home/runner/work/raccoon/raccoon/src/materials/nucleation_models/KLRNucleationMicroForce.C
FN:13,_ZN23KLRNucleationMicroForce11validParamsEv
FN:29,_ZN23KLRNucleationMicroForceC2ERK15InputParameters
FN:39,_ZN23KLRNucleationMicroForce19computeQpPropertiesEv
FNDA:140,_ZN23KLRNucleationMicroForce11validParamsEv
FNDA:3,_ZN23KLRNucleationMicroForceC2ERK15InputParameters
FNDA:335280,_ZN23KLRNucleationMicroForce19computeQpPropertiesEv
FNF:3
FNH:3
DA:13,140
DA:15,140
DA:17,140
DA:20,280
DA:22,280
DA:25,280
DA:26,140
DA:27,0
DA:29,3
DA:31,9
DA:32,9
DA:33,6
DA:34,6
DA:36,3
DA:39,335280
DA:44,670560
DA:47,335280
DA:50,335280
DA:51,335280
DA:52,670560
DA:59,335280
DA:60,1200
DA:62,335280
DA:63,1200
DA:66,1005840
DA:67,335280
DA:68,670560
DA:69,335280
DA:70,670560
DA:71,1341120
DA:72,335280
DA:75,335280
DA:76,335280
DA:77,1005840
DA:78,1676400
DA:80,1005840
DA:82,335280
DA:83,335280
DA:84,670560
DA:85,1005840
DA:86,335280
LF:41
LH:40
end_of_record
TN:
SF:/home/runner/work/raccoon/raccoon/src/materials/nucleation_models/LDLNucleationMicroForce.C
FN:10,_ZN23LDLNucleationMicroForce11validParamsEv
FN:27,_ZN23LDLNucleationMicroForceC2ERK15InputParameters
FN:37,_ZN23LDLNucleationMicroForce19computeQpPropertiesEv
FNDA:152,_ZN23LDLNucleationMicroForce11validParamsEv
FNDA:889920,_ZN23LDLNucleationMicroForce19computeQpPropertiesEv
FNDA:12,_ZN23LDLNucleationMicroForceC2ERK15InputParameters
FNF:3
FNH:3
DA:10,152
DA:12,152
DA:14,152
DA:17,304
DA:19,304
DA:22,304
DA:23,304
DA:24,152
DA:25,0
DA:27,12
DA:29,36
DA:30,24
DA:31,12
DA:32,36
DA:34,12
DA:37,889920
DA:42,1779840
DA:45,2669760
DA:48,889920
DA:50,889920
DA:51,1779840
DA:52,33841
DA:56,889920
DA:57,889920
DA:58,1779840
DA:62,889920
DA:63,0
DA:66,889920
DA:67,4800
DA:70,889920
DA:71,889920
DA:74,889920
DA:77,0
DA:78,0
DA:79,0
DA:85,889920
DA:87,3492000
DA:88,856083
DA:94,3559680
DA:95,1779840
DA:96,1779840
DA:97,3559680
DA:102,1779840
DA:104,1779840
DA:105,889920
DA:106,2669760
DA:109,889920
DA:110,889920
DA:111,894720
DA:112,4449600
DA:114,3559680
DA:115,889920
LF:52
LH:47
end_of_record
TN:
SF:/home/runner/work/raccoon/raccoon/src/materials/nucleation_models/NucleationMicroForceBase.C
FN:9,_ZN24NucleationMicroForceBase11validParamsEv
FN:35,_ZN24NucleationMicroForceBaseC2ERK15InputParameters
FNDA:18,_ZN24NucleationMicroForceBaseC2ERK15InputParameters
FNDA:432,_ZN24NucleationMicroForceBase11validParamsEv
FNF:2
FNH:2
DA:9,432
DA:11,432
DA:12,432
DA:15,864
DA:17,864
DA:19,864
DA:21,864
DA:22,864
DA:23,864
DA:25,864
DA:26,864
DA:30,864
DA:31,864
DA:32,432
DA:33,0
DA:35,18
DA:38,54
DA:39,54
DA:40,54
DA:41,54
DA:42,54
DA:43,54
DA:44,36
DA:45,18
DA:46,36
DA:47,18
DA:48,18
DA:49,72
DA:51,36
LF:29
LH:28
end_of_record
TN:
SF:/home/runner/work/raccoon/raccoon/src/materials/pff_constitutive_functions/CrackGeometricFunction.C
FN:10,_ZN22CrackGeometricFunction11validParamsEv
FN:43,_ZN22CrackGeometricFunctionC2ERK15InputParameters
FN:58,_ZN22CrackGeometricFunction28computeNormalizationConstantEv
FN:97,_ZN22CrackGeometricFunction22normalizationIntegrandERKN11MetaPhysicL10DualNumberIdNS0_35SemiDynamicSparseNumberArrayGenericIdmNS0_8NWrapperILm64EEENS0_19DynamicArrayWrapperISt5arraydLm64EEEEELb1EEE
FN:104,_ZN22CrackGeometricFunction19computeQpPropertiesEv
FNDA:15415905,_ZN22CrackGeometricFunction19computeQpPropertiesEv
FNDA:340,_ZN22CrackGeometricFunction11validParamsEv
FNDA:12284625,_ZN22CrackGeometricFunction22normalizationIntegrandERKN11MetaPhysicL10DualNumberIdNS0_35SemiDynamicSparseNumberArrayGenericIdmNS0_8NWrapperILm64EEENS0_19DynamicArrayWrapperISt5arraydLm64EEEEELb1EEE
FNDA:153,_ZN22CrackGeometricFunction28computeNormalizationConstantEv
FNDA:153,_ZN22CrackGeometricFunctionC2ERK15InputParameters
FNF:5
FNH:5
DA:10,340
DA:12,340
DA:13,340
DA:18,340
DA:19,680
DA:21,340
DA:22,340
DA:24,680
DA:29,680
DA:34,680
DA:35,680
DA:36,680
DA:37,680
DA:40,340
DA:41,0
DA:43,153
DA:45,306
DA:46,306
DA:47,306
DA:48,306
DA:49,459
DA:52,153
DA:53,153
DA:54,153
DA:55,153
DA:58,153
DA:62,153
DA:63,153
DA:64,153
DA:66,2457078
DA:68,2456925
DA:71,2456925
DA:72,2456925
DA:73,2456925
DA:75,2456925
DA:77,2456925
DA:78,2456925
DA:80,2456925
DA:86,1228386
DA:89,2456925
DA:90,0
DA:93,153
DA:97,12284625
DA:99,12284625
DA:100,12284625
DA:104,15415905
DA:106,15415905
DA:107,15415905
DA:109,15415905
DA:110,15415905
LF:50
LH:48
end_of_record
TN:
SF:/home/runner/work/raccoon/raccoon/src/materials/pff_constitutive_functions/CustomParsedFunctionBase.C
FN:8,_ZN24CustomParsedFunctionBase11validParamsEv
FN:24,_ZN24CustomParsedFunctionBaseC2ERK15InputParameters
FNDA:1004,_ZN24CustomParsedFunctionBase11validParamsEv
FNDA:345,_ZN24CustomParsedFunctionBaseC2ERK15InputParameters
FNF:2
FNH:2
DA:8,1004
DA:10,1004
DA:11,2008
DA:12,1004
DA:13,1004
DA:15,1004
DA:16,1004
DA:17,1004
DA:19,1004
DA:21,1004
DA:22,0
DA:24,345
DA:26,345
DA:27,690
DA:28,690
DA:29,1380
DA:32,345
DA:36,345
DA:37,345
DA:38,345
LF:20
LH:19
end_of_record
TN:
SF:/home/runner/work/raccoon/raccoon/src/materials/pff_constitutive_functions/DegradationFunctionBase.C
FN:8,_ZN23DegradationFunctionBase11validParamsEv
FN:20,_ZN23DegradationFunctionBaseC2ERK15InputParameters
FNDA:664,_ZN23DegradationFunctionBase11validParamsEv
FNDA:192,_ZN23DegradationFunctionBaseC2ERK15InputParameters
FNF:2
FNH:2
DA:8,664
DA:10,664
DA:12,664
DA:13,1328
DA:15,664
DA:16,664
DA:17,664
DA:18,0
DA:20,192
DA:21,192
DA:23,192
LF:11
LH:10
end_of_record
TN:
SF:/home/runner/work/raccoon/raccoon/src/materials/pff_constitutive_functions/NoDegradation.C
FN:10,_ZN13NoDegradation11validParamsEv
FN:20,_ZN13NoDegradationC2ERK15InputParameters
FNDA:21,_ZN13NoDegradationC2ERK15InputParameters
FNDA:164,_ZN13NoDegradation11validParamsEv
FNF:2
FNH:2
DA:10,164
DA:12,164
DA:13,164
DA:15,164
DA:17,164
DA:18,0
DA:20,21
DA:21,21
DA:23,21
LF:9
LH:8
end_of_record
TN:
SF:/home/runner/work/raccoon/raccoon/src/materials/pff_constitutive_functions/PowerDegradationFunction.C
FN:10,_ZN24PowerDegradationFunction11validParamsEv
FN:21,_ZN24PowerDegradationFunctionC2ERK15InputParameters
FNDA:208,_ZN24PowerDegradationFunction11validParamsEv
FNDA:54,_ZN24PowerDegradationFunctionC2ERK15InputParameters
FNF:2
FNH:2
DA:10,208
DA:12,208
DA:13,208
DA:16,208
DA:17,832
DA:18,208
DA:19,208
DA:21,54
DA:22,54
DA:24,54
LF:10
LH:10
end_of_record
TN:
SF:/home/runner/work/raccoon/raccoon/src/materials/pff_constitutive_functions/RationalDegradationFunction.C
FN:10,_ZN27RationalDegradationFunction11validParamsEv
FN:27,_ZN27RationalDegradationFunctionC2ERK15InputParameters
FNDA:117,_ZN27RationalDegradationFunctionC2ERK15InputParameters
FNDA:292,_ZN27RationalDegradationFunction11validParamsEv
FNF:2
FNH:2
DA:10,292
DA:12,292
DA:13,292
DA:20,292
DA:22,1752
DA:23,2044
DA:24,292
DA:25,584
DA:27,117
DA:28,117
DA:30,117
LF:11
LH:11
end_of_record
TN:
SF:/home/runner/work/raccoon/raccoon/src/materials/small_deformation_models/ComputeSmallDeformationStress.C
FN:12,_ZN29ComputeSmallDeformationStress11validParamsEv
FN:27,_ZN29ComputeSmallDeformationStressC2ERK15InputParameters
FN:38,_ZN29ComputeSmallDeformationStress12initialSetupEv
FN:56,_ZN29ComputeSmallDeformationStress24initQpStatefulPropertiesEv
FN:62,_ZN29ComputeSmallDeformationStress19computeQpPropertiesEv
FNDA:10835148,_ZN29ComputeSmallDeformationStress19computeQpPropertiesEv
FNDA:236,_ZN29ComputeSmallDeformationStress11validParamsEv
FNDA:75,_ZN29ComputeSmallDeformationStressC2ERK15InputParameters
FNDA:75,_ZN29ComputeSmallDeformationStress12initialSetupEv
FNDA:0,_ZN29ComputeSmallDeformationStress24initQpStatefulPropertiesEv
FNF:5
FNH:4
DA:12,236
DA:14,236
DA:15,236
DA:16,236
DA:19,472
DA:21,472
DA:23,236
DA:24,236
DA:25,0
DA:27,75
DA:30,150
DA:31,150
DA:33,150
DA:34,0
DA:35,75
DA:38,75
DA:40,75
DA:41,75
DA:42,75
DA:43,0
DA:44,0
DA:47,75
DA:48,75
DA:49,150
DA:51,75
DA:52,6
DA:53,75
DA:56,0
DA:58,0
DA:59,0
DA:62,10835148
DA:64,10835148
DA:65,10835148
DA:66,10835148
LF:34
LH:27
end_of_record
TN:
SF:/home/runner/work/raccoon/raccoon/src/materials/small_deformation_models/SmallDeformationElasticityModel.C
FN:9,_ZN31SmallDeformationElasticityModel11validParamsEv
FN:20,_ZN31SmallDeformationElasticityModelC2ERK15InputParameters
FN:29,_ZN31SmallDeformationElasticityModel5setQpEj
FN:37,_ZN31SmallDeformationElasticityModel18setPlasticityModelEP31SmallDeformationPlasticityModel
FN:45,_ZN31SmallDeformationElasticityModel24initQpStatefulPropertiesEv
FN:51,_ZN31SmallDeformationElasticityModel11updateStateERK18RankTwoTensorTemplIN11MetaPhysicL10DualNumberIdNS1_35SemiDynamicSparseNumberArrayGenericIdmNS1_8NWrapperILm64EEENS1_19DynamicArrayWrapperISt5arraydLm64EEEEELb1EEEERSB_
FNDA:0,_ZN31SmallDeformationElasticityModel24initQpStatefulPropertiesEv
FNDA:6,_ZN31SmallDeformationElasticityModel18setPlasticityModelEP31SmallDeformationPlasticityModel
FNDA:10835148,_ZN31SmallDeformationElasticityModel5setQpEj
FNDA:75,_ZN31SmallDeformationElasticityModelC2ERK15InputParameters
FNDA:10835148,_ZN31SmallDeformationElasticityModel11updateStateERK18RankTwoTensorTemplIN11MetaPhysicL10DualNumberIdNS1_35SemiDynamicSparseNumberArrayGenericIdmNS1_8NWrapperILm64EEENS1_19DynamicArrayWrapperISt5arraydLm64EEEEELb1EEEERSB_
FNDA:236,_ZN31SmallDeformationElasticityModel11validParamsEv
FNF:6
FNH:5
DA:9,236
DA:11,236
DA:12,236
DA:14,236
DA:15,236
DA:17,236
DA:18,0
DA:20,75
DA:23,75
DA:24,75
DA:26,75
DA:29,10835148
DA:31,10835148
DA:32,10835148
DA:33,123792
DA:34,10835148
DA:37,6
DA:40,6
DA:41,6
DA:42,6
DA:45,0
DA:47,0
DA:48,0
DA:51,10835148
DA:54,10835148
DA:56,10835148
DA:57,123792
DA:59,21422712
DA:60,10835148
LF:29
LH:25
end_of_record
TN:
SF:/home/runner/work/raccoon/raccoon/src/materials/small_deformation_models/SmallDeformationIsotropicElasticity.C
FN:11,_ZN35SmallDeformationIsotropicElasticity11validParamsEv
FN:31,_ZN35SmallDeformationIsotropicElasticityC2ERK15InputParameters
FN:56,_ZN35SmallDeformationIsotropicElasticity13computeStressERK18RankTwoTensorTemplIN11MetaPhysicL10DualNumberIdNS1_35SemiDynamicSparseNumberArrayGenericIdmNS1_8NWrapperILm64EEENS1_19DynamicArrayWrapperISt5arraydLm64EEEEELb1EEEE
FN:73,_ZN35SmallDeformationIsotropicElasticity28computeStressNoDecompositionERK18RankTwoTensorTemplIN11MetaPhysicL10DualNumberIdNS1_35SemiDynamicSparseNumberArrayGenericIdmNS1_8NWrapperILm64EEENS1_19DynamicArrayWrapperISt5arraydLm64EEEEELb1EEEE
FN:87,_ZN35SmallDeformationIsotropicElasticity34computeStressSpectralDecompositionERK18RankTwoTensorTemplIN11MetaPhysicL10DualNumberIdNS1_35SemiDynamicSparseNumberArrayGenericIdmNS1_8NWrapperILm64EEENS1_19DynamicArrayWrapperISt5arraydLm64EEEEELb1EEEE
FN:117,_ZN35SmallDeformationIsotropicElasticity32computeStressVolDevDecompositionERK18RankTwoTensorTemplIN11MetaPhysicL10DualNumberIdNS1_35SemiDynamicSparseNumberArrayGenericIdmNS1_8NWrapperILm64EEENS1_19DynamicArrayWrapperISt5arraydLm64EEEEELb1EEEE
FNDA:9113842,_ZN35SmallDeformationIsotropicElasticity28computeStressNoDecompositionERK18RankTwoTensorTemplIN11MetaPhysicL10DualNumberIdNS1_35SemiDynamicSparseNumberArrayGenericIdmNS1_8NWrapperILm64EEENS1_19DynamicArrayWrapperISt5arraydLm64EEEEELb1EEEE
FNDA:1582772,_ZN35SmallDeformationIsotropicElasticity34computeStressSpectralDecompositionERK18RankTwoTensorTemplIN11MetaPhysicL10DualNumberIdNS1_35SemiDynamicSparseNumberArrayGenericIdmNS1_8NWrapperILm64EEENS1_19DynamicArrayWrapperISt5arraydLm64EEEEELb1EEEE
FNDA:75,_ZN35SmallDeformationIsotropicElasticityC2ERK15InputParameters
FNDA:236,_ZN35SmallDeformationIsotropicElasticity11validParamsEv
FNDA:11083926,_ZN35SmallDeformationIsotropicElasticity13computeStressERK18RankTwoTensorTemplIN11MetaPhysicL10DualNumberIdNS1_35SemiDynamicSparseNumberArrayGenericIdmNS1_8NWrapperILm64EEENS1_19DynamicArrayWrapperISt5arraydLm64EEEEELb1EEEE
FNDA:387312,_ZN35SmallDeformationIsotropicElasticity32computeStressVolDevDecompositionERK18RankTwoTensorTemplIN11MetaPhysicL10DualNumberIdNS1_35SemiDynamicSparseNumberArrayGenericIdmNS1_8NWrapperILm64EEENS1_19DynamicArrayWrapperISt5arraydLm64EEEEELb1EEEE
FNF:6
FNH:6
DA:11,236
DA:13,236
DA:14,236
DA:16,472
DA:17,472
DA:19,472
DA:20,472
DA:24,472
DA:25,472
DA:26,708
DA:28,236
DA:29,0
DA:31,75
DA:32,75
DA:35,225
DA:36,150
DA:38,150
DA:41,75
DA:42,75
DA:43,75
DA:44,150
DA:47,75
DA:48,75
DA:49,225
DA:51,225
DA:53,225
DA:56,11083926
DA:58,11083926
DA:60,11083926
DA:61,18227684
DA:62,1970084
DA:63,3165544
DA:64,387312
DA:65,774624
DA:67,0
DA:69,11083926
DA:73,9113842
DA:75,9113842
DA:76,36455368
DA:77,9113842
DA:79,18227684
DA:80,18227684
DA:81,18227684
DA:83,9113842
DA:87,1582772
DA:90,3165544
DA:91,1582772
DA:92,1582772
DA:93,1582772
DA:96,1582772
DA:99,6331088
DA:100,3165544
DA:101,1582772
DA:102,1582772
DA:106,3165544
DA:107,3165544
DA:108,3165544
DA:110,3165544
DA:111,3165544
DA:113,1582772
DA:117,387312
DA:120,387312
DA:123,387312
DA:124,387312
DA:126,387312
DA:129,1549248
DA:130,387312
DA:131,387312
DA:132,387312
DA:136,774624
DA:137,774624
DA:138,387312
DA:139,774624
DA:140,774624
DA:142,387312
LF:75
LH:73
end_of_record
TN:
SF:/home/runner/work/raccoon/raccoon/src/materials/small_deformation_models/SmallDeformationJ2Plasticity.C
FN:10,_ZN28SmallDeformationJ2Plasticity11validParamsEv
FN:18,_ZN28SmallDeformationJ2PlasticityC2ERK15InputParameters
FN:24,_ZN28SmallDeformationJ2Plasticity11updateStateER18RankTwoTensorTemplIN11MetaPhysicL10DualNumberIdNS1_35SemiDynamicSparseNumberArrayGenericIdmNS1_8NWrapperILm64EEENS1_19DynamicArrayWrapperISt5arraydLm64EEEEELb1EEEESC_
FN:56,_ZN28SmallDeformationJ2Plasticity24computeReferenceResidualERKN11MetaPhysicL10DualNumberIdNS0_35SemiDynamicSparseNumberArrayGenericIdmNS0_8NWrapperILm64EEENS0_19DynamicArrayWrapperISt5arraydLm64EEEEELb1EEESB_
FN:65,_ZN28SmallDeformationJ2Plasticity15computeResidualERKN11MetaPhysicL10DualNumberIdNS0_35SemiDynamicSparseNumberArrayGenericIdmNS0_8NWrapperILm64EEENS0_19DynamicArrayWrapperISt5arraydLm64EEEEELb1EEESB_
FN:74,_ZN28SmallDeformationJ2Plasticity17computeDerivativeERKN11MetaPhysicL10DualNumberIdNS0_35SemiDynamicSparseNumberArrayGenericIdmNS0_8NWrapperILm64EEENS0_19DynamicArrayWrapperISt5arraydLm64EEEEELb1EEESB_
FNDA:6,_ZN28SmallDeformationJ2PlasticityC2ERK15InputParameters
FNDA:398,_ZN28SmallDeformationJ2Plasticity17computeDerivativeERKN11MetaPhysicL10DualNumberIdNS0_35SemiDynamicSparseNumberArrayGenericIdmNS0_8NWrapperILm64EEENS0_19DynamicArrayWrapperISt5arraydLm64EEEEELb1EEESB_
FNDA:124190,_ZN28SmallDeformationJ2Plasticity15computeResidualERKN11MetaPhysicL10DualNumberIdNS0_35SemiDynamicSparseNumberArrayGenericIdmNS0_8NWrapperILm64EEENS0_19DynamicArrayWrapperISt5arraydLm64EEEEELb1EEESB_
FNDA:144,_ZN28SmallDeformationJ2Plasticity11validParamsEv
FNDA:123792,_ZN28SmallDeformationJ2Plasticity11updateStateER18RankTwoTensorTemplIN11MetaPhysicL10DualNumberIdNS1_35SemiDynamicSparseNumberArrayGenericIdmNS1_8NWrapperILm64EEENS1_19DynamicArrayWrapperISt5arraydLm64EEEEELb1EEEESC_
FNDA:398,_ZN28SmallDeformationJ2Plasticity24computeReferenceResidualERKN11MetaPhysicL10DualNumberIdNS0_35SemiDynamicSparseNumberArrayGenericIdmNS0_8NWrapperILm64EEENS0_19DynamicArrayWrapperISt5arraydLm64EEEEELb1EEESB_
FNF:6
FNH:6
DA:10,144
DA:12,144
DA:13,144
DA:15,144
DA:16,0
DA:18,6
DA:19,6
DA:21,6
DA:24,123792
DA:29,123792
DA:30,123792
DA:31,123792
DA:35,123792
DA:36,123792
DA:37,123792
DA:38,41360
DA:39,247584
DA:40,247584
DA:43,123792
DA:44,123792
DA:45,134
DA:46,247584
DA:47,123792
DA:50,247584
DA:51,123792
DA:52,123792
DA:53,123792
DA:56,398
DA:60,398
DA:61,1194
DA:65,124190
DA:68,124190
DA:69,248380
DA:70,372570
DA:74,398
DA:77,398
DA:78,796
LF:37
LH:36
end_of_record
TN:
SF:/home/runner/work/raccoon/raccoon/src/materials/small_deformation_models/SmallDeformationPlasticityModel.C
FN:9,_ZN31SmallDeformationPlasticityModel11validParamsEv
FN:23,_ZN31SmallDeformationPlasticityModelC2ERK15InputParameters
FN:37,_ZN31SmallDeformationPlasticityModel12initialSetupEv
FN:47,_ZN31SmallDeformationPlasticityModel5setQpEj
FN:54,_ZN31SmallDeformationPlasticityModel18setElasticityModelEP31SmallDeformationElasticityModel
FN:61,_ZN31SmallDeformationPlasticityModel24initQpStatefulPropertiesEv
FNDA:6,_ZN31SmallDeformationPlasticityModel18setElasticityModelEP31SmallDeformationElasticityModel
FNDA:144,_ZN31SmallDeformationPlasticityModel11validParamsEv
FNDA:11508,_ZN31SmallDeformationPlasticityModel24initQpStatefulPropertiesEv
FNDA:6,_ZN31SmallDeformationPlasticityModel12initialSetupEv
FNDA:6,_ZN31SmallDeformationPlasticityModelC2ERK15InputParameters
FNDA:123792,_ZN31SmallDeformationPlasticityModel5setQpEj
FNF:6
FNH:6
DA:9,144
DA:11,144
DA:12,144
DA:13,144
DA:15,288
DA:17,144
DA:18,144
DA:20,144
DA:21,0
DA:23,6
DA:27,12
DA:28,6
DA:29,12
DA:30,12
DA:31,18
DA:32,12
DA:34,6
DA:37,6
DA:39,6
DA:40,6
DA:41,0
DA:42,0
DA:43,0
DA:44,6
DA:47,123792
DA:49,123792
DA:50,123792
DA:51,123792
DA:54,6
DA:57,6
DA:58,6
DA:61,11508
DA:63,11508
DA:64,11508
DA:65,11508
LF:35
LH:31
end_of_record
TN:
SF:/home/runner/work/raccoon/raccoon/src/postprocessors/ExternalWork.C
FN:10,_ZN12ExternalWork11validParamsEv
FN:25,_ZN12ExternalWorkC2ERK15InputParameters
FN:42,_ZN12ExternalWork10initializeEv
FN:48,_ZN12ExternalWork7executeEv
FN:54,_ZN12ExternalWork14computeQpValueEv
FN:63,_ZNK12ExternalWork8getValueEv
FN:69,_ZN12ExternalWork8finalizeEv
FN:75,_ZN12ExternalWork10threadJoinERK10UserObject
FNDA:1,_ZN12ExternalWorkC2ERK15InputParameters
FNDA:200,_ZN12ExternalWork10initializeEv
FNDA:200,_ZN12ExternalWork8finalizeEv
FNDA:200,_ZNK12ExternalWork8getValueEv
FNDA:138,_ZN12ExternalWork11validParamsEv
FNDA:800,_ZN12ExternalWork14computeQpValueEv
FNDA:0,_ZN12ExternalWork10threadJoinERK10UserObject
FNDA:800,_ZN12ExternalWork7executeEv
FNF:8
FNH:7
DA:10,138
DA:12,138
DA:13,138
DA:17,276
DA:19,276
DA:22,138
DA:23,0
DA:25,1
DA:27,1
DA:28,1
DA:29,1
DA:30,1
DA:31,1
DA:32,2
DA:34,1
DA:35,0
DA:37,1
DA:38,0
DA:39,1
DA:42,200
DA:44,200
DA:45,200
DA:48,800
DA:50,800
DA:51,800
DA:54,800
DA:56,800
DA:57,800
DA:59,800
DA:63,200
DA:65,200
DA:69,200
DA:71,200
DA:72,200
DA:75,0
DA:78,0
DA:79,0
LF:37
LH:31
end_of_record
TN:
SF:/home/runner/work/raccoon/raccoon/src/postprocessors/KineticEnergy.C
FN:10,_ZN13KineticEnergy11validParamsEv
FN:25,_ZN13KineticEnergyC2ERK15InputParameters
FN:37,_ZN13KineticEnergy17computeQpIntegralEv
FNDA:136,_ZN13KineticEnergy11validParamsEv
FNDA:0,_ZN13KineticEnergyC2ERK15InputParameters
FNDA:0,_ZN13KineticEnergy17computeQpIntegralEv
FNF:3
FNH:1
DA:10,136
DA:12,136
DA:13,136
DA:14,136
DA:18,272
DA:20,272
DA:22,136
DA:23,0
DA:25,0
DA:28,0
DA:29,0
DA:30,0
DA:32,0
DA:33,0
DA:34,0
DA:37,0
DA:39,0
DA:40,0
LF:18
LH:7
end_of_record
TN:
SF:/home/runner/work/raccoon/raccoon/src/postprocessors/LargeDeformationJIntegral.C
FN:10,_ZN25LargeDeformationJIntegral11validParamsEv
FN:23,_ZN25LargeDeformationJIntegralC2ERK15InputParameters
FN:35,_ZN25LargeDeformationJIntegral17computeQpIntegralEv
FNDA:0,_ZN25LargeDeformationJIntegralC2ERK15InputParameters
FNDA:136,_ZN25LargeDeformationJIntegral11validParamsEv
FNDA:0,_ZN25LargeDeformationJIntegral17computeQpIntegralEv
FNF:3
FNH:1
DA:10,136
DA:12,136
DA:13,136
DA:14,136
DA:17,272
DA:18,272
DA:20,136
DA:21,0
DA:23,0
DA:26,0
DA:27,0
DA:28,0
DA:29,0
DA:30,0
DA:32,0
DA:35,0
DA:37,0
DA:38,0
DA:39,0
DA:40,0
DA:41,0
LF:21
LH:7
end_of_record
TN:
SF:/home/runner/work/raccoon/raccoon/src/postprocessors/PhaseFieldJIntegral.C
FN:10,_ZN19PhaseFieldJIntegral11validParamsEv
FN:25,_ZN19PhaseFieldJIntegralC2ERK15InputParameters
FN:40,_ZN19PhaseFieldJIntegral17computeQpIntegralEv
FNDA:15624,_ZN19PhaseFieldJIntegral17computeQpIntegralEv
FNDA:148,_ZN19PhaseFieldJIntegral11validParamsEv
FNDA:6,_ZN19PhaseFieldJIntegralC2ERK15InputParameters
FNF:3
FNH:3
DA:10,148
DA:12,148
DA:13,148
DA:14,148
DA:15,296
DA:16,296
DA:19,296
DA:22,148
DA:23,0
DA:25,6
DA:28,18
DA:29,12
DA:30,6
DA:31,6
DA:32,18
DA:35,12
DA:36,6
DA:37,6
DA:40,15624
DA:43,15624
DA:44,15624
DA:45,31248
DA:46,15624
DA:47,15624
LF:24
LH:23
end_of_record
TN:
SF:/home/runner/work/raccoon/raccoon/src/postprocessors/SolutionChangeNorm.C
FN:11,_ZN18SolutionChangeNorm11validParamsEv
FN:21,_ZN18SolutionChangeNormC2ERK15InputParameters
FN:29,_ZNK18SolutionChangeNorm8getValueEv
FN:35,_ZN18SolutionChangeNorm17computeQpIntegralEv
FNDA:1,_ZN18SolutionChangeNormC2ERK15InputParameters
FNDA:39,_ZNK18SolutionChangeNorm8getValueEv
FNDA:1560000,_ZN18SolutionChangeNorm17computeQpIntegralEv
FNDA:138,_ZN18SolutionChangeNorm11validParamsEv
FNF:4
FNH:4
DA:11,138
DA:13,138
DA:14,138
DA:16,276
DA:18,138
DA:19,0
DA:21,1
DA:23,1
DA:24,2
DA:26,1
DA:29,39
DA:31,39
DA:35,1560000
DA:38,3120000
DA:39,1560000
DA:40,1560000
LF:16
LH:15
end_of_record
TN:
SF:/home/runner/work/raccoon/raccoon/src/utils/RaccoonUtils.C
FN:14,_ZN12RaccoonUtils8MacaulayEN11MetaPhysicL10DualNumberIdNS0_35SemiDynamicSparseNumberArrayGenericIdmNS0_8NWrapperILm64EEENS0_19DynamicArrayWrapperISt5arraydLm64EEEEELb1EEEb
FN:23,_ZN12RaccoonUtils8MacaulayERKSt6vectorIN11MetaPhysicL10DualNumberIdNS1_35SemiDynamicSparseNumberArrayGenericIdmNS1_8NWrapperILm64EEENS1_19DynamicArrayWrapperISt5arraydLm64EEEEELb1EEESaISA_EEb
FN:32,_ZN12RaccoonUtils21spectralDecompositionERK18RankTwoTensorTemplIN11MetaPhysicL10DualNumberIdNS1_35SemiDynamicSparseNumberArrayGenericIdmNS1_8NWrapperILm64EEENS1_19DynamicArrayWrapperISt5arraydLm64EEEEELb1EEEE
FN:44,_ZN12RaccoonUtils3logERK18RankTwoTensorTemplIN11MetaPhysicL10DualNumberIdNS1_35SemiDynamicSparseNumberArrayGenericIdmNS1_8NWrapperILm64EEENS1_19DynamicArrayWrapperISt5arraydLm64EEEEELb1EEEE
FN:57,_ZN12RaccoonUtils3expERK18RankTwoTensorTemplIN11MetaPhysicL10DualNumberIdNS1_35SemiDynamicSparseNumberArrayGenericIdmNS1_8NWrapperILm64EEENS1_19DynamicArrayWrapperISt5arraydLm64EEEEELb1EEEE
FNDA:473464,_ZN12RaccoonUtils3logERK18RankTwoTensorTemplIN11MetaPhysicL10DualNumberIdNS1_35SemiDynamicSparseNumberArrayGenericIdmNS1_8NWrapperILm64EEENS1_19DynamicArrayWrapperISt5arraydLm64EEEEELb1EEEE
FNDA:6718400,_ZN12RaccoonUtils8MacaulayEN11MetaPhysicL10DualNumberIdNS0_35SemiDynamicSparseNumberArrayGenericIdmNS0_8NWrapperILm64EEENS0_19DynamicArrayWrapperISt5arraydLm64EEEEELb1EEEb
FNDA:214592,_ZN12RaccoonUtils3expERK18RankTwoTensorTemplIN11MetaPhysicL10DualNumberIdNS1_35SemiDynamicSparseNumberArrayGenericIdmNS1_8NWrapperILm64EEENS1_19DynamicArrayWrapperISt5arraydLm64EEEEELb1EEEE
FNDA:1582772,_ZN12RaccoonUtils21spectralDecompositionERK18RankTwoTensorTemplIN11MetaPhysicL10DualNumberIdNS1_35SemiDynamicSparseNumberArrayGenericIdmNS1_8NWrapperILm64EEENS1_19DynamicArrayWrapperISt5arraydLm64EEEEELb1EEEE
FNDA:1582772,_ZN12RaccoonUtils8MacaulayERKSt6vectorIN11MetaPhysicL10DualNumberIdNS1_35SemiDynamicSparseNumberArrayGenericIdmNS1_8NWrapperILm64EEENS1_19DynamicArrayWrapperISt5arraydLm64EEEEELb1EEESaISA_EEb
FNF:5
FNH:5
DA:14,6718400
DA:17,6718400
DA:18,0
DA:19,20155200
DA:23,1582772
DA:25,1582772
DA:26,6331088
DA:27,4748316
DA:28,1582772
DA:32,1582772
DA:34,1582772
DA:35,1582772
DA:36,1582772
DA:38,1582772
DA:39,1582772
DA:40,1582772
DA:44,473464
DA:48,473464
DA:49,473464
DA:50,1893856
DA:51,1420392
DA:52,473464
DA:53,473464
DA:57,214592
DA:61,214592
DA:62,214592
DA:63,858368
DA:64,643776
DA:65,214592
DA:66,214592
LF:30
LH:29
end_of_record
